#
# There is insufficient memory for the Java Runtime Environment to continue.
# Native memory allocation (malloc) failed to allocate 1908736 bytes. Error detail: Chunk::new
# Possible reasons:
#   The system is out of physical RAM or swap space
#   This process is running with CompressedOops enabled, and the Java Heap may be blocking the growth of the native heap
# Possible solutions:
#   Reduce memory load on the system
#   Increase physical memory or swap space
#   Check if swap backing store is full
#   Decrease Java heap size (-Xmx/-Xms)
#   Decrease number of Java threads
#   Decrease Java thread stack sizes (-Xss)
#   Set larger code cache with -XX:ReservedCodeCacheSize=
#   JVM is running with Unscaled Compressed Oops mode in which the Java heap is
#     placed in the first 4GB address space. The Java Heap base address is the
#     maximum limit for the native heap growth. Please use -XX:HeapBaseMinAddress
#     to set the Java Heap base and to place the Java Heap above 4GB virtual address.
# This output file may be truncated or incomplete.
#
#  Out of Memory Error (arena.cpp:168), pid=18304, tid=3300
#
# JRE version: OpenJDK Runtime Environment Temurin-21.0.8+9 (21.0.8+9) (build 21.0.8+9-LTS)
# Java VM: OpenJDK 64-Bit Server VM Temurin-21.0.8+9 (21.0.8+9-LTS, mixed mode, sharing, tiered, compressed oops, compressed class ptrs, parallel gc, windows-amd64)
# No core dump will be written. Minidumps are not enabled by default on client versions of Windows
#

---------------  S U M M A R Y ------------

Command Line: --add-modules=ALL-SYSTEM --add-opens=java.base/java.util=ALL-UNNAMED --add-opens=java.base/java.lang=ALL-UNNAMED --add-opens=java.base/sun.nio.fs=ALL-UNNAMED -Declipse.application=org.eclipse.jdt.ls.core.id1 -Dosgi.bundles.defaultStartLevel=4 -Declipse.product=org.eclipse.jdt.ls.core.product -Djava.import.generatesMetadataFilesAtProjectRoot=false -DDetectVMInstallationsJob.disabled=true -Dfile.encoding=utf8 -XX:+UseParallelGC -XX:GCTimeRatio=4 -XX:AdaptiveSizePolicyWeight=90 -Dsun.zip.disableMemoryMapping=true -Xmx2G -Xms100m -Xlog:disable -javaagent:c:\Users\narendra\.vscode\extensions\redhat.java-1.44.0-win32-x64\lombok\lombok-1.18.39-4050.jar -XX:+HeapDumpOnOutOfMemoryError -XX:HeapDumpPath=c:\Users\narendra\AppData\Roaming\Code\User\workspaceStorage\6feff0a632fff3dcab2f0f7fe0a67b9f\redhat.java -Daether.dependencyCollector.impl=bf c:\Users\narendra\.vscode\extensions\redhat.java-1.44.0-win32-x64\server\plugins\org.eclipse.equinox.launcher_1.7.0.v20250519-0528.jar -configuration c:\Users\narendra\AppData\Roaming\Code\User\globalStorage\redhat.java\1.44.0\config_win -data c:\Users\narendra\AppData\Roaming\Code\User\workspaceStorage\6feff0a632fff3dcab2f0f7fe0a67b9f\redhat.java\jdt_ws --pipe=\\.\pipe\lsp-82a36c236bde64045bff744b712dc239-sock

Host: Intel(R) Core(TM) i5-9300H CPU @ 2.40GHz, 8 cores, 7G,  Windows 11 , 64 bit Build 22621 (10.0.22621.4387)
Time: Thu Aug 21 15:31:02 2025 India Standard Time elapsed time: 14.433581 seconds (0d 0h 0m 14s)

---------------  T H R E A D  ---------------

Current thread (0x000001d59acd47a0):  JavaThread "C2 CompilerThread1" daemon [_thread_in_native, id=3300, stack(0x0000002ad6400000,0x0000002ad6500000) (1024K)]


Current CompileTask:
C2:14433 8727 %     4       org.eclipse.jdt.internal.core.search.indexing.BinaryIndexer::extractReferenceFromConstantPool @ 155 (358 bytes)

Stack: [0x0000002ad6400000,0x0000002ad6500000]
Native frames: (J=compiled Java code, j=interpreted, Vv=VM code, C=native code)
V  [jvm.dll+0x6d2449]
V  [jvm.dll+0x8ae341]
V  [jvm.dll+0x8b08be]
V  [jvm.dll+0x8b0fa3]
V  [jvm.dll+0x280c96]
V  [jvm.dll+0xc581d]
V  [jvm.dll+0xc5d53]
V  [jvm.dll+0x3b919c]
V  [jvm.dll+0x1e1409]
V  [jvm.dll+0x249022]
V  [jvm.dll+0x2484af]
V  [jvm.dll+0x1c89ee]
V  [jvm.dll+0x257d4d]
V  [jvm.dll+0x2562ea]
V  [jvm.dll+0x3f2d16]
V  [jvm.dll+0x857e6b]
V  [jvm.dll+0x6d0b0d]
C  [ucrtbase.dll+0x29333]
C  [KERNEL32.DLL+0x1259d]
C  [ntdll.dll+0x5af38]


---------------  P R O C E S S  ---------------

Threads class SMR info:
_java_thread_list=0x000001d5a227c0b0, length=41, elements={
0x000001d5417610f0, 0x000001d54181d5c0, 0x000001d5991c3fd0, 0x000001d5991c5df0,
0x000001d5991c6f80, 0x000001d5991c8de0, 0x000001d5991cc190, 0x000001d5991d7ca0,
0x000001d5991f9580, 0x000001d59ab94670, 0x000001d59ae00fc0, 0x000001d59f7ba900,
0x000001d59acd47a0, 0x000001d59f6d4270, 0x000001d59f8f7190, 0x000001d59f8ea100,
0x000001d59fe51d90, 0x000001d59fecb280, 0x000001d59fe6bff0, 0x000001d59fe6da30,
0x000001d59fe6b960, 0x000001d59fe6e0c0, 0x000001d59fe6e750, 0x000001d59fe6ede0,
0x000001d59fe6cd10, 0x000001d5a123c5e0, 0x000001d5a123e020, 0x000001d5a123bf50,
0x000001d5a123cc70, 0x000001d5a123e6b0, 0x000001d5a123b8c0, 0x000001d5a123ed40,
0x000001d5a123d300, 0x000001d5a123d990, 0x000001d5a12b06e0, 0x000001d5a12b4880,
0x000001d5a12b27b0, 0x000001d5a12b3b60, 0x000001d5a12af9c0, 0x000001d5a12b55a0,
0x000001d5a12b4f10
}

Java Threads: ( => current thread )
  0x000001d5417610f0 JavaThread "main"                              [_thread_blocked, id=20408, stack(0x0000002ad5700000,0x0000002ad5800000) (1024K)]
  0x000001d54181d5c0 JavaThread "Reference Handler"          daemon [_thread_blocked, id=5500, stack(0x0000002ad5b00000,0x0000002ad5c00000) (1024K)]
  0x000001d5991c3fd0 JavaThread "Finalizer"                  daemon [_thread_blocked, id=300, stack(0x0000002ad5c00000,0x0000002ad5d00000) (1024K)]
  0x000001d5991c5df0 JavaThread "Signal Dispatcher"          daemon [_thread_blocked, id=21184, stack(0x0000002ad5d00000,0x0000002ad5e00000) (1024K)]
  0x000001d5991c6f80 JavaThread "Attach Listener"            daemon [_thread_blocked, id=17012, stack(0x0000002ad5e00000,0x0000002ad5f00000) (1024K)]
  0x000001d5991c8de0 JavaThread "Service Thread"             daemon [_thread_blocked, id=21272, stack(0x0000002ad5f00000,0x0000002ad6000000) (1024K)]
  0x000001d5991cc190 JavaThread "Monitor Deflation Thread"   daemon [_thread_blocked, id=19232, stack(0x0000002ad6000000,0x0000002ad6100000) (1024K)]
  0x000001d5991d7ca0 JavaThread "C2 CompilerThread0"         daemon [_thread_in_native, id=9488, stack(0x0000002ad6100000,0x0000002ad6200000) (1024K)]
  0x000001d5991f9580 JavaThread "C1 CompilerThread0"         daemon [_thread_blocked, id=6232, stack(0x0000002ad6200000,0x0000002ad6300000) (1024K)]
  0x000001d59ab94670 JavaThread "Common-Cleaner"             daemon [_thread_blocked, id=5944, stack(0x0000002ad6300000,0x0000002ad6400000) (1024K)]
  0x000001d59ae00fc0 JavaThread "Notification Thread"        daemon [_thread_blocked, id=21488, stack(0x0000002ad6600000,0x0000002ad6700000) (1024K)]
  0x000001d59f7ba900 JavaThread "Active Thread: Equinox Container: 97aed485-d311-420b-9b3a-f2e55a7385e5"        [_thread_blocked, id=11016, stack(0x0000002ad6500000,0x0000002ad6600000) (1024K)]
=>0x000001d59acd47a0 JavaThread "C2 CompilerThread1"         daemon [_thread_in_native, id=3300, stack(0x0000002ad6400000,0x0000002ad6500000) (1024K)]
  0x000001d59f6d4270 JavaThread "Refresh Thread: Equinox Container: 97aed485-d311-420b-9b3a-f2e55a7385e5" daemon [_thread_blocked, id=13456, stack(0x0000002ad6e00000,0x0000002ad6f00000) (1024K)]
  0x000001d59f8f7190 JavaThread "Framework Event Dispatcher: Equinox Container: 97aed485-d311-420b-9b3a-f2e55a7385e5" daemon [_thread_blocked, id=12172, stack(0x0000002ad6f00000,0x0000002ad7000000) (1024K)]
  0x000001d59f8ea100 JavaThread "Start Level: Equinox Container: 97aed485-d311-420b-9b3a-f2e55a7385e5" daemon [_thread_blocked, id=2656, stack(0x0000002ad7000000,0x0000002ad7100000) (1024K)]
  0x000001d59fe51d90 JavaThread "Bundle File Closer"         daemon [_thread_blocked, id=6020, stack(0x0000002ad7100000,0x0000002ad7200000) (1024K)]
  0x000001d59fecb280 JavaThread "SCR Component Actor"        daemon [_thread_blocked, id=9116, stack(0x0000002ad7200000,0x0000002ad7300000) (1024K)]
  0x000001d59fe6bff0 JavaThread "Worker-JM"                         [_thread_blocked, id=10704, stack(0x0000002ad7400000,0x0000002ad7500000) (1024K)]
  0x000001d59fe6da30 JavaThread "JNA Cleaner"                daemon [_thread_blocked, id=10408, stack(0x0000002ad7500000,0x0000002ad7600000) (1024K)]
  0x000001d59fe6b960 JavaThread "Worker-0"                          [_thread_blocked, id=10164, stack(0x0000002ad7600000,0x0000002ad7700000) (1024K)]
  0x000001d59fe6e0c0 JavaThread "Worker-1: Refreshing workspace"        [_thread_blocked, id=8208, stack(0x0000002ad7700000,0x0000002ad7800000) (1024K)]
  0x000001d59fe6e750 JavaThread "Worker-2"                          [_thread_blocked, id=11436, stack(0x0000002ad7800000,0x0000002ad7900000) (1024K)]
  0x000001d59fe6ede0 JavaThread "Worker-3"                          [_thread_blocked, id=2284, stack(0x0000002ad7900000,0x0000002ad7a00000) (1024K)]
  0x000001d59fe6cd10 JavaThread "Java indexing"              daemon [_thread_in_Java, id=19228, stack(0x0000002ad7a00000,0x0000002ad7b00000) (1024K)]
  0x000001d5a123c5e0 JavaThread "Worker-4"                          [_thread_blocked, id=14648, stack(0x0000002ad7b00000,0x0000002ad7c00000) (1024K)]
  0x000001d5a123e020 JavaThread "Worker-5: Java indexing... "        [_thread_blocked, id=15392, stack(0x0000002ad7c00000,0x0000002ad7d00000) (1024K)]
  0x000001d5a123bf50 JavaThread "Worker-6"                          [_thread_blocked, id=776, stack(0x0000002ad7d00000,0x0000002ad7e00000) (1024K)]
  0x000001d5a123cc70 JavaThread "Thread-2"                   daemon [_thread_in_native, id=16764, stack(0x0000002ad7e00000,0x0000002ad7f00000) (1024K)]
  0x000001d5a123e6b0 JavaThread "Thread-3"                   daemon [_thread_in_native, id=6576, stack(0x0000002ad7f00000,0x0000002ad8000000) (1024K)]
  0x000001d5a123b8c0 JavaThread "Thread-4"                   daemon [_thread_in_native, id=3900, stack(0x0000002ad8000000,0x0000002ad8100000) (1024K)]
  0x000001d5a123ed40 JavaThread "Thread-5"                   daemon [_thread_in_native, id=4156, stack(0x0000002ad8100000,0x0000002ad8200000) (1024K)]
  0x000001d5a123d300 JavaThread "Thread-6"                   daemon [_thread_in_native, id=10140, stack(0x0000002ad8200000,0x0000002ad8300000) (1024K)]
  0x000001d5a123d990 JavaThread "Thread-7"                   daemon [_thread_in_native, id=21228, stack(0x0000002ad8300000,0x0000002ad8400000) (1024K)]
  0x000001d5a12b06e0 JavaThread "Thread-8"                   daemon [_thread_in_native, id=4036, stack(0x0000002ad8400000,0x0000002ad8500000) (1024K)]
  0x000001d5a12b4880 JavaThread "Thread-9"                   daemon [_thread_in_native, id=4404, stack(0x0000002ad8500000,0x0000002ad8600000) (1024K)]
  0x000001d5a12b27b0 JavaThread "Thread-10"                  daemon [_thread_in_native, id=12196, stack(0x0000002ad8600000,0x0000002ad8700000) (1024K)]
  0x000001d5a12b3b60 JavaThread "pool-2-thread-1"                   [_thread_blocked, id=10020, stack(0x0000002ad8700000,0x0000002ad8800000) (1024K)]
  0x000001d5a12af9c0 JavaThread "WorkspaceEventsHandler"            [_thread_blocked, id=14752, stack(0x0000002ad8800000,0x0000002ad8900000) (1024K)]
  0x000001d5a12b55a0 JavaThread "pool-1-thread-1"                   [_thread_blocked, id=11568, stack(0x0000002ad8900000,0x0000002ad8a00000) (1024K)]
  0x000001d5a12b4f10 JavaThread "Worker-7: Initialize Workspace"        [_thread_in_native, id=14576, stack(0x0000002ad7300000,0x0000002ad7400000) (1024K)]
Total: 41

Other Threads:
  0x000001d5991c2d60 VMThread "VM Thread"                           [id=17676, stack(0x0000002ad5a00000,0x0000002ad5b00000) (1024K)]
  0x000001d5990dca00 WatcherThread "VM Periodic Task Thread"        [id=19804, stack(0x0000002ad5900000,0x0000002ad5a00000) (1024K)]
  0x000001d54177e410 WorkerThread "GC Thread#0"                     [id=18620, stack(0x0000002ad5800000,0x0000002ad5900000) (1024K)]
  0x000001d59f34da70 WorkerThread "GC Thread#1"                     [id=16448, stack(0x0000002ad6700000,0x0000002ad6800000) (1024K)]
  0x000001d59f34de10 WorkerThread "GC Thread#2"                     [id=9752, stack(0x0000002ad6800000,0x0000002ad6900000) (1024K)]
  0x000001d59f34e1b0 WorkerThread "GC Thread#3"                     [id=19844, stack(0x0000002ad6900000,0x0000002ad6a00000) (1024K)]
  0x000001d59f34e550 WorkerThread "GC Thread#4"                     [id=9348, stack(0x0000002ad6a00000,0x0000002ad6b00000) (1024K)]
  0x000001d59f34e8f0 WorkerThread "GC Thread#5"                     [id=18956, stack(0x0000002ad6b00000,0x0000002ad6c00000) (1024K)]
  0x000001d59f34ec90 WorkerThread "GC Thread#6"                     [id=15180, stack(0x0000002ad6c00000,0x0000002ad6d00000) (1024K)]
  0x000001d59f856ba0 WorkerThread "GC Thread#7"                     [id=8820, stack(0x0000002ad6d00000,0x0000002ad6e00000) (1024K)]
Total: 10

Threads with active compile tasks:
C2 CompilerThread0  14475 8858   !   4       java.nio.file.FileTreeWalker::next (144 bytes)
C1 CompilerThread0  14475 8975       3       sun.nio.fs.WindowsPath::resolve (393 bytes)
C2 CompilerThread1  14475 8727 %     4       org.eclipse.jdt.internal.core.search.indexing.BinaryIndexer::extractReferenceFromConstantPool @ 155 (358 bytes)
Total: 3

VM state: not at safepoint (normal execution)

VM Mutex/Monitor currently owned by a thread: None

Heap address: 0x0000000080000000, size: 2048 MB, Compressed Oops mode: 32-bit

CDS archive(s) mapped at: [0x000001d558000000-0x000001d558ba0000-0x000001d558ba0000), size 12189696, SharedBaseAddress: 0x000001d558000000, ArchiveRelocationMode: 1.
Compressed class space mapped at: 0x000001d559000000-0x000001d599000000, reserved size: 1073741824
Narrow klass base: 0x000001d558000000, Narrow klass shift: 0, Narrow klass range: 0x100000000

GC Precious Log:
 CardTable entry size: 512
 CPUs: 8 total, 8 available
 Memory: 8043M
 Large Page Support: Disabled
 NUMA Support: Disabled
 Compressed Oops: Enabled (32-bit)
 Alignments: Space 512K, Generation 512K, Heap 2M
 Heap Min Capacity: 100M
 Heap Initial Capacity: 100M
 Heap Max Capacity: 2G
 Pre-touch: Disabled
 Parallel Workers: 8

Heap:
 PSYoungGen      total 15872K, used 10453K [0x00000000d5580000, 0x00000000d6800000, 0x0000000100000000)
  eden space 12800K, 59% used [0x00000000d5580000,0x00000000d5ce4848,0x00000000d6200000)
  from space 3072K, 93% used [0x00000000d6200000,0x00000000d64d0ec8,0x00000000d6500000)
  to   space 3072K, 0% used [0x00000000d6500000,0x00000000d6500000,0x00000000d6800000)
 ParOldGen       total 68608K, used 62644K [0x0000000080000000, 0x0000000084300000, 0x00000000d5580000)
  object space 68608K, 91% used [0x0000000080000000,0x0000000083d2d110,0x0000000084300000)
 Metaspace       used 49926K, committed 51072K, reserved 1114112K
  class space    used 5296K, committed 5824K, reserved 1048576K

Card table byte_map: [0x000001d541130000,0x000001d541540000] _byte_map_base: 0x000001d540d30000

Marking Bits: (ParMarkBitMap*) 0x00007ffda1aba340
 Begin Bits: [0x000001d553c00000, 0x000001d555c00000)
 End Bits:   [0x000001d555c00000, 0x000001d557c00000)

Polling page: 0x000001d540f20000

Metaspace:

Usage:
  Non-class:     43.58 MB used.
      Class:      5.17 MB used.
       Both:     48.76 MB used.

Virtual space:
  Non-class space:       64.00 MB reserved,      44.19 MB ( 69%) committed,  1 nodes.
      Class space:        1.00 GB reserved,       5.69 MB ( <1%) committed,  1 nodes.
             Both:        1.06 GB reserved,      49.88 MB (  5%) committed. 

Chunk freelists:
   Non-Class:  3.45 MB
       Class:  10.32 MB
        Both:  13.77 MB

MaxMetaspaceSize: unlimited
CompressedClassSpaceSize: 1.00 GB
Initial GC threshold: 21.00 MB
Current GC threshold: 58.38 MB
CDS: on
 - commit_granule_bytes: 65536.
 - commit_granule_words: 8192.
 - virtual_space_node_default_size: 8388608.
 - enlarge_chunks_in_place: 1.
 - use_allocation_guard: 0.


Internal statistics:

num_allocs_failed_limit: 6.
num_arena_births: 868.
num_arena_deaths: 14.
num_vsnodes_births: 2.
num_vsnodes_deaths: 0.
num_space_committed: 798.
num_space_uncommitted: 0.
num_chunks_returned_to_freelist: 20.
num_chunks_taken_from_freelist: 3120.
num_chunk_merges: 10.
num_chunk_splits: 1927.
num_chunks_enlarged: 1094.
num_inconsistent_stats: 0.

CodeHeap 'non-profiled nmethods': size=120000Kb used=3735Kb max_used=3735Kb free=116264Kb
 bounds [0x000001d54c420000, 0x000001d54c7d0000, 0x000001d553950000]
CodeHeap 'profiled nmethods': size=120000Kb used=17137Kb max_used=17137Kb free=102862Kb
 bounds [0x000001d544950000, 0x000001d545a10000, 0x000001d54be80000]
CodeHeap 'non-nmethods': size=5760Kb used=1388Kb max_used=1451Kb free=4372Kb
 bounds [0x000001d54be80000, 0x000001d54c0f0000, 0x000001d54c420000]
CodeCache: size=245760Kb, used=22260Kb, max_used=22323Kb, free=223498Kb
 total_blobs=8934, nmethods=8241, adapters=599, full_count=0
Compilation: enabled, stopped_count=0, restarted_count=0

Compilation events (20 events):
Event: 14.267 Thread 0x000001d5991f9580 nmethod 8948 0x000001d5459fd910 code [0x000001d5459fdac0, 0x000001d5459fdc98]
Event: 14.269 Thread 0x000001d5991d7ca0 nmethod 8831 0x000001d54c7c4a10 code [0x000001d54c7c4c40, 0x000001d54c7c5830]
Event: 14.270 Thread 0x000001d5991d7ca0 8858   !   4       java.nio.file.FileTreeWalker::next (144 bytes)
Event: 14.279 Thread 0x000001d5991f9580 8950       2       org.eclipse.jdt.core.Signature::encodeQualifiedName (207 bytes)
Event: 14.281 Thread 0x000001d5991f9580 nmethod 8950 0x000001d5459fdd10 code [0x000001d5459fdf40, 0x000001d5459fe648]
Event: 14.288 Thread 0x000001d5991f9580 8951       3       java.util.regex.Pattern::qtype (39 bytes)
Event: 14.288 Thread 0x000001d5991f9580 nmethod 8951 0x000001d5459feb10 code [0x000001d5459fece0, 0x000001d5459fef50]
Event: 14.292 Thread 0x000001d5991f9580 8952       3       java.util.regex.Pattern::curly (66 bytes)
Event: 14.293 Thread 0x000001d5991f9580 nmethod 8952 0x000001d5459ff010 code [0x000001d5459ff260, 0x000001d5459ffe38]
Event: 14.299 Thread 0x000001d5991f9580 8953       3       org.eclipse.jdt.internal.compiler.classfmt.InnerClassInfo::<init> (40 bytes)
Event: 14.299 Thread 0x000001d5991f9580 nmethod 8953 0x000001d545a00190 code [0x000001d545a00360, 0x000001d545a00918]
Event: 14.339 Thread 0x000001d5991f9580 8954   !   2       org.eclipse.jdt.core.Signature::getTypeParameters (313 bytes)
Event: 14.341 Thread 0x000001d5991f9580 nmethod 8954 0x000001d545a00b90 code [0x000001d545a00e60, 0x000001d545a01af0]
Event: 14.391 Thread 0x000001d5991f9580 8956   !   3       org.eclipse.jdt.internal.compiler.util.JRTUtil::getJrtSystem (72 bytes)
Event: 14.392 Thread 0x000001d5991f9580 nmethod 8956 0x000001d545a02410 code [0x000001d545a026a0, 0x000001d545a03390]
Event: 14.413 Thread 0x000001d5991f9580 8958       3       java.util.regex.Pattern$Begin::match (62 bytes)
Event: 14.413 Thread 0x000001d5991f9580 nmethod 8958 0x000001d545a03810 code [0x000001d545a039e0, 0x000001d545a03d10]
Event: 14.419 Thread 0x000001d5991f9580 8959   !   2       org.eclipse.core.internal.jobs.JobManager::select (160 bytes)
Event: 14.421 Thread 0x000001d5991f9580 nmethod 8959 0x000001d545a03e90 code [0x000001d545a04100, 0x000001d545a04838]
Event: 14.429 Thread 0x000001d5991f9580 8960       2       java.util.ArrayDeque::iterator (9 bytes)

GC Heap History (20 events):
Event: 12.617 GC heap before
{Heap before GC invocations=38 (full 2):
 PSYoungGen      total 18944K, used 18624K [0x00000000d5580000, 0x00000000d6a00000, 0x0000000100000000)
  eden space 16896K, 100% used [0x00000000d5580000,0x00000000d6600000,0x00000000d6600000)
  from space 2048K, 84% used [0x00000000d6600000,0x00000000d67b0000,0x00000000d6800000)
  to   space 2048K, 0% used [0x00000000d6800000,0x00000000d6800000,0x00000000d6a00000)
 ParOldGen       total 68608K, used 42790K [0x0000000080000000, 0x0000000084300000, 0x00000000d5580000)
  object space 68608K, 62% used [0x0000000080000000,0x00000000829c9a60,0x0000000084300000)
 Metaspace       used 47387K, committed 48576K, reserved 1114112K
  class space    used 5071K, committed 5568K, reserved 1048576K
}
Event: 12.621 GC heap after
{Heap after GC invocations=38 (full 2):
 PSYoungGen      total 16896K, used 2025K [0x00000000d5580000, 0x00000000d6e00000, 0x0000000100000000)
  eden space 14848K, 0% used [0x00000000d5580000,0x00000000d5580000,0x00000000d6400000)
  from space 2048K, 98% used [0x00000000d6800000,0x00000000d69fa570,0x00000000d6a00000)
  to   space 4096K, 0% used [0x00000000d6400000,0x00000000d6400000,0x00000000d6800000)
 ParOldGen       total 68608K, used 44387K [0x0000000080000000, 0x0000000084300000, 0x00000000d5580000)
  object space 68608K, 64% used [0x0000000080000000,0x0000000082b58c70,0x0000000084300000)
 Metaspace       used 47387K, committed 48576K, reserved 1114112K
  class space    used 5071K, committed 5568K, reserved 1048576K
}
Event: 13.025 GC heap before
{Heap before GC invocations=39 (full 2):
 PSYoungGen      total 16896K, used 16873K [0x00000000d5580000, 0x00000000d6e00000, 0x0000000100000000)
  eden space 14848K, 100% used [0x00000000d5580000,0x00000000d6400000,0x00000000d6400000)
  from space 2048K, 98% used [0x00000000d6800000,0x00000000d69fa570,0x00000000d6a00000)
  to   space 4096K, 0% used [0x00000000d6400000,0x00000000d6400000,0x00000000d6800000)
 ParOldGen       total 68608K, used 44387K [0x0000000080000000, 0x0000000084300000, 0x00000000d5580000)
  object space 68608K, 64% used [0x0000000080000000,0x0000000082b58c70,0x0000000084300000)
 Metaspace       used 48099K, committed 49344K, reserved 1114112K
  class space    used 5133K, committed 5696K, reserved 1048576K
}
Event: 13.030 GC heap after
{Heap after GC invocations=39 (full 2):
 PSYoungGen      total 17408K, used 2405K [0x00000000d5580000, 0x00000000d6a00000, 0x0000000100000000)
  eden space 14848K, 0% used [0x00000000d5580000,0x00000000d5580000,0x00000000d6400000)
  from space 2560K, 93% used [0x00000000d6400000,0x00000000d6659438,0x00000000d6680000)
  to   space 3072K, 0% used [0x00000000d6700000,0x00000000d6700000,0x00000000d6a00000)
 ParOldGen       total 68608K, used 45513K [0x0000000080000000, 0x0000000084300000, 0x00000000d5580000)
  object space 68608K, 66% used [0x0000000080000000,0x0000000082c72460,0x0000000084300000)
 Metaspace       used 48099K, committed 49344K, reserved 1114112K
  class space    used 5133K, committed 5696K, reserved 1048576K
}
Event: 13.297 GC heap before
{Heap before GC invocations=40 (full 2):
 PSYoungGen      total 17408K, used 17244K [0x00000000d5580000, 0x00000000d6a00000, 0x0000000100000000)
  eden space 14848K, 99% used [0x00000000d5580000,0x00000000d63fde20,0x00000000d6400000)
  from space 2560K, 93% used [0x00000000d6400000,0x00000000d6659438,0x00000000d6680000)
  to   space 3072K, 0% used [0x00000000d6700000,0x00000000d6700000,0x00000000d6a00000)
 ParOldGen       total 68608K, used 45513K [0x0000000080000000, 0x0000000084300000, 0x00000000d5580000)
  object space 68608K, 66% used [0x0000000080000000,0x0000000082c72460,0x0000000084300000)
 Metaspace       used 48255K, committed 49472K, reserved 1114112K
  class space    used 5141K, committed 5696K, reserved 1048576K
}
Event: 13.301 GC heap after
{Heap after GC invocations=40 (full 2):
 PSYoungGen      total 17920K, used 2677K [0x00000000d5580000, 0x00000000d6a00000, 0x0000000100000000)
  eden space 14848K, 0% used [0x00000000d5580000,0x00000000d5580000,0x00000000d6400000)
  from space 3072K, 87% used [0x00000000d6700000,0x00000000d699d738,0x00000000d6a00000)
  to   space 3072K, 0% used [0x00000000d6400000,0x00000000d6400000,0x00000000d6700000)
 ParOldGen       total 68608K, used 46994K [0x0000000080000000, 0x0000000084300000, 0x00000000d5580000)
  object space 68608K, 68% used [0x0000000080000000,0x0000000082de48d8,0x0000000084300000)
 Metaspace       used 48255K, committed 49472K, reserved 1114112K
  class space    used 5141K, committed 5696K, reserved 1048576K
}
Event: 13.473 GC heap before
{Heap before GC invocations=41 (full 2):
 PSYoungGen      total 17920K, used 17444K [0x00000000d5580000, 0x00000000d6a00000, 0x0000000100000000)
  eden space 14848K, 99% used [0x00000000d5580000,0x00000000d63ebab0,0x00000000d6400000)
  from space 3072K, 87% used [0x00000000d6700000,0x00000000d699d738,0x00000000d6a00000)
  to   space 3072K, 0% used [0x00000000d6400000,0x00000000d6400000,0x00000000d6700000)
 ParOldGen       total 68608K, used 46994K [0x0000000080000000, 0x0000000084300000, 0x00000000d5580000)
  object space 68608K, 68% used [0x0000000080000000,0x0000000082de48d8,0x0000000084300000)
 Metaspace       used 48451K, committed 49664K, reserved 1114112K
  class space    used 5154K, committed 5696K, reserved 1048576K
}
Event: 13.476 GC heap after
{Heap after GC invocations=41 (full 2):
 PSYoungGen      total 17920K, used 2630K [0x00000000d5580000, 0x00000000d6a00000, 0x0000000100000000)
  eden space 14848K, 0% used [0x00000000d5580000,0x00000000d5580000,0x00000000d6400000)
  from space 3072K, 85% used [0x00000000d6400000,0x00000000d6691980,0x00000000d6700000)
  to   space 3072K, 0% used [0x00000000d6700000,0x00000000d6700000,0x00000000d6a00000)
 ParOldGen       total 68608K, used 48694K [0x0000000080000000, 0x0000000084300000, 0x00000000d5580000)
  object space 68608K, 70% used [0x0000000080000000,0x0000000082f8d860,0x0000000084300000)
 Metaspace       used 48451K, committed 49664K, reserved 1114112K
  class space    used 5154K, committed 5696K, reserved 1048576K
}
Event: 13.640 GC heap before
{Heap before GC invocations=42 (full 2):
 PSYoungGen      total 17920K, used 17478K [0x00000000d5580000, 0x00000000d6a00000, 0x0000000100000000)
  eden space 14848K, 100% used [0x00000000d5580000,0x00000000d6400000,0x00000000d6400000)
  from space 3072K, 85% used [0x00000000d6400000,0x00000000d6691980,0x00000000d6700000)
  to   space 3072K, 0% used [0x00000000d6700000,0x00000000d6700000,0x00000000d6a00000)
 ParOldGen       total 68608K, used 48694K [0x0000000080000000, 0x0000000084300000, 0x00000000d5580000)
  object space 68608K, 70% used [0x0000000080000000,0x0000000082f8d860,0x0000000084300000)
 Metaspace       used 48837K, committed 49984K, reserved 1114112K
  class space    used 5181K, committed 5696K, reserved 1048576K
}
Event: 13.643 GC heap after
{Heap after GC invocations=42 (full 2):
 PSYoungGen      total 17408K, used 2507K [0x00000000d5580000, 0x00000000d6980000, 0x0000000100000000)
  eden space 14848K, 0% used [0x00000000d5580000,0x00000000d5580000,0x00000000d6400000)
  from space 2560K, 97% used [0x00000000d6700000,0x00000000d6972d50,0x00000000d6980000)
  to   space 2560K, 0% used [0x00000000d6480000,0x00000000d6480000,0x00000000d6700000)
 ParOldGen       total 68608K, used 51207K [0x0000000080000000, 0x0000000084300000, 0x00000000d5580000)
  object space 68608K, 74% used [0x0000000080000000,0x0000000083201e40,0x0000000084300000)
 Metaspace       used 48837K, committed 49984K, reserved 1114112K
  class space    used 5181K, committed 5696K, reserved 1048576K
}
Event: 13.795 GC heap before
{Heap before GC invocations=43 (full 2):
 PSYoungGen      total 17408K, used 17355K [0x00000000d5580000, 0x00000000d6980000, 0x0000000100000000)
  eden space 14848K, 100% used [0x00000000d5580000,0x00000000d6400000,0x00000000d6400000)
  from space 2560K, 97% used [0x00000000d6700000,0x00000000d6972d50,0x00000000d6980000)
  to   space 2560K, 0% used [0x00000000d6480000,0x00000000d6480000,0x00000000d6700000)
 ParOldGen       total 68608K, used 51207K [0x0000000080000000, 0x0000000084300000, 0x00000000d5580000)
  object space 68608K, 74% used [0x0000000080000000,0x0000000083201e40,0x0000000084300000)
 Metaspace       used 49154K, committed 50368K, reserved 1114112K
  class space    used 5211K, committed 5760K, reserved 1048576K
}
Event: 13.800 GC heap after
{Heap after GC invocations=43 (full 2):
 PSYoungGen      total 17408K, used 2368K [0x00000000d5580000, 0x00000000d6900000, 0x0000000100000000)
  eden space 14848K, 0% used [0x00000000d5580000,0x00000000d5580000,0x00000000d6400000)
  from space 2560K, 92% used [0x00000000d6480000,0x00000000d66d0100,0x00000000d6700000)
  to   space 2048K, 0% used [0x00000000d6700000,0x00000000d6700000,0x00000000d6900000)
 ParOldGen       total 68608K, used 53450K [0x0000000080000000, 0x0000000084300000, 0x00000000d5580000)
  object space 68608K, 77% used [0x0000000080000000,0x00000000834329b8,0x0000000084300000)
 Metaspace       used 49154K, committed 50368K, reserved 1114112K
  class space    used 5211K, committed 5760K, reserved 1048576K
}
Event: 13.954 GC heap before
{Heap before GC invocations=44 (full 2):
 PSYoungGen      total 17408K, used 17216K [0x00000000d5580000, 0x00000000d6900000, 0x0000000100000000)
  eden space 14848K, 100% used [0x00000000d5580000,0x00000000d6400000,0x00000000d6400000)
  from space 2560K, 92% used [0x00000000d6480000,0x00000000d66d0100,0x00000000d6700000)
  to   space 2048K, 0% used [0x00000000d6700000,0x00000000d6700000,0x00000000d6900000)
 ParOldGen       total 68608K, used 53450K [0x0000000080000000, 0x0000000084300000, 0x00000000d5580000)
  object space 68608K, 77% used [0x0000000080000000,0x00000000834329b8,0x0000000084300000)
 Metaspace       used 49881K, committed 51072K, reserved 1114112K
  class space    used 5294K, committed 5824K, reserved 1048576K
}
Event: 13.960 GC heap after
{Heap after GC invocations=44 (full 2):
 PSYoungGen      total 14848K, used 2042K [0x00000000d5580000, 0x00000000d6e00000, 0x0000000100000000)
  eden space 12800K, 0% used [0x00000000d5580000,0x00000000d5580000,0x00000000d6200000)
  from space 2048K, 99% used [0x00000000d6700000,0x00000000d68fea00,0x00000000d6900000)
  to   space 5120K, 0% used [0x00000000d6200000,0x00000000d6200000,0x00000000d6700000)
 ParOldGen       total 68608K, used 56058K [0x0000000080000000, 0x0000000084300000, 0x00000000d5580000)
  object space 68608K, 81% used [0x0000000080000000,0x00000000836beb60,0x0000000084300000)
 Metaspace       used 49881K, committed 51072K, reserved 1114112K
  class space    used 5294K, committed 5824K, reserved 1048576K
}
Event: 14.128 GC heap before
{Heap before GC invocations=45 (full 2):
 PSYoungGen      total 14848K, used 14842K [0x00000000d5580000, 0x00000000d6e00000, 0x0000000100000000)
  eden space 12800K, 100% used [0x00000000d5580000,0x00000000d6200000,0x00000000d6200000)
  from space 2048K, 99% used [0x00000000d6700000,0x00000000d68fea00,0x00000000d6900000)
  to   space 5120K, 0% used [0x00000000d6200000,0x00000000d6200000,0x00000000d6700000)
 ParOldGen       total 68608K, used 56058K [0x0000000080000000, 0x0000000084300000, 0x00000000d5580000)
  object space 68608K, 81% used [0x0000000080000000,0x00000000836beb60,0x0000000084300000)
 Metaspace       used 49914K, committed 51072K, reserved 1114112K
  class space    used 5296K, committed 5824K, reserved 1048576K
}
Event: 14.133 GC heap after
{Heap after GC invocations=45 (full 2):
 PSYoungGen      total 15360K, used 2418K [0x00000000d5580000, 0x00000000d6900000, 0x0000000100000000)
  eden space 12800K, 0% used [0x00000000d5580000,0x00000000d5580000,0x00000000d6200000)
  from space 2560K, 94% used [0x00000000d6200000,0x00000000d645cb30,0x00000000d6480000)
  to   space 3584K, 0% used [0x00000000d6580000,0x00000000d6580000,0x00000000d6900000)
 ParOldGen       total 68608K, used 58075K [0x0000000080000000, 0x0000000084300000, 0x00000000d5580000)
  object space 68608K, 84% used [0x0000000080000000,0x00000000838b6de8,0x0000000084300000)
 Metaspace       used 49914K, committed 51072K, reserved 1114112K
  class space    used 5296K, committed 5824K, reserved 1048576K
}
Event: 14.248 GC heap before
{Heap before GC invocations=46 (full 2):
 PSYoungGen      total 15360K, used 15218K [0x00000000d5580000, 0x00000000d6900000, 0x0000000100000000)
  eden space 12800K, 100% used [0x00000000d5580000,0x00000000d6200000,0x00000000d6200000)
  from space 2560K, 94% used [0x00000000d6200000,0x00000000d645cb30,0x00000000d6480000)
  to   space 3584K, 0% used [0x00000000d6580000,0x00000000d6580000,0x00000000d6900000)
 ParOldGen       total 68608K, used 58075K [0x0000000080000000, 0x0000000084300000, 0x00000000d5580000)
  object space 68608K, 84% used [0x0000000080000000,0x00000000838b6de8,0x0000000084300000)
 Metaspace       used 49917K, committed 51072K, reserved 1114112K
  class space    used 5296K, committed 5824K, reserved 1048576K
}
Event: 14.252 GC heap after
{Heap after GC invocations=46 (full 2):
 PSYoungGen      total 15360K, used 2512K [0x00000000d5580000, 0x00000000d6800000, 0x0000000100000000)
  eden space 12800K, 0% used [0x00000000d5580000,0x00000000d5580000,0x00000000d6200000)
  from space 2560K, 98% used [0x00000000d6580000,0x00000000d67f4028,0x00000000d6800000)
  to   space 3072K, 0% used [0x00000000d6200000,0x00000000d6200000,0x00000000d6500000)
 ParOldGen       total 68608K, used 60308K [0x0000000080000000, 0x0000000084300000, 0x00000000d5580000)
  object space 68608K, 87% used [0x0000000080000000,0x0000000083ae5060,0x0000000084300000)
 Metaspace       used 49917K, committed 51072K, reserved 1114112K
  class space    used 5296K, committed 5824K, reserved 1048576K
}
Event: 14.416 GC heap before
{Heap before GC invocations=47 (full 2):
 PSYoungGen      total 15360K, used 15312K [0x00000000d5580000, 0x00000000d6800000, 0x0000000100000000)
  eden space 12800K, 100% used [0x00000000d5580000,0x00000000d6200000,0x00000000d6200000)
  from space 2560K, 98% used [0x00000000d6580000,0x00000000d67f4028,0x00000000d6800000)
  to   space 3072K, 0% used [0x00000000d6200000,0x00000000d6200000,0x00000000d6500000)
 ParOldGen       total 68608K, used 60308K [0x0000000080000000, 0x0000000084300000, 0x00000000d5580000)
  object space 68608K, 87% used [0x0000000080000000,0x0000000083ae5060,0x0000000084300000)
 Metaspace       used 49920K, committed 51072K, reserved 1114112K
  class space    used 5296K, committed 5824K, reserved 1048576K
}
Event: 14.419 GC heap after
{Heap after GC invocations=47 (full 2):
 PSYoungGen      total 15872K, used 2883K [0x00000000d5580000, 0x00000000d6800000, 0x0000000100000000)
  eden space 12800K, 0% used [0x00000000d5580000,0x00000000d5580000,0x00000000d6200000)
  from space 3072K, 93% used [0x00000000d6200000,0x00000000d64d0ec8,0x00000000d6500000)
  to   space 3072K, 0% used [0x00000000d6500000,0x00000000d6500000,0x00000000d6800000)
 ParOldGen       total 68608K, used 62644K [0x0000000080000000, 0x0000000084300000, 0x00000000d5580000)
  object space 68608K, 91% used [0x0000000080000000,0x0000000083d2d110,0x0000000084300000)
 Metaspace       used 49920K, committed 51072K, reserved 1114112K
  class space    used 5296K, committed 5824K, reserved 1048576K
}

Dll operation events (10 events):
Event: 0.017 Loaded shared library c:\Users\narendra\.vscode\extensions\redhat.java-1.44.0-win32-x64\jre\21.0.8-win32-x86_64\bin\java.dll
Event: 0.161 Loaded shared library c:\Users\narendra\.vscode\extensions\redhat.java-1.44.0-win32-x64\jre\21.0.8-win32-x86_64\bin\zip.dll
Event: 0.201 Loaded shared library C:\Users\narendra\.vscode\extensions\redhat.java-1.44.0-win32-x64\jre\21.0.8-win32-x86_64\bin\instrument.dll
Event: 0.208 Loaded shared library C:\Users\narendra\.vscode\extensions\redhat.java-1.44.0-win32-x64\jre\21.0.8-win32-x86_64\bin\net.dll
Event: 0.212 Loaded shared library C:\Users\narendra\.vscode\extensions\redhat.java-1.44.0-win32-x64\jre\21.0.8-win32-x86_64\bin\nio.dll
Event: 0.221 Loaded shared library C:\Users\narendra\.vscode\extensions\redhat.java-1.44.0-win32-x64\jre\21.0.8-win32-x86_64\bin\zip.dll
Event: 0.253 Loaded shared library C:\Users\narendra\.vscode\extensions\redhat.java-1.44.0-win32-x64\jre\21.0.8-win32-x86_64\bin\jimage.dll
Event: 0.389 Loaded shared library c:\Users\narendra\.vscode\extensions\redhat.java-1.44.0-win32-x64\jre\21.0.8-win32-x86_64\bin\verify.dll
Event: 2.784 Loaded shared library C:\Users\narendra\AppData\Roaming\Code\User\globalStorage\redhat.java\1.44.0\config_win\org.eclipse.equinox.launcher\org.eclipse.equinox.launcher.win32.win32.x86_64_1.2.1400.v20250730-1736\eclipse_11913.dll
Event: 5.629 Loaded shared library C:\Users\narendra\AppData\Local\Temp\jna-1984495243\jna17714027258055819348.dll

Deoptimization events (20 events):
Event: 13.963 Thread 0x000001d5a12b4f10 DEOPT PACKING pc=0x000001d54c721544 sp=0x0000002ad73feab0
Event: 13.963 Thread 0x000001d5a12b4f10 DEOPT UNPACKING pc=0x000001d54bed3aa2 sp=0x0000002ad73feab0 mode 2
Event: 13.964 Thread 0x000001d5a12b4f10 Uncommon trap: trap_request=0xffffff45 fr.pc=0x000001d54c76ca40 relative=0x0000000000000ec0
Event: 13.964 Thread 0x000001d5a12b4f10 Uncommon trap: reason=unstable_if action=reinterpret pc=0x000001d54c76ca40 method=java.nio.file.FileTreeWalker.getAttributes(Ljava/nio/file/Path;Z)Ljava/nio/file/attribute/BasicFileAttributes; @ 8 c2
Event: 13.964 Thread 0x000001d5a12b4f10 DEOPT PACKING pc=0x000001d54c76ca40 sp=0x0000002ad73fea10
Event: 13.964 Thread 0x000001d5a12b4f10 DEOPT UNPACKING pc=0x000001d54bed3aa2 sp=0x0000002ad73fe990 mode 2
Event: 13.967 Thread 0x000001d5a12b4f10 Uncommon trap: trap_request=0xffffffde fr.pc=0x000001d54c721544 relative=0x0000000000001284
Event: 13.967 Thread 0x000001d5a12b4f10 Uncommon trap: reason=class_check action=maybe_recompile pc=0x000001d54c721544 method=java.nio.file.FileTreeWalker.next()Ljava/nio/file/FileTreeWalker$Event; @ 37 c2
Event: 13.967 Thread 0x000001d5a12b4f10 DEOPT PACKING pc=0x000001d54c721544 sp=0x0000002ad73feab0
Event: 13.967 Thread 0x000001d5a12b4f10 DEOPT UNPACKING pc=0x000001d54bed3aa2 sp=0x0000002ad73feab0 mode 2
Event: 13.967 Thread 0x000001d5a12b4f10 Uncommon trap: trap_request=0xffffffde fr.pc=0x000001d54c721544 relative=0x0000000000001284
Event: 13.967 Thread 0x000001d5a12b4f10 Uncommon trap: reason=class_check action=maybe_recompile pc=0x000001d54c721544 method=java.nio.file.FileTreeWalker.next()Ljava/nio/file/FileTreeWalker$Event; @ 37 c2
Event: 13.967 Thread 0x000001d5a12b4f10 DEOPT PACKING pc=0x000001d54c721544 sp=0x0000002ad73feab0
Event: 13.968 Thread 0x000001d5a12b4f10 DEOPT UNPACKING pc=0x000001d54bed3aa2 sp=0x0000002ad73feab0 mode 2
Event: 13.968 Thread 0x000001d5a12b4f10 Uncommon trap: trap_request=0xffffffde fr.pc=0x000001d54c721544 relative=0x0000000000001284
Event: 13.968 Thread 0x000001d5a12b4f10 Uncommon trap: reason=class_check action=maybe_recompile pc=0x000001d54c721544 method=java.nio.file.FileTreeWalker.next()Ljava/nio/file/FileTreeWalker$Event; @ 37 c2
Event: 13.968 Thread 0x000001d5a12b4f10 DEOPT PACKING pc=0x000001d54c721544 sp=0x0000002ad73feab0
Event: 13.968 Thread 0x000001d5a12b4f10 DEOPT UNPACKING pc=0x000001d54bed3aa2 sp=0x0000002ad73feab0 mode 2
Event: 14.209 Thread 0x000001d5a12b4f10 DEOPT PACKING pc=0x000001d5459c01a5 sp=0x0000002ad73fe7b0
Event: 14.209 Thread 0x000001d5a12b4f10 DEOPT UNPACKING pc=0x000001d54bed4242 sp=0x0000002ad73fdd30 mode 0

Classes loaded (20 events):
Event: 13.809 Loading class java/util/concurrent/CompletableFuture$AsynchronousCompletionTask done
Event: 13.809 Loading class java/util/concurrent/CompletableFuture$Completion done
Event: 13.829 Loading class jdk/internal/math/FormattedFPDecimal
Event: 13.830 Loading class jdk/internal/math/FormattedFPDecimal done
Event: 13.906 Loading class java/util/TreeMap$ValueSpliterator
Event: 13.906 Loading class java/util/TreeMap$TreeMapSpliterator
Event: 13.906 Loading class java/util/TreeMap$TreeMapSpliterator done
Event: 13.906 Loading class java/util/TreeMap$ValueSpliterator done
Event: 13.939 Loading class java/util/concurrent/CompletionException
Event: 13.940 Loading class java/util/concurrent/CompletionException done
Event: 13.953 Loading class java/nio/file/FileTreeWalker$1
Event: 13.954 Loading class java/nio/file/FileTreeWalker$1 done
Event: 13.960 Loading class sun/nio/fs/Globs
Event: 13.961 Loading class sun/nio/fs/Globs done
Event: 13.961 Loading class java/util/regex/Pattern$SliceU
Event: 13.961 Loading class java/util/regex/Pattern$SliceU done
Event: 13.961 Loading class sun/nio/fs/WindowsFileSystem$2
Event: 13.962 Loading class java/nio/file/PathMatcher
Event: 13.962 Loading class java/nio/file/PathMatcher done
Event: 13.962 Loading class sun/nio/fs/WindowsFileSystem$2 done

Classes unloaded (7 events):
Event: 7.126 Thread 0x000001d5991c2d60 Unloading class 0x000001d5591ab000 'java/lang/invoke/LambdaForm$MH+0x000001d5591ab000'
Event: 7.126 Thread 0x000001d5991c2d60 Unloading class 0x000001d5591aac00 'java/lang/invoke/LambdaForm$MH+0x000001d5591aac00'
Event: 7.126 Thread 0x000001d5991c2d60 Unloading class 0x000001d5591aa800 'java/lang/invoke/LambdaForm$MH+0x000001d5591aa800'
Event: 7.126 Thread 0x000001d5991c2d60 Unloading class 0x000001d5591aa400 'java/lang/invoke/LambdaForm$MH+0x000001d5591aa400'
Event: 7.126 Thread 0x000001d5991c2d60 Unloading class 0x000001d5591aa000 'java/lang/invoke/LambdaForm$BMH+0x000001d5591aa000'
Event: 7.126 Thread 0x000001d5991c2d60 Unloading class 0x000001d5591a9c00 'java/lang/invoke/LambdaForm$DMH+0x000001d5591a9c00'
Event: 7.126 Thread 0x000001d5991c2d60 Unloading class 0x000001d5591a8800 'java/lang/invoke/LambdaForm$DMH+0x000001d5591a8800'

Classes redefined (0 events):
No events

Internal exceptions (20 events):
Event: 14.424 Thread 0x000001d5a12b4f10 Exception <a 'sun/nio/fs/WindowsException'{0x00000000d562c948}> (0x00000000d562c948) 
thrown [s\src\hotspot\share\prims\jni.cpp, line 520]
Event: 14.424 Thread 0x000001d5a12b4f10 Exception <a 'sun/nio/fs/WindowsException'{0x00000000d562cf68}> (0x00000000d562cf68) 
thrown [s\src\hotspot\share\prims\jni.cpp, line 520]
Event: 14.424 Thread 0x000001d5a12b4f10 Exception <a 'sun/nio/fs/WindowsException'{0x00000000d562d588}> (0x00000000d562d588) 
thrown [s\src\hotspot\share\prims\jni.cpp, line 520]
Event: 14.424 Thread 0x000001d5a12b4f10 Exception <a 'sun/nio/fs/WindowsException'{0x00000000d562dbc0}> (0x00000000d562dbc0) 
thrown [s\src\hotspot\share\prims\jni.cpp, line 520]
Event: 14.425 Thread 0x000001d5a12b4f10 Exception <a 'sun/nio/fs/WindowsException'{0x00000000d5633040}> (0x00000000d5633040) 
thrown [s\src\hotspot\share\prims\jni.cpp, line 520]
Event: 14.425 Thread 0x000001d5a12b4f10 Exception <a 'sun/nio/fs/WindowsException'{0x00000000d5633660}> (0x00000000d5633660) 
thrown [s\src\hotspot\share\prims\jni.cpp, line 520]
Event: 14.425 Thread 0x000001d5a12b4f10 Exception <a 'sun/nio/fs/WindowsException'{0x00000000d5633c80}> (0x00000000d5633c80) 
thrown [s\src\hotspot\share\prims\jni.cpp, line 520]
Event: 14.426 Thread 0x000001d5a12b4f10 Exception <a 'sun/nio/fs/WindowsException'{0x00000000d56342b8}> (0x00000000d56342b8) 
thrown [s\src\hotspot\share\prims\jni.cpp, line 520]
Event: 14.427 Thread 0x000001d5a12b4f10 Exception <a 'sun/nio/fs/WindowsException'{0x00000000d5669528}> (0x00000000d5669528) 
thrown [s\src\hotspot\share\prims\jni.cpp, line 520]
Event: 14.427 Thread 0x000001d5a12b4f10 Exception <a 'sun/nio/fs/WindowsException'{0x00000000d5669b48}> (0x00000000d5669b48) 
thrown [s\src\hotspot\share\prims\jni.cpp, line 520]
Event: 14.427 Thread 0x000001d5a12b4f10 Exception <a 'sun/nio/fs/WindowsException'{0x00000000d566a168}> (0x00000000d566a168) 
thrown [s\src\hotspot\share\prims\jni.cpp, line 520]
Event: 14.427 Thread 0x000001d5a12b4f10 Exception <a 'sun/nio/fs/WindowsException'{0x00000000d566a7a0}> (0x00000000d566a7a0) 
thrown [s\src\hotspot\share\prims\jni.cpp, line 520]
Event: 14.428 Thread 0x000001d5a12b4f10 Exception <a 'sun/nio/fs/WindowsException'{0x00000000d569fb40}> (0x00000000d569fb40) 
thrown [s\src\hotspot\share\prims\jni.cpp, line 520]
Event: 14.428 Thread 0x000001d5a12b4f10 Exception <a 'sun/nio/fs/WindowsException'{0x00000000d56a0170}> (0x00000000d56a0170) 
thrown [s\src\hotspot\share\prims\jni.cpp, line 520]
Event: 14.428 Thread 0x000001d5a12b4f10 Exception <a 'sun/nio/fs/WindowsException'{0x00000000d56a07a0}> (0x00000000d56a07a0) 
thrown [s\src\hotspot\share\prims\jni.cpp, line 520]
Event: 14.428 Thread 0x000001d5a12b4f10 Exception <a 'sun/nio/fs/WindowsException'{0x00000000d56a0df0}> (0x00000000d56a0df0) 
thrown [s\src\hotspot\share\prims\jni.cpp, line 520]
Event: 14.429 Thread 0x000001d5a12b4f10 Exception <a 'sun/nio/fs/WindowsException'{0x00000000d56a54a0}> (0x00000000d56a54a0) 
thrown [s\src\hotspot\share\prims\jni.cpp, line 520]
Event: 14.429 Thread 0x000001d5a12b4f10 Exception <a 'sun/nio/fs/WindowsException'{0x00000000d56a5ad0}> (0x00000000d56a5ad0) 
thrown [s\src\hotspot\share\prims\jni.cpp, line 520]
Event: 14.429 Thread 0x000001d5a12b4f10 Exception <a 'sun/nio/fs/WindowsException'{0x00000000d56d87b8}> (0x00000000d56d87b8) 
thrown [s\src\hotspot\share\prims\jni.cpp, line 520]
Event: 14.429 Thread 0x000001d5a12b4f10 Exception <a 'sun/nio/fs/WindowsException'{0x00000000d56d8e08}> (0x00000000d56d8e08) 
thrown [s\src\hotspot\share\prims\jni.cpp, line 520]

ZGC Phase Switch (0 events):
No events

VM Operations (20 events):
Event: 13.297 Executing VM operation: ParallelGCFailedAllocation (Allocation Failure)
Event: 13.301 Executing VM operation: ParallelGCFailedAllocation (Allocation Failure) done
Event: 13.473 Executing VM operation: ParallelGCFailedAllocation (Allocation Failure)
Event: 13.476 Executing VM operation: ParallelGCFailedAllocation (Allocation Failure) done
Event: 13.640 Executing VM operation: ParallelGCFailedAllocation (Allocation Failure)
Event: 13.643 Executing VM operation: ParallelGCFailedAllocation (Allocation Failure) done
Event: 13.676 Executing VM operation: HandshakeAllThreads (Deoptimize)
Event: 13.689 Executing VM operation: HandshakeAllThreads (Deoptimize) done
Event: 13.794 Executing VM operation: ParallelGCFailedAllocation (Allocation Failure)
Event: 13.800 Executing VM operation: ParallelGCFailedAllocation (Allocation Failure) done
Event: 13.812 Executing VM operation: HandshakeAllThreads (Deoptimize)
Event: 13.812 Executing VM operation: HandshakeAllThreads (Deoptimize) done
Event: 13.954 Executing VM operation: ParallelGCFailedAllocation (Allocation Failure)
Event: 13.960 Executing VM operation: ParallelGCFailedAllocation (Allocation Failure) done
Event: 14.128 Executing VM operation: ParallelGCFailedAllocation (Allocation Failure)
Event: 14.133 Executing VM operation: ParallelGCFailedAllocation (Allocation Failure) done
Event: 14.248 Executing VM operation: ParallelGCFailedAllocation (Allocation Failure)
Event: 14.253 Executing VM operation: ParallelGCFailedAllocation (Allocation Failure) done
Event: 14.416 Executing VM operation: ParallelGCFailedAllocation (Allocation Failure)
Event: 14.419 Executing VM operation: ParallelGCFailedAllocation (Allocation Failure) done

Memory protections (0 events):
No events

Nmethod flushes (20 events):
Event: 9.228 Thread 0x000001d5991c2d60 flushing  nmethod 0x000001d545058f90
Event: 9.228 Thread 0x000001d5991c2d60 flushing  nmethod 0x000001d545072690
Event: 9.228 Thread 0x000001d5991c2d60 flushing  nmethod 0x000001d545087f90
Event: 9.228 Thread 0x000001d5991c2d60 flushing  nmethod 0x000001d545088710
Event: 9.228 Thread 0x000001d5991c2d60 flushing  nmethod 0x000001d545089010
Event: 9.228 Thread 0x000001d5991c2d60 flushing  nmethod 0x000001d54508a210
Event: 9.228 Thread 0x000001d5991c2d60 flushing  nmethod 0x000001d54508ae10
Event: 9.228 Thread 0x000001d5991c2d60 flushing  nmethod 0x000001d54508b590
Event: 9.228 Thread 0x000001d5991c2d60 flushing  nmethod 0x000001d54508cb10
Event: 9.228 Thread 0x000001d5991c2d60 flushing  nmethod 0x000001d54508df90
Event: 9.228 Thread 0x000001d5991c2d60 flushing  nmethod 0x000001d54508e810
Event: 9.228 Thread 0x000001d5991c2d60 flushing  nmethod 0x000001d545090290
Event: 9.228 Thread 0x000001d5991c2d60 flushing  nmethod 0x000001d545099590
Event: 9.228 Thread 0x000001d5991c2d60 flushing  nmethod 0x000001d54509b610
Event: 9.228 Thread 0x000001d5991c2d60 flushing  nmethod 0x000001d5450c9090
Event: 9.228 Thread 0x000001d5991c2d60 flushing  nmethod 0x000001d5450ccd10
Event: 9.228 Thread 0x000001d5991c2d60 flushing  nmethod 0x000001d5450cda10
Event: 9.228 Thread 0x000001d5991c2d60 flushing  nmethod 0x000001d5450d8810
Event: 9.228 Thread 0x000001d5991c2d60 flushing  nmethod 0x000001d54512c390
Event: 9.228 Thread 0x000001d5991c2d60 flushing  nmethod 0x000001d545152410

Events (20 events):
Event: 6.567 Thread 0x000001d59fe6e0c0 Thread added: 0x000001d59fe6e750
Event: 8.237 Thread 0x000001d59fe6b960 Thread added: 0x000001d59fe6ede0
Event: 8.488 Thread 0x000001d59f8ea100 Thread added: 0x000001d59fe6cd10
Event: 8.489 Thread 0x000001d59fe6ede0 Thread added: 0x000001d5a123c5e0
Event: 9.050 Thread 0x000001d5a123c5e0 Thread added: 0x000001d5a123e020
Event: 9.327 Thread 0x000001d5a123e020 Thread added: 0x000001d5a123bf50
Event: 9.411 Thread 0x000001d5417610f0 Thread added: 0x000001d5a123cc70
Event: 9.411 Thread 0x000001d5417610f0 Thread added: 0x000001d5a123e6b0
Event: 9.411 Thread 0x000001d5417610f0 Thread added: 0x000001d5a123b8c0
Event: 9.412 Thread 0x000001d5417610f0 Thread added: 0x000001d5a123ed40
Event: 9.412 Thread 0x000001d5417610f0 Thread added: 0x000001d5a123d300
Event: 9.412 Thread 0x000001d5417610f0 Thread added: 0x000001d5a123d990
Event: 9.412 Thread 0x000001d5417610f0 Thread added: 0x000001d5a12b06e0
Event: 9.413 Thread 0x000001d5417610f0 Thread added: 0x000001d5a12b4880
Event: 9.413 Thread 0x000001d5417610f0 Thread added: 0x000001d5a12b27b0
Event: 9.532 Thread 0x000001d5417610f0 Thread added: 0x000001d5a12b3b60
Event: 10.313 Thread 0x000001d5417610f0 Thread added: 0x000001d5a12af9c0
Event: 10.317 Thread 0x000001d5417610f0 Thread added: 0x000001d5a12b55a0
Event: 12.191 Thread 0x000001d59fb33710 Thread exited: 0x000001d59fb33710
Event: 12.520 Thread 0x000001d5a123e020 Thread added: 0x000001d5a12b4f10


Dynamic libraries:
0x00007ff736970000 - 0x00007ff73697e000 	c:\Users\narendra\.vscode\extensions\redhat.java-1.44.0-win32-x64\jre\21.0.8-win32-x86_64\bin\java.exe
0x00007ffe19410000 - 0x00007ffe19627000 	C:\WINDOWS\SYSTEM32\ntdll.dll
0x00007ffe17c40000 - 0x00007ffe17d04000 	C:\WINDOWS\System32\KERNEL32.DLL
0x00007ffe16a00000 - 0x00007ffe16db9000 	C:\WINDOWS\System32\KERNELBASE.dll
0x00007ffe16fa0000 - 0x00007ffe170b1000 	C:\WINDOWS\System32\ucrtbase.dll
0x00007ffe04050000 - 0x00007ffe0406e000 	c:\Users\narendra\.vscode\extensions\redhat.java-1.44.0-win32-x64\jre\21.0.8-win32-x86_64\bin\VCRUNTIME140.dll
0x00007ffe04030000 - 0x00007ffe04048000 	c:\Users\narendra\.vscode\extensions\redhat.java-1.44.0-win32-x64\jre\21.0.8-win32-x86_64\bin\jli.dll
0x00007ffe19220000 - 0x00007ffe193cf000 	C:\WINDOWS\System32\USER32.dll
0x00007ffe169d0000 - 0x00007ffe169f6000 	C:\WINDOWS\System32\win32u.dll
0x00007ffe17920000 - 0x00007ffe17949000 	C:\WINDOWS\System32\GDI32.dll
0x00007ffe16880000 - 0x00007ffe1699b000 	C:\WINDOWS\System32\gdi32full.dll
0x00007ffe00330000 - 0x00007ffe005c2000 	C:\WINDOWS\WinSxS\amd64_microsoft.windows.common-controls_6595b64144ccf1df_6.0.22621.4387_none_27144a857381bf05\COMCTL32.dll
0x00007ffe16e80000 - 0x00007ffe16f1a000 	C:\WINDOWS\System32\msvcp_win.dll
0x00007ffe17b90000 - 0x00007ffe17c37000 	C:\WINDOWS\System32\msvcrt.dll
0x00007ffe171b0000 - 0x00007ffe171e1000 	C:\WINDOWS\System32\IMM32.DLL
0x00007ffe04490000 - 0x00007ffe0449c000 	c:\Users\narendra\.vscode\extensions\redhat.java-1.44.0-win32-x64\jre\21.0.8-win32-x86_64\bin\vcruntime140_1.dll
0x00007ffe03fa0000 - 0x00007ffe0402d000 	c:\Users\narendra\.vscode\extensions\redhat.java-1.44.0-win32-x64\jre\21.0.8-win32-x86_64\bin\msvcp140.dll
0x00007ffda0e00000 - 0x00007ffda1b97000 	c:\Users\narendra\.vscode\extensions\redhat.java-1.44.0-win32-x64\jre\21.0.8-win32-x86_64\bin\server\jvm.dll
0x00007ffe171f0000 - 0x00007ffe172a2000 	C:\WINDOWS\System32\ADVAPI32.dll
0x00007ffe18c50000 - 0x00007ffe18cf7000 	C:\WINDOWS\System32\sechost.dll
0x00007ffe169a0000 - 0x00007ffe169c8000 	C:\WINDOWS\System32\bcrypt.dll
0x00007ffe19100000 - 0x00007ffe19214000 	C:\WINDOWS\System32\RPCRT4.dll
0x00007ffe17130000 - 0x00007ffe171a1000 	C:\WINDOWS\System32\WS2_32.dll
0x00007ffe15f50000 - 0x00007ffe15f9d000 	C:\WINDOWS\SYSTEM32\POWRPROF.dll
0x00007ffe0f7a0000 - 0x00007ffe0f7d4000 	C:\WINDOWS\SYSTEM32\WINMM.dll
0x00007ffe0fe20000 - 0x00007ffe0fe2a000 	C:\WINDOWS\SYSTEM32\VERSION.dll
0x00007ffe15f00000 - 0x00007ffe15f13000 	C:\WINDOWS\SYSTEM32\UMPDC.dll
0x00007ffe15710000 - 0x00007ffe15728000 	C:\WINDOWS\SYSTEM32\kernel.appcore.dll
0x00007ffe03f90000 - 0x00007ffe03f9a000 	c:\Users\narendra\.vscode\extensions\redhat.java-1.44.0-win32-x64\jre\21.0.8-win32-x86_64\bin\jimage.dll
0x00007ffe14020000 - 0x00007ffe14252000 	C:\WINDOWS\SYSTEM32\DBGHELP.DLL
0x00007ffe18020000 - 0x00007ffe183af000 	C:\WINDOWS\System32\combase.dll
0x00007ffe17d20000 - 0x00007ffe17df7000 	C:\WINDOWS\System32\OLEAUT32.dll
0x00007ffdfb170000 - 0x00007ffdfb1a2000 	C:\WINDOWS\SYSTEM32\dbgcore.DLL
0x00007ffe16f20000 - 0x00007ffe16f9b000 	C:\WINDOWS\System32\bcryptPrimitives.dll
0x00007ffe03eb0000 - 0x00007ffe03ebf000 	c:\Users\narendra\.vscode\extensions\redhat.java-1.44.0-win32-x64\jre\21.0.8-win32-x86_64\bin\instrument.dll
0x00007ffe03f70000 - 0x00007ffe03f8f000 	c:\Users\narendra\.vscode\extensions\redhat.java-1.44.0-win32-x64\jre\21.0.8-win32-x86_64\bin\java.dll
0x00007ffe183b0000 - 0x00007ffe18c26000 	C:\WINDOWS\System32\SHELL32.dll
0x00007ffe14600000 - 0x00007ffe14f03000 	C:\WINDOWS\SYSTEM32\windows.storage.dll
0x00007ffe144c0000 - 0x00007ffe145ff000 	C:\WINDOWS\SYSTEM32\wintypes.dll
0x00007ffe18f20000 - 0x00007ffe19019000 	C:\WINDOWS\System32\SHCORE.dll
0x00007ffe17440000 - 0x00007ffe1749e000 	C:\WINDOWS\System32\shlwapi.dll
0x00007ffe16640000 - 0x00007ffe1666b000 	C:\WINDOWS\SYSTEM32\profapi.dll
0x00007ffe03f50000 - 0x00007ffe03f68000 	c:\Users\narendra\.vscode\extensions\redhat.java-1.44.0-win32-x64\jre\21.0.8-win32-x86_64\bin\zip.dll
0x00007ffe03f40000 - 0x00007ffe03f50000 	C:\Users\narendra\.vscode\extensions\redhat.java-1.44.0-win32-x64\jre\21.0.8-win32-x86_64\bin\net.dll
0x00007ffe0fb30000 - 0x00007ffe0fc66000 	C:\WINDOWS\SYSTEM32\WINHTTP.dll
0x00007ffe15c00000 - 0x00007ffe15c69000 	C:\WINDOWS\system32\mswsock.dll
0x00007ffe03f20000 - 0x00007ffe03f36000 	C:\Users\narendra\.vscode\extensions\redhat.java-1.44.0-win32-x64\jre\21.0.8-win32-x86_64\bin\nio.dll
0x00007ffe12360000 - 0x00007ffe12370000 	c:\Users\narendra\.vscode\extensions\redhat.java-1.44.0-win32-x64\jre\21.0.8-win32-x86_64\bin\verify.dll
0x00007ffe03d90000 - 0x00007ffe03dd5000 	C:\Users\narendra\AppData\Roaming\Code\User\globalStorage\redhat.java\1.44.0\config_win\org.eclipse.equinox.launcher\org.eclipse.equinox.launcher.win32.win32.x86_64_1.2.1400.v20250730-1736\eclipse_11913.dll
0x00007ffe17e70000 - 0x00007ffe18015000 	C:\WINDOWS\System32\ole32.dll
0x00007ffe15e20000 - 0x00007ffe15e3b000 	C:\WINDOWS\SYSTEM32\CRYPTSP.dll
0x00007ffe15670000 - 0x00007ffe156a5000 	C:\WINDOWS\system32\rsaenh.dll
0x00007ffe15cc0000 - 0x00007ffe15ce8000 	C:\WINDOWS\SYSTEM32\USERENV.dll
0x00007ffe15e40000 - 0x00007ffe15e4c000 	C:\WINDOWS\SYSTEM32\CRYPTBASE.dll
0x00007ffe15170000 - 0x00007ffe1519d000 	C:\WINDOWS\SYSTEM32\IPHLPAPI.DLL
0x00007ffe17e60000 - 0x00007ffe17e69000 	C:\WINDOWS\System32\NSI.dll
0x00007ffe02e50000 - 0x00007ffe02e99000 	C:\Users\narendra\AppData\Local\Temp\jna-1984495243\jna17714027258055819348.dll
0x00007ffe18d00000 - 0x00007ffe18d08000 	C:\WINDOWS\System32\PSAPI.DLL
0x00007ffe0fe30000 - 0x00007ffe0fe49000 	C:\WINDOWS\SYSTEM32\dhcpcsvc6.DLL
0x00007ffe0fad0000 - 0x00007ffe0faef000 	C:\WINDOWS\SYSTEM32\dhcpcsvc.DLL

JVMTI agents:
c:\Users\narendra\.vscode\extensions\redhat.java-1.44.0-win32-x64\lombok\lombok-1.18.39-4050.jar path:c:\Users\narendra\.vscode\extensions\redhat.java-1.44.0-win32-x64\jre\21.0.8-win32-x86_64\bin\instrument.dll, loaded, initialized, instrumentlib options:none

dbghelp: loaded successfully - version: 4.0.5 - missing functions: none
symbol engine: initialized successfully - sym options: 0x614 - pdb path: .;c:\Users\narendra\.vscode\extensions\redhat.java-1.44.0-win32-x64\jre\21.0.8-win32-x86_64\bin;C:\WINDOWS\SYSTEM32;C:\WINDOWS\WinSxS\amd64_microsoft.windows.common-controls_6595b64144ccf1df_6.0.22621.4387_none_27144a857381bf05;c:\Users\narendra\.vscode\extensions\redhat.java-1.44.0-win32-x64\jre\21.0.8-win32-x86_64\bin\server;C:\Users\narendra\AppData\Roaming\Code\User\globalStorage\redhat.java\1.44.0\config_win\org.eclipse.equinox.launcher\org.eclipse.equinox.launcher.win32.win32.x86_64_1.2.1400.v20250730-1736;C:\Users\narendra\AppData\Local\Temp\jna-1984495243

VM Arguments:
jvm_args: --add-modules=ALL-SYSTEM --add-opens=java.base/java.util=ALL-UNNAMED --add-opens=java.base/java.lang=ALL-UNNAMED --add-opens=java.base/sun.nio.fs=ALL-UNNAMED -Declipse.application=org.eclipse.jdt.ls.core.id1 -Dosgi.bundles.defaultStartLevel=4 -Declipse.product=org.eclipse.jdt.ls.core.product -Djava.import.generatesMetadataFilesAtProjectRoot=false -DDetectVMInstallationsJob.disabled=true -Dfile.encoding=utf8 -XX:+UseParallelGC -XX:GCTimeRatio=4 -XX:AdaptiveSizePolicyWeight=90 -Dsun.zip.disableMemoryMapping=true -Xmx2G -Xms100m -Xlog:disable -javaagent:c:\Users\narendra\.vscode\extensions\redhat.java-1.44.0-win32-x64\lombok\lombok-1.18.39-4050.jar -XX:+HeapDumpOnOutOfMemoryError -XX:HeapDumpPath=c:\Users\narendra\AppData\Roaming\Code\User\workspaceStorage\6feff0a632fff3dcab2f0f7fe0a67b9f\redhat.java -Daether.dependencyCollector.impl=bf 
java_command: c:\Users\narendra\.vscode\extensions\redhat.java-1.44.0-win32-x64\server\plugins\org.eclipse.equinox.launcher_1.7.0.v20250519-0528.jar -configuration c:\Users\narendra\AppData\Roaming\Code\User\globalStorage\redhat.java\1.44.0\config_win -data c:\Users\narendra\AppData\Roaming\Code\User\workspaceStorage\6feff0a632fff3dcab2f0f7fe0a67b9f\redhat.java\jdt_ws --pipe=\\.\pipe\lsp-82a36c236bde64045bff744b712dc239-sock
java_class_path (initial): c:\Users\narendra\.vscode\extensions\redhat.java-1.44.0-win32-x64\server\plugins\org.eclipse.equinox.launcher_1.7.0.v20250519-0528.jar
Launcher Type: SUN_STANDARD

[Global flags]
    uintx AdaptiveSizePolicyWeight                 = 90                                        {product} {command line}
     intx CICompilerCount                          = 4                                         {product} {ergonomic}
    uintx GCTimeRatio                              = 4                                         {product} {command line}
     bool HeapDumpOnOutOfMemoryError               = true                                   {manageable} {command line}
    ccstr HeapDumpPath                             = c:\Users\narendra\AppData\Roaming\Code\User\workspaceStorage\6feff0a632fff3dcab2f0f7fe0a67b9f\redhat.java         {manageable} {command line}
   size_t InitialHeapSize                          = 104857600                                 {product} {command line}
   size_t MaxHeapSize                              = 2147483648                                {product} {command line}
   size_t MaxNewSize                               = 715653120                                 {product} {ergonomic}
   size_t MinHeapDeltaBytes                        = 524288                                    {product} {ergonomic}
   size_t MinHeapSize                              = 104857600                                 {product} {command line}
   size_t NewSize                                  = 34603008                                  {product} {ergonomic}
    uintx NonNMethodCodeHeapSize                   = 5839372                                {pd product} {ergonomic}
    uintx NonProfiledCodeHeapSize                  = 122909434                              {pd product} {ergonomic}
   size_t OldSize                                  = 70254592                                  {product} {ergonomic}
    uintx ProfiledCodeHeapSize                     = 122909434                              {pd product} {ergonomic}
    uintx ReservedCodeCacheSize                    = 251658240                              {pd product} {ergonomic}
     bool SegmentedCodeCache                       = true                                      {product} {ergonomic}
   size_t SoftMaxHeapSize                          = 2147483648                             {manageable} {ergonomic}
     bool UseCompressedOops                        = true                           {product lp64_product} {ergonomic}
     bool UseLargePagesIndividualAllocation        = false                                  {pd product} {ergonomic}
     bool UseParallelGC                            = true                                      {product} {command line}

Logging:
Log output configuration:
 #0: stdout all=off uptime,level,tags foldmultilines=false
 #1: stderr all=off uptime,level,tags foldmultilines=false

Environment Variables:
JAVA_HOME=C:\Users\narendra\AppData\Local\Programs\Eclipse Adoptium\jdk-17.0.7.7-hotspot\
PATH=D:\src\flutter\bin;C:\Program Files\NVIDIA GPU Computing Toolkit\CUDA\v11.8\bin;C:\Program Files\NVIDIA GPU Computing Toolkit\CUDA\v11.8\libnvvp;C:\Program Files\NVIDIA GPU Computing Toolkit\CUDA\v12.4\bin;C:\Program Files\NVIDIA GPU Computing Toolkit\CUDA\v12.4\libnvvp;C:\Python312\Scripts\;C:\Python312\;C:\Windows\system32;C:\Windows;C:\Windows\System32\Wbem;C:\Windows\System32\WindowsPowerShell\v1.0\;C:\Windows\System32\OpenSSH\;C:\Program Files (x86)\NVIDIA Corporation\PhysX\Common;C:\Program Files\NVIDIA Corporation\NVIDIA NvDLISR;C:\WINDOWS\system32;C:\WINDOWS;C:\WINDOWS\System32\Wbem;C:\WINDOWS\System32\WindowsPowerShell\v1.0\;C:\WINDOWS\System32\OpenSSH\;C:\MinGW\bin;C:\Program Files\dotnet\;C:\Program Files\MySQL\MySQL Server 8.0\bin;C:\ProgramData\chocolatey\bin;C:\Program Files\Microsoft SQL Server\130\Tools\Binn\;C:\Program Files\Cloudflare\Cloudflare WARP\;C:\Program Files\Git\cmd;C:\Program Files\NVIDIA GPU Computing Toolkit\CUDA\v12.4\bin;C:\Program Files\NVIDIA GPU Computing Toolkit\CUDA\v12.4\libnvvp;C:\Program Files\NVIDIA GPU Computing Toolkit\CUDA\v12.4\extras\CUPTI\lib64;C:\Program Files\Google Protobuf\bin;C:\Program Files\NVIDIA Corporation\Nsight Compute 2022.3.0\;C:\xampp\php;C:\ProgramData\ComposerSetup\bin;C:\Program Files\nodejs\;C:\Users\narendra\AppData\Local\Android\Sdk\platform-tools;C:\Users\narendra\AppData\Local\Android\Sdk\emulator;C:\Program Files\MySQL\MySQL Shell 8.1\bin\;C:\Users\narendra\AppData\Local\Programs\Eclipse Adoptium\jdk-17.0.7.7-hotspot\bin;C:\Program Files\MySQL\MySQL Shell 8.0\bin\;C:\Users\narendra\AppData\Local\Microsoft\WindowsApps;C:\Users\narendra\AppData\Local\Programs\Microsoft VS Code\bin;C:\Program Files\MongoDB\Server\7.0\bin;C:\Program Files\MongoDB\mongosh\mongosh-2.0.1-win32-x64\bin;C:\Users\narendra\AppData\Roaming\Composer\vendor\bin;C:\Users\narendra\AppData\Local\GitHubDesktop\bin;C:\Users\narendra\AppData\Roaming\npm;C:\Users\narendra\AppData\Roaming\Python\Python312\Scripts;
USERNAME=narendra
OS=Windows_NT
PROCESSOR_IDENTIFIER=Intel64 Family 6 Model 158 Stepping 10, GenuineIntel
TMP=C:\Users\narendra\AppData\Local\Temp
TEMP=C:\Users\narendra\AppData\Local\Temp




Periodic native trim disabled

---------------  S Y S T E M  ---------------

OS:
 Windows 11 , 64 bit Build 22621 (10.0.22621.4387)
OS uptime: 0 days 3:50 hours
Hyper-V role detected

CPU: total 8 (initial active 8) (4 cores per cpu, 2 threads per core) family 6 model 158 stepping 10 microcode 0xde, cx8, cmov, fxsr, ht, mmx, 3dnowpref, sse, sse2, sse3, ssse3, sse4.1, sse4.2, popcnt, lzcnt, tsc, tscinvbit, avx, avx2, aes, erms, clmul, bmi1, bmi2, adx, fma, vzeroupper, clflush, clflushopt, hv, rdtscp, f16c
Processor Information for the first 8 processors :
  Max Mhz: 2400, Current Mhz: 2400, Mhz Limit: 2400

Memory: 4k page, system-wide physical 8043M (303M free)
TotalPageFile size 32619M (AvailPageFile size 5M)
current process WorkingSet (physical memory assigned to process): 275M, peak: 275M
current process commit charge ("private bytes"): 349M, peak: 351M

vm_info: OpenJDK 64-Bit Server VM (21.0.8+9-LTS) for windows-amd64 JRE (21.0.8+9-LTS), built on 2025-07-15T00:00:00Z by "admin" with MS VC++ 17.7 (VS2022)

END.
