#
# There is insufficient memory for the Java Runtime Environment to continue.
# Native memory allocation (malloc) failed to allocate 291824 bytes. Error detail: Chunk::new
# Possible reasons:
#   The system is out of physical RAM or swap space
#   This process is running with CompressedOops enabled, and the Java Heap may be blocking the growth of the native heap
# Possible solutions:
#   Reduce memory load on the system
#   Increase physical memory or swap space
#   Check if swap backing store is full
#   Decrease Java heap size (-Xmx/-Xms)
#   Decrease number of Java threads
#   Decrease Java thread stack sizes (-Xss)
#   Set larger code cache with -XX:ReservedCodeCacheSize=
#   JVM is running with Unscaled Compressed Oops mode in which the Java heap is
#     placed in the first 4GB address space. The Java Heap base address is the
#     maximum limit for the native heap growth. Please use -XX:HeapBaseMinAddress
#     to set the Java Heap base and to place the Java Heap above 4GB virtual address.
# This output file may be truncated or incomplete.
#
#  Out of Memory Error (arena.cpp:168), pid=9576, tid=10376
#
# JRE version: OpenJDK Runtime Environment Temurin-21.0.8+9 (21.0.8+9) (build 21.0.8+9-LTS)
# Java VM: OpenJDK 64-Bit Server VM Temurin-21.0.8+9 (21.0.8+9-LTS, mixed mode, sharing, tiered, compressed oops, compressed class ptrs, parallel gc, windows-amd64)
# No core dump will be written. Minidumps are not enabled by default on client versions of Windows
#

---------------  S U M M A R Y ------------

Command Line: --add-modules=ALL-SYSTEM --add-opens=java.base/java.util=ALL-UNNAMED --add-opens=java.base/java.lang=ALL-UNNAMED --add-opens=java.base/sun.nio.fs=ALL-UNNAMED -Declipse.application=org.eclipse.jdt.ls.core.id1 -Dosgi.bundles.defaultStartLevel=4 -Declipse.product=org.eclipse.jdt.ls.core.product -Djava.import.generatesMetadataFilesAtProjectRoot=false -DDetectVMInstallationsJob.disabled=true -Dfile.encoding=utf8 -XX:+UseParallelGC -XX:GCTimeRatio=4 -XX:AdaptiveSizePolicyWeight=90 -Dsun.zip.disableMemoryMapping=true -Xmx2G -Xms100m -Xlog:disable -javaagent:c:\Users\narendra\.vscode\extensions\redhat.java-1.44.0-win32-x64\lombok\lombok-1.18.39-4050.jar -XX:+HeapDumpOnOutOfMemoryError -XX:HeapDumpPath=c:\Users\narendra\AppData\Roaming\Code\User\workspaceStorage\6feff0a632fff3dcab2f0f7fe0a67b9f\redhat.java -Daether.dependencyCollector.impl=bf c:\Users\narendra\.vscode\extensions\redhat.java-1.44.0-win32-x64\server\plugins\org.eclipse.equinox.launcher_1.7.0.v20250519-0528.jar -configuration c:\Users\narendra\AppData\Roaming\Code\User\globalStorage\redhat.java\1.44.0\config_win -data c:\Users\narendra\AppData\Roaming\Code\User\workspaceStorage\6feff0a632fff3dcab2f0f7fe0a67b9f\redhat.java\jdt_ws --pipe=\\.\pipe\lsp-bb55a2eda096a86620fdc0e131e3947d-sock

Host: Intel(R) Core(TM) i5-9300H CPU @ 2.40GHz, 8 cores, 7G,  Windows 11 , 64 bit Build 22621 (10.0.22621.4387)
Time: Thu Aug 21 15:31:19 2025 India Standard Time elapsed time: 17.310785 seconds (0d 0h 0m 17s)

---------------  T H R E A D  ---------------

Current thread (0x00000169af5eb490):  JavaThread "C2 CompilerThread0" daemon [_thread_in_native, id=10376, stack(0x0000000cd6e00000,0x0000000cd6f00000) (1024K)]


Current CompileTask:
C2:17310 8855       4       org.eclipse.osgi.internal.container.KeyBasedLockStore::getLock (105 bytes)

Stack: [0x0000000cd6e00000,0x0000000cd6f00000]
Native frames: (J=compiled Java code, j=interpreted, Vv=VM code, C=native code)
V  [jvm.dll+0x6d2449]
V  [jvm.dll+0x8ae341]
V  [jvm.dll+0x8b08be]
V  [jvm.dll+0x8b0fa3]
V  [jvm.dll+0x280c96]
V  [jvm.dll+0xc581d]
V  [jvm.dll+0xc5d53]
V  [jvm.dll+0x3b919c]
V  [jvm.dll+0x385315]
V  [jvm.dll+0x38477a]
V  [jvm.dll+0x248ed0]
V  [jvm.dll+0x2484af]
V  [jvm.dll+0x1c89ee]
V  [jvm.dll+0x257d4d]
V  [jvm.dll+0x2562ea]
V  [jvm.dll+0x3f2d16]
V  [jvm.dll+0x857e6b]
V  [jvm.dll+0x6d0b0d]
C  [ucrtbase.dll+0x29333]
C  [KERNEL32.DLL+0x1259d]
C  [ntdll.dll+0x5af38]


---------------  P R O C E S S  ---------------

Threads class SMR info:
_java_thread_list=0x00000169f66de830, length=42, elements={
0x00000169968398b0, 0x0000016998c3d0b0, 0x0000016998c3e210, 0x00000169af5e4ce0,
0x00000169af5e5bf0, 0x00000169af5e6ba0, 0x00000169af5ea710, 0x00000169af5eb490,
0x00000169af600cb0, 0x0000016998bf0d70, 0x00000169f6388b20, 0x00000169f6bb6f20,
0x00000169f6b7bcc0, 0x00000169f6ddd730, 0x00000169f6dde570, 0x00000169f72d4cd0,
0x00000169f71a3fd0, 0x00000169f72ac980, 0x00000169f72abc60, 0x00000169f72aaf40,
0x00000169f72ad010, 0x00000169f72aa8b0, 0x00000169f72ab5d0, 0x00000169f72ac2f0,
0x00000169f7aec7f0, 0x00000169f7aea090, 0x00000169f7aea720, 0x00000169f7aec160,
0x00000169f7aebad0, 0x00000169f7ae6580, 0x00000169f7aece80, 0x00000169f7ae9a00,
0x00000169f7aeb440, 0x00000169f7aeadb0, 0x00000169f7ae6c10, 0x00000169f7aed510,
0x00000169f7ae72a0, 0x00000169f7ae7930, 0x00000169f7ae7fc0, 0x00000169f7ae8650,
0x00000169f7ae9370, 0x00000169f6e8ef20
}

Java Threads: ( => current thread )
  0x00000169968398b0 JavaThread "main"                              [_thread_blocked, id=3800, stack(0x0000000cd6400000,0x0000000cd6500000) (1024K)]
  0x0000016998c3d0b0 JavaThread "Reference Handler"          daemon [_thread_blocked, id=16184, stack(0x0000000cd6800000,0x0000000cd6900000) (1024K)]
  0x0000016998c3e210 JavaThread "Finalizer"                  daemon [_thread_blocked, id=7248, stack(0x0000000cd6900000,0x0000000cd6a00000) (1024K)]
  0x00000169af5e4ce0 JavaThread "Signal Dispatcher"          daemon [_thread_blocked, id=12116, stack(0x0000000cd6a00000,0x0000000cd6b00000) (1024K)]
  0x00000169af5e5bf0 JavaThread "Attach Listener"            daemon [_thread_blocked, id=21412, stack(0x0000000cd6b00000,0x0000000cd6c00000) (1024K)]
  0x00000169af5e6ba0 JavaThread "Service Thread"             daemon [_thread_blocked, id=14348, stack(0x0000000cd6c00000,0x0000000cd6d00000) (1024K)]
  0x00000169af5ea710 JavaThread "Monitor Deflation Thread"   daemon [_thread_blocked, id=10256, stack(0x0000000cd6d00000,0x0000000cd6e00000) (1024K)]
=>0x00000169af5eb490 JavaThread "C2 CompilerThread0"         daemon [_thread_in_native, id=10376, stack(0x0000000cd6e00000,0x0000000cd6f00000) (1024K)]
  0x00000169af600cb0 JavaThread "C1 CompilerThread0"         daemon [_thread_blocked, id=2740, stack(0x0000000cd6f00000,0x0000000cd7000000) (1024K)]
  0x0000016998bf0d70 JavaThread "Common-Cleaner"             daemon [_thread_blocked, id=19148, stack(0x0000000cd7000000,0x0000000cd7100000) (1024K)]
  0x00000169f6388b20 JavaThread "Notification Thread"        daemon [_thread_blocked, id=15508, stack(0x0000000cd7200000,0x0000000cd7300000) (1024K)]
  0x00000169f6bb6f20 JavaThread "Active Thread: Equinox Container: d122b785-6bc7-4a1b-8cc6-6a236a7279e3"        [_thread_blocked, id=14936, stack(0x0000000cd7900000,0x0000000cd7a00000) (1024K)]
  0x00000169f6b7bcc0 JavaThread "Refresh Thread: Equinox Container: d122b785-6bc7-4a1b-8cc6-6a236a7279e3" daemon [_thread_blocked, id=14484, stack(0x0000000cd7b00000,0x0000000cd7c00000) (1024K)]
  0x00000169f6ddd730 JavaThread "Framework Event Dispatcher: Equinox Container: d122b785-6bc7-4a1b-8cc6-6a236a7279e3" daemon [_thread_blocked, id=16380, stack(0x0000000cd7c00000,0x0000000cd7d00000) (1024K)]
  0x00000169f6dde570 JavaThread "Start Level: Equinox Container: d122b785-6bc7-4a1b-8cc6-6a236a7279e3" daemon [_thread_blocked, id=15216, stack(0x0000000cd7d00000,0x0000000cd7e00000) (1024K)]
  0x00000169f72d4cd0 JavaThread "Bundle File Closer"         daemon [_thread_blocked, id=19388, stack(0x0000000cd7e00000,0x0000000cd7f00000) (1024K)]
  0x00000169f71a3fd0 JavaThread "SCR Component Actor"        daemon [_thread_blocked, id=17188, stack(0x0000000cd7f00000,0x0000000cd8000000) (1024K)]
  0x00000169f72ac980 JavaThread "Worker-JM"                         [_thread_blocked, id=19224, stack(0x0000000cd8100000,0x0000000cd8200000) (1024K)]
  0x00000169f72abc60 JavaThread "JNA Cleaner"                daemon [_thread_blocked, id=3452, stack(0x0000000cd7100000,0x0000000cd7200000) (1024K)]
  0x00000169f72aaf40 JavaThread "Worker-0"                          [_thread_blocked, id=18056, stack(0x0000000cd8200000,0x0000000cd8300000) (1024K)]
  0x00000169f72ad010 JavaThread "Worker-1: Refreshing workspace"        [_thread_blocked, id=18612, stack(0x0000000cd8300000,0x0000000cd8400000) (1024K)]
  0x00000169f72aa8b0 JavaThread "Worker-2"                          [_thread_blocked, id=20180, stack(0x0000000cd8400000,0x0000000cd8500000) (1024K)]
  0x00000169f72ab5d0 JavaThread "Java indexing"              daemon [_thread_in_Java, id=14380, stack(0x0000000cd8500000,0x0000000cd8600000) (1024K)]
  0x00000169f72ac2f0 JavaThread "Worker-3"                          [_thread_blocked, id=6312, stack(0x0000000cd8600000,0x0000000cd8700000) (1024K)]
  0x00000169f7aec7f0 JavaThread "Worker-4: Initialize Workspace"        [_thread_blocked, id=4440, stack(0x0000000cd8700000,0x0000000cd8800000) (1024K)]
  0x00000169f7aea090 JavaThread "Worker-5"                          [_thread_blocked, id=17944, stack(0x0000000cd8800000,0x0000000cd8900000) (1024K)]
  0x00000169f7aea720 JavaThread "Worker-6: Java indexing... "        [_thread_blocked, id=2040, stack(0x0000000cd8900000,0x0000000cd8a00000) (1024K)]
  0x00000169f7aec160 JavaThread "Worker-7"                          [_thread_blocked, id=19596, stack(0x0000000cd8a00000,0x0000000cd8b00000) (1024K)]
  0x00000169f7aebad0 JavaThread "Thread-2"                   daemon [_thread_in_native, id=12852, stack(0x0000000cd8b00000,0x0000000cd8c00000) (1024K)]
  0x00000169f7ae6580 JavaThread "Thread-3"                   daemon [_thread_in_native, id=11372, stack(0x0000000cd8c00000,0x0000000cd8d00000) (1024K)]
  0x00000169f7aece80 JavaThread "Thread-4"                   daemon [_thread_in_native, id=7188, stack(0x0000000cd8d00000,0x0000000cd8e00000) (1024K)]
  0x00000169f7ae9a00 JavaThread "Thread-5"                   daemon [_thread_in_native, id=13584, stack(0x0000000cd8e00000,0x0000000cd8f00000) (1024K)]
  0x00000169f7aeb440 JavaThread "Thread-6"                   daemon [_thread_in_native, id=18980, stack(0x0000000cd8f00000,0x0000000cd9000000) (1024K)]
  0x00000169f7aeadb0 JavaThread "Thread-7"                   daemon [_thread_in_native, id=1556, stack(0x0000000cd9000000,0x0000000cd9100000) (1024K)]
  0x00000169f7ae6c10 JavaThread "Thread-8"                   daemon [_thread_in_native, id=17728, stack(0x0000000cd9100000,0x0000000cd9200000) (1024K)]
  0x00000169f7aed510 JavaThread "Thread-9"                   daemon [_thread_in_native, id=18816, stack(0x0000000cd9200000,0x0000000cd9300000) (1024K)]
  0x00000169f7ae72a0 JavaThread "Thread-10"                  daemon [_thread_in_native, id=19280, stack(0x0000000cd9300000,0x0000000cd9400000) (1024K)]
  0x00000169f7ae7930 JavaThread "pool-2-thread-1"                   [_thread_blocked, id=868, stack(0x0000000cd9400000,0x0000000cd9500000) (1024K)]
  0x00000169f7ae7fc0 JavaThread "WorkspaceEventsHandler"            [_thread_blocked, id=5736, stack(0x0000000cd9500000,0x0000000cd9600000) (1024K)]
  0x00000169f7ae8650 JavaThread "pool-1-thread-1"                   [_thread_blocked, id=6928, stack(0x0000000cd9600000,0x0000000cd9700000) (1024K)]
  0x00000169f7ae9370 JavaThread "Timer-0"                           [_thread_blocked, id=17668, stack(0x0000000cd8000000,0x0000000cd8100000) (1024K)]
  0x00000169f6e8ef20 JavaThread "Connection worker"                 [_thread_in_native, id=3316, stack(0x0000000cd9700000,0x0000000cd9800000) (1024K)]
Total: 42

Other Threads:
  0x0000016998c1f810 VMThread "VM Thread"                           [id=17108, stack(0x0000000cd6700000,0x0000000cd6800000) (1024K)]
  0x0000016998befaa0 WatcherThread "VM Periodic Task Thread"        [id=11800, stack(0x0000000cd6600000,0x0000000cd6700000) (1024K)]
  0x0000016998ba1ad0 WorkerThread "GC Thread#0"                     [id=14712, stack(0x0000000cd6500000,0x0000000cd6600000) (1024K)]
  0x00000169f6802840 WorkerThread "GC Thread#1"                     [id=17964, stack(0x0000000cd7300000,0x0000000cd7400000) (1024K)]
  0x00000169f69c54f0 WorkerThread "GC Thread#2"                     [id=892, stack(0x0000000cd7400000,0x0000000cd7500000) (1024K)]
  0x00000169f69c5890 WorkerThread "GC Thread#3"                     [id=21028, stack(0x0000000cd7500000,0x0000000cd7600000) (1024K)]
  0x00000169f69c5c30 WorkerThread "GC Thread#4"                     [id=13420, stack(0x0000000cd7600000,0x0000000cd7700000) (1024K)]
  0x00000169f69c5fd0 WorkerThread "GC Thread#5"                     [id=20560, stack(0x0000000cd7700000,0x0000000cd7800000) (1024K)]
  0x00000169f6934e10 WorkerThread "GC Thread#6"                     [id=19400, stack(0x0000000cd7800000,0x0000000cd7900000) (1024K)]
  0x00000169f6ba2740 WorkerThread "GC Thread#7"                     [id=664, stack(0x0000000cd7a00000,0x0000000cd7b00000) (1024K)]
Total: 10

Threads with active compile tasks:
C2 CompilerThread0  17345 8855       4       org.eclipse.osgi.internal.container.KeyBasedLockStore::getLock (105 bytes)
Total: 1

VM state: not at safepoint (normal execution)

VM Mutex/Monitor currently owned by a thread: None

Heap address: 0x0000000080000000, size: 2048 MB, Compressed Oops mode: 32-bit

CDS archive(s) mapped at: [0x00000169b0000000-0x00000169b0ba0000-0x00000169b0ba0000), size 12189696, SharedBaseAddress: 0x00000169b0000000, ArchiveRelocationMode: 1.
Compressed class space mapped at: 0x00000169b1000000-0x00000169f1000000, reserved size: 1073741824
Narrow klass base: 0x00000169b0000000, Narrow klass shift: 0, Narrow klass range: 0x100000000

GC Precious Log:
 CardTable entry size: 512
 CPUs: 8 total, 8 available
 Memory: 8043M
 Large Page Support: Disabled
 NUMA Support: Disabled
 Compressed Oops: Enabled (32-bit)
 Alignments: Space 512K, Generation 512K, Heap 2M
 Heap Min Capacity: 100M
 Heap Initial Capacity: 100M
 Heap Max Capacity: 2G
 Pre-touch: Disabled
 Parallel Workers: 8

Heap:
 PSYoungGen      total 9728K, used 6770K [0x00000000d5580000, 0x00000000d6200000, 0x0000000100000000)
  eden space 7680K, 64% used [0x00000000d5580000,0x00000000d5a51a78,0x00000000d5d00000)
  from space 2048K, 89% used [0x00000000d5d00000,0x00000000d5ecaf20,0x00000000d5f00000)
  to   space 2560K, 0% used [0x00000000d5f80000,0x00000000d5f80000,0x00000000d6200000)
 ParOldGen       total 83968K, used 75032K [0x0000000080000000, 0x0000000085200000, 0x00000000d5580000)
  object space 83968K, 89% used [0x0000000080000000,0x0000000084946038,0x0000000085200000)
 Metaspace       used 51362K, committed 52672K, reserved 1114112K
  class space    used 5598K, committed 6208K, reserved 1048576K

Card table byte_map: [0x0000016998520000,0x0000016998930000] _byte_map_base: 0x0000016998120000

Marking Bits: (ParMarkBitMap*) 0x00007ffda1aba340
 Begin Bits: [0x00000169ab020000, 0x00000169ad020000)
 End Bits:   [0x00000169ad020000, 0x00000169af020000)

Polling page: 0x0000016996a40000

Metaspace:

Usage:
  Non-class:     44.69 MB used.
      Class:      5.47 MB used.
       Both:     50.16 MB used.

Virtual space:
  Non-class space:       64.00 MB reserved,      45.38 MB ( 71%) committed,  1 nodes.
      Class space:        1.00 GB reserved,       6.06 MB ( <1%) committed,  1 nodes.
             Both:        1.06 GB reserved,      51.44 MB (  5%) committed. 

Chunk freelists:
   Non-Class:  2.34 MB
       Class:  9.98 MB
        Both:  12.33 MB

MaxMetaspaceSize: unlimited
CompressedClassSpaceSize: 1.00 GB
Initial GC threshold: 21.00 MB
Current GC threshold: 85.75 MB
CDS: on
 - commit_granule_bytes: 65536.
 - commit_granule_words: 8192.
 - virtual_space_node_default_size: 8388608.
 - enlarge_chunks_in_place: 1.
 - use_allocation_guard: 0.


Internal statistics:

num_allocs_failed_limit: 12.
num_arena_births: 898.
num_arena_deaths: 26.
num_vsnodes_births: 2.
num_vsnodes_deaths: 0.
num_space_committed: 823.
num_space_uncommitted: 0.
num_chunks_returned_to_freelist: 43.
num_chunks_taken_from_freelist: 3228.
num_chunk_merges: 16.
num_chunk_splits: 1996.
num_chunks_enlarged: 1132.
num_inconsistent_stats: 0.

CodeHeap 'non-profiled nmethods': size=120000Kb used=3611Kb max_used=3809Kb free=116388Kb
 bounds [0x00000169a3840000, 0x00000169a3c00000, 0x00000169aad70000]
CodeHeap 'profiled nmethods': size=120000Kb used=16037Kb max_used=16758Kb free=103962Kb
 bounds [0x000001699bd70000, 0x000001699cdd0000, 0x00000169a32a0000]
CodeHeap 'non-nmethods': size=5760Kb used=1391Kb max_used=1455Kb free=4368Kb
 bounds [0x00000169a32a0000, 0x00000169a3510000, 0x00000169a3840000]
CodeCache: size=245760Kb, used=21039Kb, max_used=22022Kb, free=224718Kb
 total_blobs=8727, nmethods=8029, adapters=604, full_count=0
Compilation: enabled, stopped_count=0, restarted_count=0

Compilation events (20 events):
Event: 17.017 Thread 0x00000169af600cb0 8899       3       java.nio.Buffer::checkSession (14 bytes)
Event: 17.017 Thread 0x00000169af600cb0 nmethod 8899 0x000001699cdc7b90 code [0x000001699cdc7d60, 0x000001699cdc8168]
Event: 17.021 Thread 0x00000169af600cb0 8901       2       org.eclipse.jdt.internal.core.search.indexing.BinaryIndexer::addPairValue (141 bytes)
Event: 17.022 Thread 0x00000169af600cb0 nmethod 8901 0x000001699cdc8290 code [0x000001699cdc8500, 0x000001699cdc8bb0]
Event: 17.026 Thread 0x00000169af600cb0 8902       2       org.eclipse.jdt.internal.compiler.classfmt.AnnotationInfo::decodeDefaultValue (871 bytes)
Event: 17.032 Thread 0x00000169af600cb0 nmethod 8902 0x000001699cdc8f90 code [0x000001699cdc9420, 0x000001699cdcac40]
Event: 17.048 Thread 0x00000169af5eb490 nmethod 8863 0x00000169a3bf5e10 code [0x00000169a3bf6140, 0x00000169a3bf76d8]
Event: 17.048 Thread 0x00000169af5eb490 8829   !   4       org.eclipse.osgi.internal.loader.BundleLoader::getImportedSources (114 bytes)
Event: 17.060 Thread 0x00000169af600cb0 8903       2       org.eclipse.jdt.internal.core.search.indexing.BinaryIndexer::addBinaryStandardAnnotations (238 bytes)
Event: 17.063 Thread 0x00000169af600cb0 nmethod 8903 0x000001699cdcbb10 code [0x000001699cdcbf60, 0x000001699cdccd30]
Event: 17.288 Thread 0x00000169af5eb490 nmethod 8829 0x00000169a39d6890 code [0x00000169a39d6ba0, 0x00000169a39d83d0]
Event: 17.288 Thread 0x00000169af5eb490 8894       4       org.eclipse.jdt.internal.core.search.indexing.AbstractIndexer::addNameReference (9 bytes)
Event: 17.290 Thread 0x00000169af5eb490 nmethod 8894 0x00000169a39d3490 code [0x00000169a39d3640, 0x00000169a39d37e8]
Event: 17.290 Thread 0x00000169af5eb490 8855       4       org.eclipse.osgi.internal.container.KeyBasedLockStore::getLock (105 bytes)
Event: 17.296 Thread 0x00000169af600cb0 8904       3       org.eclipse.jdt.internal.compiler.classfmt.MethodInfo::decodeMethodAnnotations (177 bytes)
Event: 17.297 Thread 0x00000169af600cb0 nmethod 8904 0x000001699bf2a510 code [0x000001699bf2a740, 0x000001699bf2b148]
Event: 17.297 Thread 0x00000169af600cb0 8905       3       org.eclipse.jdt.internal.compiler.classfmt.MethodInfo::decodeAnnotations (69 bytes)
Event: 17.297 Thread 0x00000169af600cb0 nmethod 8905 0x000001699c0c9410 code [0x000001699c0c95e0, 0x000001699c0c9aa0]
Event: 17.305 Thread 0x00000169af600cb0 8906       2       org.eclipse.jdt.internal.compiler.classfmt.AnnotationInfo::scanElementValue (256 bytes)
Event: 17.306 Thread 0x00000169af600cb0 nmethod 8906 0x000001699c0e5d10 code [0x000001699c0e5f00, 0x000001699c0e6400]

GC Heap History (20 events):
Event: 16.293 GC heap before
{Heap before GC invocations=54 (full 2):
 PSYoungGen      total 9728K, used 9719K [0x00000000d5580000, 0x00000000d6380000, 0x0000000100000000)
  eden space 9216K, 100% used [0x00000000d5580000,0x00000000d5e80000,0x00000000d5e80000)
  from space 512K, 98% used [0x00000000d6000000,0x00000000d607dc60,0x00000000d6080000)
  to   space 2560K, 0% used [0x00000000d6100000,0x00000000d6100000,0x00000000d6380000)
 ParOldGen       total 71680K, used 71435K [0x0000000080000000, 0x0000000084600000, 0x00000000d5580000)
  object space 71680K, 99% used [0x0000000080000000,0x00000000845c2ff0,0x0000000084600000)
 Metaspace       used 49980K, committed 51200K, reserved 1114112K
  class space    used 5374K, committed 5888K, reserved 1048576K
}
Event: 16.297 GC heap after
{Heap after GC invocations=54 (full 2):
 PSYoungGen      total 11264K, used 1826K [0x00000000d5580000, 0x00000000d6300000, 0x0000000100000000)
  eden space 9216K, 0% used [0x00000000d5580000,0x00000000d5580000,0x00000000d5e80000)
  from space 2048K, 89% used [0x00000000d6100000,0x00000000d62c8b20,0x00000000d6300000)
  to   space 2048K, 0% used [0x00000000d5f00000,0x00000000d5f00000,0x00000000d6100000)
 ParOldGen       total 72192K, used 71955K [0x0000000080000000, 0x0000000084680000, 0x00000000d5580000)
  object space 72192K, 99% used [0x0000000080000000,0x0000000084644ee8,0x0000000084680000)
 Metaspace       used 49980K, committed 51200K, reserved 1114112K
  class space    used 5374K, committed 5888K, reserved 1048576K
}
Event: 16.781 GC heap before
{Heap before GC invocations=55 (full 2):
 PSYoungGen      total 11264K, used 11042K [0x00000000d5580000, 0x00000000d6300000, 0x0000000100000000)
  eden space 9216K, 100% used [0x00000000d5580000,0x00000000d5e80000,0x00000000d5e80000)
  from space 2048K, 89% used [0x00000000d6100000,0x00000000d62c8b20,0x00000000d6300000)
  to   space 2048K, 0% used [0x00000000d5f00000,0x00000000d5f00000,0x00000000d6100000)
 ParOldGen       total 72192K, used 71955K [0x0000000080000000, 0x0000000084680000, 0x00000000d5580000)
  object space 72192K, 99% used [0x0000000080000000,0x0000000084644ee8,0x0000000084680000)
 Metaspace       used 50273K, committed 51520K, reserved 1114112K
  class space    used 5421K, committed 5952K, reserved 1048576K
}
Event: 16.783 GC heap after
{Heap after GC invocations=55 (full 2):
 PSYoungGen      total 11264K, used 1712K [0x00000000d5580000, 0x00000000d6280000, 0x0000000100000000)
  eden space 9216K, 0% used [0x00000000d5580000,0x00000000d5580000,0x00000000d5e80000)
  from space 2048K, 83% used [0x00000000d5f00000,0x00000000d60ac338,0x00000000d6100000)
  to   space 1536K, 0% used [0x00000000d6100000,0x00000000d6100000,0x00000000d6280000)
 ParOldGen       total 73728K, used 73597K [0x0000000080000000, 0x0000000084800000, 0x00000000d5580000)
  object space 73728K, 99% used [0x0000000080000000,0x00000000847df658,0x0000000084800000)
 Metaspace       used 50273K, committed 51520K, reserved 1114112K
  class space    used 5421K, committed 5952K, reserved 1048576K
}
Event: 16.832 GC heap before
{Heap before GC invocations=56 (full 2):
 PSYoungGen      total 11264K, used 10928K [0x00000000d5580000, 0x00000000d6280000, 0x0000000100000000)
  eden space 9216K, 100% used [0x00000000d5580000,0x00000000d5e80000,0x00000000d5e80000)
  from space 2048K, 83% used [0x00000000d5f00000,0x00000000d60ac338,0x00000000d6100000)
  to   space 1536K, 0% used [0x00000000d6100000,0x00000000d6100000,0x00000000d6280000)
 ParOldGen       total 73728K, used 73597K [0x0000000080000000, 0x0000000084800000, 0x00000000d5580000)
  object space 73728K, 99% used [0x0000000080000000,0x00000000847df658,0x0000000084800000)
 Metaspace       used 50554K, committed 51776K, reserved 1114112K
  class space    used 5464K, committed 6016K, reserved 1048576K
}
Event: 16.834 GC heap after
{Heap after GC invocations=56 (full 2):
 PSYoungGen      total 9216K, used 1529K [0x00000000d5580000, 0x00000000d6680000, 0x0000000100000000)
  eden space 7680K, 0% used [0x00000000d5580000,0x00000000d5580000,0x00000000d5d00000)
  from space 1536K, 99% used [0x00000000d6100000,0x00000000d627e418,0x00000000d6280000)
  to   space 4096K, 0% used [0x00000000d5d00000,0x00000000d5d00000,0x00000000d6100000)
 ParOldGen       total 75776K, used 75406K [0x0000000080000000, 0x0000000084a00000, 0x00000000d5580000)
  object space 75776K, 99% used [0x0000000080000000,0x00000000849a3bf0,0x0000000084a00000)
 Metaspace       used 50554K, committed 51776K, reserved 1114112K
  class space    used 5464K, committed 6016K, reserved 1048576K
}
Event: 16.865 GC heap before
{Heap before GC invocations=57 (full 2):
 PSYoungGen      total 9216K, used 9209K [0x00000000d5580000, 0x00000000d6680000, 0x0000000100000000)
  eden space 7680K, 100% used [0x00000000d5580000,0x00000000d5d00000,0x00000000d5d00000)
  from space 1536K, 99% used [0x00000000d6100000,0x00000000d627e418,0x00000000d6280000)
  to   space 4096K, 0% used [0x00000000d5d00000,0x00000000d5d00000,0x00000000d6100000)
 ParOldGen       total 75776K, used 75406K [0x0000000080000000, 0x0000000084a00000, 0x00000000d5580000)
  object space 75776K, 99% used [0x0000000080000000,0x00000000849a3bf0,0x0000000084a00000)
 Metaspace       used 50792K, committed 51968K, reserved 1114112K
  class space    used 5514K, committed 6016K, reserved 1048576K
}
Event: 16.867 GC heap after
{Heap after GC invocations=57 (full 2):
 PSYoungGen      total 9216K, used 1368K [0x00000000d5580000, 0x00000000d6200000, 0x0000000100000000)
  eden space 7680K, 0% used [0x00000000d5580000,0x00000000d5580000,0x00000000d5d00000)
  from space 1536K, 89% used [0x00000000d5d00000,0x00000000d5e56270,0x00000000d5e80000)
  to   space 2560K, 0% used [0x00000000d5f80000,0x00000000d5f80000,0x00000000d6200000)
 ParOldGen       total 77312K, used 76880K [0x0000000080000000, 0x0000000084b80000, 0x00000000d5580000)
  object space 77312K, 99% used [0x0000000080000000,0x0000000084b143a0,0x0000000084b80000)
 Metaspace       used 50792K, committed 51968K, reserved 1114112K
  class space    used 5514K, committed 6016K, reserved 1048576K
}
Event: 16.911 GC heap before
{Heap before GC invocations=58 (full 2):
 PSYoungGen      total 9216K, used 9048K [0x00000000d5580000, 0x00000000d6200000, 0x0000000100000000)
  eden space 7680K, 100% used [0x00000000d5580000,0x00000000d5d00000,0x00000000d5d00000)
  from space 1536K, 89% used [0x00000000d5d00000,0x00000000d5e56270,0x00000000d5e80000)
  to   space 2560K, 0% used [0x00000000d5f80000,0x00000000d5f80000,0x00000000d6200000)
 ParOldGen       total 77312K, used 76880K [0x0000000080000000, 0x0000000084b80000, 0x00000000d5580000)
  object space 77312K, 99% used [0x0000000080000000,0x0000000084b143a0,0x0000000084b80000)
 Metaspace       used 51043K, committed 52288K, reserved 1114112K
  class space    used 5554K, committed 6080K, reserved 1048576K
}
Event: 16.913 GC heap after
{Heap after GC invocations=58 (full 2):
 PSYoungGen      total 9216K, used 1488K [0x00000000d5580000, 0x00000000d6100000, 0x0000000100000000)
  eden space 7680K, 0% used [0x00000000d5580000,0x00000000d5580000,0x00000000d5d00000)
  from space 1536K, 96% used [0x00000000d5f80000,0x00000000d60f4358,0x00000000d6100000)
  to   space 2048K, 0% used [0x00000000d5d00000,0x00000000d5d00000,0x00000000d5f00000)
 ParOldGen       total 78336K, used 78109K [0x0000000080000000, 0x0000000084c80000, 0x00000000d5580000)
  object space 78336K, 99% used [0x0000000080000000,0x0000000084c47720,0x0000000084c80000)
 Metaspace       used 51043K, committed 52288K, reserved 1114112K
  class space    used 5554K, committed 6080K, reserved 1048576K
}
Event: 16.951 GC heap before
{Heap before GC invocations=59 (full 2):
 PSYoungGen      total 9216K, used 9168K [0x00000000d5580000, 0x00000000d6100000, 0x0000000100000000)
  eden space 7680K, 100% used [0x00000000d5580000,0x00000000d5d00000,0x00000000d5d00000)
  from space 1536K, 96% used [0x00000000d5f80000,0x00000000d60f4358,0x00000000d6100000)
  to   space 2048K, 0% used [0x00000000d5d00000,0x00000000d5d00000,0x00000000d5f00000)
 ParOldGen       total 78336K, used 78109K [0x0000000080000000, 0x0000000084c80000, 0x00000000d5580000)
  object space 78336K, 99% used [0x0000000080000000,0x0000000084c47720,0x0000000084c80000)
 Metaspace       used 51133K, committed 52352K, reserved 1114112K
  class space    used 5565K, committed 6080K, reserved 1048576K
}
Event: 16.954 GC heap after
{Heap after GC invocations=59 (full 2):
 PSYoungGen      total 9728K, used 1673K [0x00000000d5580000, 0x00000000d6100000, 0x0000000100000000)
  eden space 7680K, 0% used [0x00000000d5580000,0x00000000d5580000,0x00000000d5d00000)
  from space 2048K, 81% used [0x00000000d5d00000,0x00000000d5ea2738,0x00000000d5f00000)
  to   space 2048K, 0% used [0x00000000d5f00000,0x00000000d5f00000,0x00000000d6100000)
 ParOldGen       total 79872K, used 79502K [0x0000000080000000, 0x0000000084e00000, 0x00000000d5580000)
  object space 79872K, 99% used [0x0000000080000000,0x0000000084da3b18,0x0000000084e00000)
 Metaspace       used 51133K, committed 52352K, reserved 1114112K
  class space    used 5565K, committed 6080K, reserved 1048576K
}
Event: 16.981 GC heap before
{Heap before GC invocations=60 (full 2):
 PSYoungGen      total 9728K, used 9353K [0x00000000d5580000, 0x00000000d6100000, 0x0000000100000000)
  eden space 7680K, 100% used [0x00000000d5580000,0x00000000d5d00000,0x00000000d5d00000)
  from space 2048K, 81% used [0x00000000d5d00000,0x00000000d5ea2738,0x00000000d5f00000)
  to   space 2048K, 0% used [0x00000000d5f00000,0x00000000d5f00000,0x00000000d6100000)
 ParOldGen       total 79872K, used 79502K [0x0000000080000000, 0x0000000084e00000, 0x00000000d5580000)
  object space 79872K, 99% used [0x0000000080000000,0x0000000084da3b18,0x0000000084e00000)
 Metaspace       used 51310K, committed 52544K, reserved 1114112K
  class space    used 5592K, committed 6144K, reserved 1048576K
}
Event: 16.983 GC heap after
{Heap after GC invocations=60 (full 2):
 PSYoungGen      total 9216K, used 1431K [0x00000000d5580000, 0x00000000d6080000, 0x0000000100000000)
  eden space 7680K, 0% used [0x00000000d5580000,0x00000000d5580000,0x00000000d5d00000)
  from space 1536K, 93% used [0x00000000d5f00000,0x00000000d6065d90,0x00000000d6080000)
  to   space 1536K, 0% used [0x00000000d5d80000,0x00000000d5d80000,0x00000000d5f00000)
 ParOldGen       total 81408K, used 81008K [0x0000000080000000, 0x0000000084f80000, 0x00000000d5580000)
  object space 81408K, 99% used [0x0000000080000000,0x0000000084f1c030,0x0000000084f80000)
 Metaspace       used 51310K, committed 52544K, reserved 1114112K
  class space    used 5592K, committed 6144K, reserved 1048576K
}
Event: 17.026 GC heap before
{Heap before GC invocations=61 (full 2):
 PSYoungGen      total 9216K, used 9111K [0x00000000d5580000, 0x00000000d6080000, 0x0000000100000000)
  eden space 7680K, 100% used [0x00000000d5580000,0x00000000d5d00000,0x00000000d5d00000)
  from space 1536K, 93% used [0x00000000d5f00000,0x00000000d6065d90,0x00000000d6080000)
  to   space 1536K, 0% used [0x00000000d5d80000,0x00000000d5d80000,0x00000000d5f00000)
 ParOldGen       total 81408K, used 81008K [0x0000000080000000, 0x0000000084f80000, 0x00000000d5580000)
  object space 81408K, 99% used [0x0000000080000000,0x0000000084f1c030,0x0000000084f80000)
 Metaspace       used 51355K, committed 52672K, reserved 1114112K
  class space    used 5598K, committed 6208K, reserved 1048576K
}
Event: 17.029 GC heap after
{Heap after GC invocations=61 (full 2):
 PSYoungGen      total 9216K, used 1530K [0x00000000d5580000, 0x00000000d6400000, 0x0000000100000000)
  eden space 7680K, 0% used [0x00000000d5580000,0x00000000d5580000,0x00000000d5d00000)
  from space 1536K, 99% used [0x00000000d5d80000,0x00000000d5efead0,0x00000000d5f00000)
  to   space 3584K, 0% used [0x00000000d6080000,0x00000000d6080000,0x00000000d6400000)
 ParOldGen       total 82432K, used 82381K [0x0000000080000000, 0x0000000085080000, 0x00000000d5580000)
  object space 82432K, 99% used [0x0000000080000000,0x0000000085073440,0x0000000085080000)
 Metaspace       used 51355K, committed 52672K, reserved 1114112K
  class space    used 5598K, committed 6208K, reserved 1048576K
}
Event: 17.089 GC heap before
{Heap before GC invocations=62 (full 2):
 PSYoungGen      total 9216K, used 9210K [0x00000000d5580000, 0x00000000d6400000, 0x0000000100000000)
  eden space 7680K, 100% used [0x00000000d5580000,0x00000000d5d00000,0x00000000d5d00000)
  from space 1536K, 99% used [0x00000000d5d80000,0x00000000d5efead0,0x00000000d5f00000)
  to   space 3584K, 0% used [0x00000000d6080000,0x00000000d6080000,0x00000000d6400000)
 ParOldGen       total 82432K, used 82381K [0x0000000080000000, 0x0000000085080000, 0x00000000d5580000)
  object space 82432K, 99% used [0x0000000080000000,0x0000000085073440,0x0000000085080000)
 Metaspace       used 51362K, committed 52672K, reserved 1114112K
  class space    used 5598K, committed 6208K, reserved 1048576K
}
Event: 17.092 GC heap after
{Heap after GC invocations=62 (full 2):
 PSYoungGen      total 9216K, used 9210K [0x00000000d5580000, 0x00000000d6400000, 0x0000000100000000)
  eden space 7680K, 100% used [0x00000000d5580000,0x00000000d5d00000,0x00000000d5d00000)
  from space 1536K, 99% used [0x00000000d5d80000,0x00000000d5efead0,0x00000000d5f00000)
  to   space 3584K, 72% used [0x00000000d6080000,0x00000000d630c270,0x00000000d6400000)
 ParOldGen       total 83968K, used 83545K [0x0000000080000000, 0x0000000085200000, 0x00000000d5580000)
  object space 83968K, 99% used [0x0000000080000000,0x00000000851967f8,0x0000000085200000)
 Metaspace       used 51362K, committed 52672K, reserved 1114112K
  class space    used 5598K, committed 6208K, reserved 1048576K
}
Event: 17.092 GC heap before
{Heap before GC invocations=63 (full 3):
 PSYoungGen      total 9216K, used 9210K [0x00000000d5580000, 0x00000000d6400000, 0x0000000100000000)
  eden space 7680K, 100% used [0x00000000d5580000,0x00000000d5d00000,0x00000000d5d00000)
  from space 1536K, 99% used [0x00000000d5d80000,0x00000000d5efead0,0x00000000d5f00000)
  to   space 3584K, 72% used [0x00000000d6080000,0x00000000d630c270,0x00000000d6400000)
 ParOldGen       total 83968K, used 83545K [0x0000000080000000, 0x0000000085200000, 0x00000000d5580000)
  object space 83968K, 99% used [0x0000000080000000,0x00000000851967f8,0x0000000085200000)
 Metaspace       used 51362K, committed 52672K, reserved 1114112K
  class space    used 5598K, committed 6208K, reserved 1048576K
}
Event: 17.261 GC heap after
{Heap after GC invocations=63 (full 3):
 PSYoungGen      total 11264K, used 0K [0x00000000d5580000, 0x00000000d6400000, 0x0000000100000000)
  eden space 7680K, 0% used [0x00000000d5580000,0x00000000d5580000,0x00000000d5d00000)
  from space 3584K, 0% used [0x00000000d6080000,0x00000000d6080000,0x00000000d6400000)
  to   space 3584K, 0% used [0x00000000d5d00000,0x00000000d5d00000,0x00000000d6080000)
 ParOldGen       total 83968K, used 75032K [0x0000000080000000, 0x0000000085200000, 0x00000000d5580000)
  object space 83968K, 89% used [0x0000000080000000,0x0000000084946038,0x0000000085200000)
 Metaspace       used 51362K, committed 52672K, reserved 1114112K
  class space    used 5598K, committed 6208K, reserved 1048576K
}

Dll operation events (10 events):
Event: 0.022 Loaded shared library c:\Users\narendra\.vscode\extensions\redhat.java-1.44.0-win32-x64\jre\21.0.8-win32-x86_64\bin\java.dll
Event: 0.160 Loaded shared library c:\Users\narendra\.vscode\extensions\redhat.java-1.44.0-win32-x64\jre\21.0.8-win32-x86_64\bin\zip.dll
Event: 0.206 Loaded shared library C:\Users\narendra\.vscode\extensions\redhat.java-1.44.0-win32-x64\jre\21.0.8-win32-x86_64\bin\instrument.dll
Event: 0.213 Loaded shared library C:\Users\narendra\.vscode\extensions\redhat.java-1.44.0-win32-x64\jre\21.0.8-win32-x86_64\bin\net.dll
Event: 0.216 Loaded shared library C:\Users\narendra\.vscode\extensions\redhat.java-1.44.0-win32-x64\jre\21.0.8-win32-x86_64\bin\nio.dll
Event: 0.224 Loaded shared library C:\Users\narendra\.vscode\extensions\redhat.java-1.44.0-win32-x64\jre\21.0.8-win32-x86_64\bin\zip.dll
Event: 0.257 Loaded shared library C:\Users\narendra\.vscode\extensions\redhat.java-1.44.0-win32-x64\jre\21.0.8-win32-x86_64\bin\jimage.dll
Event: 0.407 Loaded shared library c:\Users\narendra\.vscode\extensions\redhat.java-1.44.0-win32-x64\jre\21.0.8-win32-x86_64\bin\verify.dll
Event: 2.214 Loaded shared library C:\Users\narendra\AppData\Roaming\Code\User\globalStorage\redhat.java\1.44.0\config_win\org.eclipse.equinox.launcher\org.eclipse.equinox.launcher.win32.win32.x86_64_1.2.1400.v20250730-1736\eclipse_11913.dll
Event: 4.579 Loaded shared library C:\Users\narendra\AppData\Local\Temp\jna-1984495243\jna5842506395919695005.dll

Deoptimization events (20 events):
Event: 17.025 Thread 0x00000169f72ab5d0 DEOPT PACKING pc=0x000001699cdc61d3 sp=0x0000000cd85fe560
Event: 17.025 Thread 0x00000169f72ab5d0 DEOPT UNPACKING pc=0x00000169a32f4242 sp=0x0000000cd85fdac8 mode 0
Event: 17.052 Thread 0x00000169f72ab5d0 DEOPT PACKING pc=0x000001699cdc61d3 sp=0x0000000cd85fe560
Event: 17.052 Thread 0x00000169f72ab5d0 DEOPT UNPACKING pc=0x00000169a32f4242 sp=0x0000000cd85fdac8 mode 0
Event: 17.063 Thread 0x00000169f72ab5d0 DEOPT PACKING pc=0x000001699cdc6253 sp=0x0000000cd85fe560
Event: 17.064 Thread 0x00000169f72ab5d0 DEOPT UNPACKING pc=0x00000169a32f4242 sp=0x0000000cd85fdac8 mode 0
Event: 17.070 Thread 0x00000169f72ab5d0 DEOPT PACKING pc=0x000001699cdc61d3 sp=0x0000000cd85fe560
Event: 17.070 Thread 0x00000169f72ab5d0 DEOPT UNPACKING pc=0x00000169a32f4242 sp=0x0000000cd85fdac8 mode 0
Event: 17.077 Thread 0x00000169f72ab5d0 DEOPT PACKING pc=0x000001699cdc6253 sp=0x0000000cd85fe560
Event: 17.077 Thread 0x00000169f72ab5d0 DEOPT UNPACKING pc=0x00000169a32f4242 sp=0x0000000cd85fdac8 mode 0
Event: 17.085 Thread 0x00000169f72ab5d0 DEOPT PACKING pc=0x000001699cdc6253 sp=0x0000000cd85fe560
Event: 17.085 Thread 0x00000169f72ab5d0 DEOPT UNPACKING pc=0x00000169a32f4242 sp=0x0000000cd85fdac8 mode 0
Event: 17.267 Thread 0x00000169f72ab5d0 DEOPT PACKING pc=0x000001699cdc61d3 sp=0x0000000cd85fe560
Event: 17.267 Thread 0x00000169f72ab5d0 DEOPT UNPACKING pc=0x00000169a32f4242 sp=0x0000000cd85fdac8 mode 0
Event: 17.275 Thread 0x00000169f72ab5d0 DEOPT PACKING pc=0x000001699cdc6253 sp=0x0000000cd85fe560
Event: 17.275 Thread 0x00000169f72ab5d0 DEOPT UNPACKING pc=0x00000169a32f4242 sp=0x0000000cd85fdac8 mode 0
Event: 17.283 Thread 0x00000169f72ab5d0 DEOPT PACKING pc=0x000001699cdc61d3 sp=0x0000000cd85fe560
Event: 17.284 Thread 0x00000169f72ab5d0 DEOPT UNPACKING pc=0x00000169a32f4242 sp=0x0000000cd85fdac8 mode 0
Event: 17.292 Thread 0x00000169f72ab5d0 DEOPT PACKING pc=0x000001699cdc6253 sp=0x0000000cd85fe560
Event: 17.292 Thread 0x00000169f72ab5d0 DEOPT UNPACKING pc=0x00000169a32f4242 sp=0x0000000cd85fdac8 mode 0

Classes loaded (20 events):
Event: 10.392 Loading class java/nio/file/PathMatcher done
Event: 10.392 Loading class sun/nio/fs/WindowsFileSystem$2 done
Event: 11.614 Loading class java/nio/file/FileChannelLinesSpliterator
Event: 11.614 Loading class java/nio/file/FileChannelLinesSpliterator done
Event: 11.614 Loading class java/util/stream/Streams$1
Event: 11.615 Loading class java/util/stream/Streams$1 done
Event: 11.615 Loading class java/nio/file/FileChannelLinesSpliterator$1
Event: 11.615 Loading class java/nio/file/FileChannelLinesSpliterator$1 done
Event: 16.768 Loading class java/util/concurrent/CopyOnWriteArraySet
Event: 16.769 Loading class java/util/concurrent/CopyOnWriteArraySet done
Event: 16.838 Loading class java/util/concurrent/ArrayBlockingQueue
Event: 16.839 Loading class java/util/concurrent/ArrayBlockingQueue done
Event: 16.924 Loading class java/net/HttpURLConnection
Event: 16.925 Loading class java/net/HttpURLConnection done
Event: 16.957 Loading class java/io/FileFilter
Event: 16.957 Loading class java/io/FileFilter done
Event: 16.977 Loading class java/util/concurrent/ConcurrentHashMap$ValueSpliterator
Event: 16.978 Loading class java/util/concurrent/ConcurrentHashMap$ValueSpliterator done
Event: 16.979 Loading class jdk/internal/loader/BootLoader$PackageHelper
Event: 16.979 Loading class jdk/internal/loader/BootLoader$PackageHelper done

Classes unloaded (13 events):
Event: 5.586 Thread 0x0000016998c1f810 Unloading class 0x00000169b11ac000 'java/lang/invoke/LambdaForm$MH+0x00000169b11ac000'
Event: 5.586 Thread 0x0000016998c1f810 Unloading class 0x00000169b11abc00 'java/lang/invoke/LambdaForm$MH+0x00000169b11abc00'
Event: 5.586 Thread 0x0000016998c1f810 Unloading class 0x00000169b11ab800 'java/lang/invoke/LambdaForm$MH+0x00000169b11ab800'
Event: 5.586 Thread 0x0000016998c1f810 Unloading class 0x00000169b11ab400 'java/lang/invoke/LambdaForm$MH+0x00000169b11ab400'
Event: 5.586 Thread 0x0000016998c1f810 Unloading class 0x00000169b11ab000 'java/lang/invoke/LambdaForm$BMH+0x00000169b11ab000'
Event: 5.586 Thread 0x0000016998c1f810 Unloading class 0x00000169b11aac00 'java/lang/invoke/LambdaForm$DMH+0x00000169b11aac00'
Event: 5.586 Thread 0x0000016998c1f810 Unloading class 0x00000169b11a9800 'java/lang/invoke/LambdaForm$DMH+0x00000169b11a9800'
Event: 7.156 Thread 0x0000016998c1f810 Unloading class 0x00000169b1301c00 'java/lang/invoke/LambdaForm$MH+0x00000169b1301c00'
Event: 7.156 Thread 0x0000016998c1f810 Unloading class 0x00000169b1301000 'java/lang/invoke/LambdaForm$MH+0x00000169b1301000'
Event: 7.156 Thread 0x0000016998c1f810 Unloading class 0x00000169b1300800 'java/lang/invoke/LambdaForm$MH+0x00000169b1300800'
Event: 7.156 Thread 0x0000016998c1f810 Unloading class 0x00000169b1300000 'java/lang/invoke/LambdaForm$MH+0x00000169b1300000'
Event: 7.156 Thread 0x0000016998c1f810 Unloading class 0x00000169b12eb800 'java/lang/invoke/LambdaForm$DMH+0x00000169b12eb800'
Event: 7.156 Thread 0x0000016998c1f810 Unloading class 0x00000169b12ea800 'java/lang/invoke/LambdaForm$MH+0x00000169b12ea800'

Classes redefined (0 events):
No events

Internal exceptions (20 events):
Event: 10.698 Thread 0x00000169f7aec7f0 Exception <a 'sun/nio/fs/WindowsException'{0x00000000d595c908}> (0x00000000d595c908) 
thrown [s\src\hotspot\share\prims\jni.cpp, line 520]
Event: 10.698 Thread 0x00000169f7aec7f0 Exception <a 'sun/nio/fs/WindowsException'{0x00000000d595cf28}> (0x00000000d595cf28) 
thrown [s\src\hotspot\share\prims\jni.cpp, line 520]
Event: 10.699 Thread 0x00000169f7aec7f0 Exception <a 'sun/nio/fs/WindowsException'{0x00000000d5961b08}> (0x00000000d5961b08) 
thrown [s\src\hotspot\share\prims\jni.cpp, line 520]
Event: 10.699 Thread 0x00000169f7aec7f0 Exception <a 'sun/nio/fs/WindowsException'{0x00000000d5962108}> (0x00000000d5962108) 
thrown [s\src\hotspot\share\prims\jni.cpp, line 520]
Event: 10.699 Thread 0x00000169f7aec7f0 Exception <a 'sun/nio/fs/WindowsException'{0x00000000d5962708}> (0x00000000d5962708) 
thrown [s\src\hotspot\share\prims\jni.cpp, line 520]
Event: 10.699 Thread 0x00000169f7aec7f0 Exception <a 'sun/nio/fs/WindowsException'{0x00000000d5962d28}> (0x00000000d5962d28) 
thrown [s\src\hotspot\share\prims\jni.cpp, line 520]
Event: 10.700 Thread 0x00000169f7aec7f0 Exception <a 'sun/nio/fs/WindowsException'{0x00000000d5967658}> (0x00000000d5967658) 
thrown [s\src\hotspot\share\prims\jni.cpp, line 520]
Event: 10.700 Thread 0x00000169f7aec7f0 Exception <a 'sun/nio/fs/WindowsException'{0x00000000d5967c88}> (0x00000000d5967c88) 
thrown [s\src\hotspot\share\prims\jni.cpp, line 520]
Event: 10.700 Thread 0x00000169f7aec7f0 Exception <a 'sun/nio/fs/WindowsException'{0x00000000d59682b8}> (0x00000000d59682b8) 
thrown [s\src\hotspot\share\prims\jni.cpp, line 520]
Event: 10.700 Thread 0x00000169f7aec7f0 Exception <a 'sun/nio/fs/WindowsException'{0x00000000d5968908}> (0x00000000d5968908) 
thrown [s\src\hotspot\share\prims\jni.cpp, line 520]
Event: 10.700 Thread 0x00000169f7aec7f0 Exception <a 'sun/nio/fs/WindowsException'{0x00000000d596d968}> (0x00000000d596d968) 
thrown [s\src\hotspot\share\prims\jni.cpp, line 520]
Event: 10.700 Thread 0x00000169f7aec7f0 Exception <a 'sun/nio/fs/WindowsException'{0x00000000d596df70}> (0x00000000d596df70) 
thrown [s\src\hotspot\share\prims\jni.cpp, line 520]
Event: 10.700 Thread 0x00000169f7aec7f0 Exception <a 'sun/nio/fs/WindowsException'{0x00000000d596e588}> (0x00000000d596e588) 
thrown [s\src\hotspot\share\prims\jni.cpp, line 520]
Event: 10.700 Thread 0x00000169f7aec7f0 Exception <a 'sun/nio/fs/WindowsException'{0x00000000d596edf0}> (0x00000000d596edf0) 
thrown [s\src\hotspot\share\prims\jni.cpp, line 520]
Event: 11.368 Thread 0x00000169f7aec7f0 Exception <a 'sun/nio/fs/WindowsException'{0x00000000d5d54150}> (0x00000000d5d54150) 
thrown [s\src\hotspot\share\prims\jni.cpp, line 520]
Event: 11.369 Thread 0x00000169f7aec7f0 Exception <a 'sun/nio/fs/WindowsException'{0x00000000d5d54740}> (0x00000000d5d54740) 
thrown [s\src\hotspot\share\prims\jni.cpp, line 520]
Event: 11.369 Thread 0x00000169f7aec7f0 Exception <a 'sun/nio/fs/WindowsException'{0x00000000d5d54d30}> (0x00000000d5d54d30) 
thrown [s\src\hotspot\share\prims\jni.cpp, line 520]
Event: 11.369 Thread 0x00000169f7aec7f0 Exception <a 'sun/nio/fs/WindowsException'{0x00000000d5d55338}> (0x00000000d5d55338) 
thrown [s\src\hotspot\share\prims\jni.cpp, line 520]
Event: 16.774 Thread 0x00000169f7aec7f0 Exception <a 'java/lang/NoSuchMethodError'{0x00000000d5d05be0}: 'java.lang.Object java.lang.invoke.DirectMethodHandle$Holder.invokeVirtual(java.lang.Object, java.lang.Object, java.lang.Object, java.lang.Object)'> (0x00000000d5d05be0) 
thrown [s\src\hotspot\share\interpreter\linkResolver.cpp, line 773]
Event: 16.778 Thread 0x00000169f7aec7f0 Exception <a 'java/lang/NoSuchMethodError'{0x00000000d5ddfef0}: 'java.lang.Object java.lang.invoke.DirectMethodHandle$Holder.invokeVirtual(java.lang.Object, java.lang.Object, java.lang.Object, java.lang.Object, java.lang.Object)'> (0x00000000d5ddfef0) 
thrown [s\src\hotspot\share\interpreter\linkResolver.cpp, line 773]

ZGC Phase Switch (0 events):
No events

VM Operations (20 events):
Event: 16.293 Executing VM operation: ParallelGCFailedAllocation (Allocation Failure)
Event: 16.297 Executing VM operation: ParallelGCFailedAllocation (Allocation Failure) done
Event: 16.781 Executing VM operation: ParallelGCFailedAllocation (Allocation Failure)
Event: 16.783 Executing VM operation: ParallelGCFailedAllocation (Allocation Failure) done
Event: 16.832 Executing VM operation: ParallelGCFailedAllocation (Allocation Failure)
Event: 16.834 Executing VM operation: ParallelGCFailedAllocation (Allocation Failure) done
Event: 16.864 Executing VM operation: ParallelGCFailedAllocation (Allocation Failure)
Event: 16.867 Executing VM operation: ParallelGCFailedAllocation (Allocation Failure) done
Event: 16.911 Executing VM operation: ParallelGCFailedAllocation (Allocation Failure)
Event: 16.913 Executing VM operation: ParallelGCFailedAllocation (Allocation Failure) done
Event: 16.951 Executing VM operation: ParallelGCFailedAllocation (Allocation Failure)
Event: 16.954 Executing VM operation: ParallelGCFailedAllocation (Allocation Failure) done
Event: 16.974 Executing VM operation: HandshakeAllThreads (Deoptimize)
Event: 16.975 Executing VM operation: HandshakeAllThreads (Deoptimize) done
Event: 16.981 Executing VM operation: ParallelGCFailedAllocation (Allocation Failure)
Event: 16.983 Executing VM operation: ParallelGCFailedAllocation (Allocation Failure) done
Event: 17.026 Executing VM operation: ParallelGCFailedAllocation (Allocation Failure)
Event: 17.029 Executing VM operation: ParallelGCFailedAllocation (Allocation Failure) done
Event: 17.089 Executing VM operation: ParallelGCFailedAllocation (Allocation Failure)
Event: 17.261 Executing VM operation: ParallelGCFailedAllocation (Allocation Failure) done

Memory protections (0 events):
No events

Nmethod flushes (20 events):
Event: 17.135 Thread 0x0000016998c1f810 flushing  nmethod 0x000001699c7f3110
Event: 17.135 Thread 0x0000016998c1f810 flushing  nmethod 0x000001699c7f3e90
Event: 17.135 Thread 0x0000016998c1f810 flushing  nmethod 0x000001699c802910
Event: 17.135 Thread 0x0000016998c1f810 flushing  nmethod 0x000001699c846c90
Event: 17.135 Thread 0x0000016998c1f810 flushing  nmethod 0x000001699c847c90
Event: 17.135 Thread 0x0000016998c1f810 flushing  nmethod 0x000001699c848710
Event: 17.135 Thread 0x0000016998c1f810 flushing  nmethod 0x000001699c848b10
Event: 17.135 Thread 0x0000016998c1f810 flushing  nmethod 0x000001699c854a90
Event: 17.135 Thread 0x0000016998c1f810 flushing  nmethod 0x000001699c855590
Event: 17.135 Thread 0x0000016998c1f810 flushing  nmethod 0x000001699c856090
Event: 17.135 Thread 0x0000016998c1f810 flushing  nmethod 0x000001699c857390
Event: 17.135 Thread 0x0000016998c1f810 flushing  nmethod 0x000001699c857890
Event: 17.135 Thread 0x0000016998c1f810 flushing  nmethod 0x000001699c857c10
Event: 17.135 Thread 0x0000016998c1f810 flushing  nmethod 0x000001699c858510
Event: 17.135 Thread 0x0000016998c1f810 flushing  nmethod 0x000001699c859010
Event: 17.135 Thread 0x0000016998c1f810 flushing  nmethod 0x000001699c859d90
Event: 17.135 Thread 0x0000016998c1f810 flushing  nmethod 0x000001699c85a910
Event: 17.135 Thread 0x0000016998c1f810 flushing  nmethod 0x000001699c860790
Event: 17.135 Thread 0x0000016998c1f810 flushing  nmethod 0x000001699c883b10
Event: 17.135 Thread 0x0000016998c1f810 flushing  nmethod 0x000001699c884a90

Events (20 events):
Event: 6.579 Thread 0x00000169f72aa8b0 Thread added: 0x00000169f72ac2f0
Event: 6.580 Thread 0x00000169f72ac2f0 Thread added: 0x00000169f7aec7f0
Event: 6.963 Thread 0x00000169f7aec7f0 Thread added: 0x00000169f7aea090
Event: 7.073 Thread 0x00000169f7aea090 Thread added: 0x00000169f7aea720
Event: 7.123 Thread 0x00000169f7aea720 Thread added: 0x00000169f7aec160
Event: 7.243 Thread 0x00000169968398b0 Thread added: 0x00000169f7aebad0
Event: 7.244 Thread 0x00000169968398b0 Thread added: 0x00000169f7ae6580
Event: 7.244 Thread 0x00000169968398b0 Thread added: 0x00000169f7aece80
Event: 7.244 Thread 0x00000169968398b0 Thread added: 0x00000169f7ae9a00
Event: 7.244 Thread 0x00000169968398b0 Thread added: 0x00000169f7aeb440
Event: 7.245 Thread 0x00000169968398b0 Thread added: 0x00000169f7aeadb0
Event: 7.245 Thread 0x00000169968398b0 Thread added: 0x00000169f7ae6c10
Event: 7.245 Thread 0x00000169968398b0 Thread added: 0x00000169f7aed510
Event: 7.245 Thread 0x00000169968398b0 Thread added: 0x00000169f7ae72a0
Event: 7.282 Thread 0x00000169968398b0 Thread added: 0x00000169f7ae7930
Event: 7.571 Thread 0x00000169968398b0 Thread added: 0x00000169f7ae7fc0
Event: 7.571 Thread 0x00000169968398b0 Thread added: 0x00000169f7ae8650
Event: 10.584 Thread 0x00000169f6d2c8a0 Thread exited: 0x00000169f6d2c8a0
Event: 15.025 Thread 0x00000169f7aec7f0 Thread added: 0x00000169f7ae9370
Event: 16.864 Thread 0x00000169f7aec7f0 Thread added: 0x00000169f6e8ef20


Dynamic libraries:
0x00007ff736970000 - 0x00007ff73697e000 	c:\Users\narendra\.vscode\extensions\redhat.java-1.44.0-win32-x64\jre\21.0.8-win32-x86_64\bin\java.exe
0x00007ffe19410000 - 0x00007ffe19627000 	C:\WINDOWS\SYSTEM32\ntdll.dll
0x00007ffe17c40000 - 0x00007ffe17d04000 	C:\WINDOWS\System32\KERNEL32.DLL
0x00007ffe16a00000 - 0x00007ffe16db9000 	C:\WINDOWS\System32\KERNELBASE.dll
0x00007ffe16fa0000 - 0x00007ffe170b1000 	C:\WINDOWS\System32\ucrtbase.dll
0x00007ffe04050000 - 0x00007ffe0406e000 	c:\Users\narendra\.vscode\extensions\redhat.java-1.44.0-win32-x64\jre\21.0.8-win32-x86_64\bin\VCRUNTIME140.dll
0x00007ffe04030000 - 0x00007ffe04048000 	c:\Users\narendra\.vscode\extensions\redhat.java-1.44.0-win32-x64\jre\21.0.8-win32-x86_64\bin\jli.dll
0x00007ffe19220000 - 0x00007ffe193cf000 	C:\WINDOWS\System32\USER32.dll
0x00007ffe00330000 - 0x00007ffe005c2000 	C:\WINDOWS\WinSxS\amd64_microsoft.windows.common-controls_6595b64144ccf1df_6.0.22621.4387_none_27144a857381bf05\COMCTL32.dll
0x00007ffe169d0000 - 0x00007ffe169f6000 	C:\WINDOWS\System32\win32u.dll
0x00007ffe17920000 - 0x00007ffe17949000 	C:\WINDOWS\System32\GDI32.dll
0x00007ffe16880000 - 0x00007ffe1699b000 	C:\WINDOWS\System32\gdi32full.dll
0x00007ffe16e80000 - 0x00007ffe16f1a000 	C:\WINDOWS\System32\msvcp_win.dll
0x00007ffe17b90000 - 0x00007ffe17c37000 	C:\WINDOWS\System32\msvcrt.dll
0x00007ffe171b0000 - 0x00007ffe171e1000 	C:\WINDOWS\System32\IMM32.DLL
0x00007ffe04490000 - 0x00007ffe0449c000 	c:\Users\narendra\.vscode\extensions\redhat.java-1.44.0-win32-x64\jre\21.0.8-win32-x86_64\bin\vcruntime140_1.dll
0x00007ffe03fa0000 - 0x00007ffe0402d000 	c:\Users\narendra\.vscode\extensions\redhat.java-1.44.0-win32-x64\jre\21.0.8-win32-x86_64\bin\msvcp140.dll
0x00007ffda0e00000 - 0x00007ffda1b97000 	c:\Users\narendra\.vscode\extensions\redhat.java-1.44.0-win32-x64\jre\21.0.8-win32-x86_64\bin\server\jvm.dll
0x00007ffe171f0000 - 0x00007ffe172a2000 	C:\WINDOWS\System32\ADVAPI32.dll
0x00007ffe18c50000 - 0x00007ffe18cf7000 	C:\WINDOWS\System32\sechost.dll
0x00007ffe169a0000 - 0x00007ffe169c8000 	C:\WINDOWS\System32\bcrypt.dll
0x00007ffe19100000 - 0x00007ffe19214000 	C:\WINDOWS\System32\RPCRT4.dll
0x00007ffe17130000 - 0x00007ffe171a1000 	C:\WINDOWS\System32\WS2_32.dll
0x00007ffe15f50000 - 0x00007ffe15f9d000 	C:\WINDOWS\SYSTEM32\POWRPROF.dll
0x00007ffe0f7a0000 - 0x00007ffe0f7d4000 	C:\WINDOWS\SYSTEM32\WINMM.dll
0x00007ffe0fe20000 - 0x00007ffe0fe2a000 	C:\WINDOWS\SYSTEM32\VERSION.dll
0x00007ffe15f00000 - 0x00007ffe15f13000 	C:\WINDOWS\SYSTEM32\UMPDC.dll
0x00007ffe15710000 - 0x00007ffe15728000 	C:\WINDOWS\SYSTEM32\kernel.appcore.dll
0x00007ffe03f90000 - 0x00007ffe03f9a000 	c:\Users\narendra\.vscode\extensions\redhat.java-1.44.0-win32-x64\jre\21.0.8-win32-x86_64\bin\jimage.dll
0x00007ffe14020000 - 0x00007ffe14252000 	C:\WINDOWS\SYSTEM32\DBGHELP.DLL
0x00007ffe18020000 - 0x00007ffe183af000 	C:\WINDOWS\System32\combase.dll
0x00007ffe17d20000 - 0x00007ffe17df7000 	C:\WINDOWS\System32\OLEAUT32.dll
0x00007ffdfb170000 - 0x00007ffdfb1a2000 	C:\WINDOWS\SYSTEM32\dbgcore.DLL
0x00007ffe16f20000 - 0x00007ffe16f9b000 	C:\WINDOWS\System32\bcryptPrimitives.dll
0x00007ffe03eb0000 - 0x00007ffe03ebf000 	c:\Users\narendra\.vscode\extensions\redhat.java-1.44.0-win32-x64\jre\21.0.8-win32-x86_64\bin\instrument.dll
0x00007ffe03f70000 - 0x00007ffe03f8f000 	c:\Users\narendra\.vscode\extensions\redhat.java-1.44.0-win32-x64\jre\21.0.8-win32-x86_64\bin\java.dll
0x00007ffe183b0000 - 0x00007ffe18c26000 	C:\WINDOWS\System32\SHELL32.dll
0x00007ffe14600000 - 0x00007ffe14f03000 	C:\WINDOWS\SYSTEM32\windows.storage.dll
0x00007ffe144c0000 - 0x00007ffe145ff000 	C:\WINDOWS\SYSTEM32\wintypes.dll
0x00007ffe18f20000 - 0x00007ffe19019000 	C:\WINDOWS\System32\SHCORE.dll
0x00007ffe17440000 - 0x00007ffe1749e000 	C:\WINDOWS\System32\shlwapi.dll
0x00007ffe16640000 - 0x00007ffe1666b000 	C:\WINDOWS\SYSTEM32\profapi.dll
0x00007ffe03f50000 - 0x00007ffe03f68000 	c:\Users\narendra\.vscode\extensions\redhat.java-1.44.0-win32-x64\jre\21.0.8-win32-x86_64\bin\zip.dll
0x00007ffe03f40000 - 0x00007ffe03f50000 	C:\Users\narendra\.vscode\extensions\redhat.java-1.44.0-win32-x64\jre\21.0.8-win32-x86_64\bin\net.dll
0x00007ffe0fb30000 - 0x00007ffe0fc66000 	C:\WINDOWS\SYSTEM32\WINHTTP.dll
0x00007ffe15c00000 - 0x00007ffe15c69000 	C:\WINDOWS\system32\mswsock.dll
0x00007ffe03f20000 - 0x00007ffe03f36000 	C:\Users\narendra\.vscode\extensions\redhat.java-1.44.0-win32-x64\jre\21.0.8-win32-x86_64\bin\nio.dll
0x00007ffe12360000 - 0x00007ffe12370000 	c:\Users\narendra\.vscode\extensions\redhat.java-1.44.0-win32-x64\jre\21.0.8-win32-x86_64\bin\verify.dll
0x00007ffe03d90000 - 0x00007ffe03dd5000 	C:\Users\narendra\AppData\Roaming\Code\User\globalStorage\redhat.java\1.44.0\config_win\org.eclipse.equinox.launcher\org.eclipse.equinox.launcher.win32.win32.x86_64_1.2.1400.v20250730-1736\eclipse_11913.dll
0x00007ffe17e70000 - 0x00007ffe18015000 	C:\WINDOWS\System32\ole32.dll
0x00007ffe15e20000 - 0x00007ffe15e3b000 	C:\WINDOWS\SYSTEM32\CRYPTSP.dll
0x00007ffe15670000 - 0x00007ffe156a5000 	C:\WINDOWS\system32\rsaenh.dll
0x00007ffe15cc0000 - 0x00007ffe15ce8000 	C:\WINDOWS\SYSTEM32\USERENV.dll
0x00007ffe15e40000 - 0x00007ffe15e4c000 	C:\WINDOWS\SYSTEM32\CRYPTBASE.dll
0x00007ffe15170000 - 0x00007ffe1519d000 	C:\WINDOWS\SYSTEM32\IPHLPAPI.DLL
0x00007ffe17e60000 - 0x00007ffe17e69000 	C:\WINDOWS\System32\NSI.dll
0x00007ffe02e50000 - 0x00007ffe02e99000 	C:\Users\narendra\AppData\Local\Temp\jna-1984495243\jna5842506395919695005.dll
0x00007ffe18d00000 - 0x00007ffe18d08000 	C:\WINDOWS\System32\PSAPI.DLL
0x00007ffe0fe30000 - 0x00007ffe0fe49000 	C:\WINDOWS\SYSTEM32\dhcpcsvc6.DLL
0x00007ffe0fad0000 - 0x00007ffe0faef000 	C:\WINDOWS\SYSTEM32\dhcpcsvc.DLL

JVMTI agents:
c:\Users\narendra\.vscode\extensions\redhat.java-1.44.0-win32-x64\lombok\lombok-1.18.39-4050.jar path:c:\Users\narendra\.vscode\extensions\redhat.java-1.44.0-win32-x64\jre\21.0.8-win32-x86_64\bin\instrument.dll, loaded, initialized, instrumentlib options:none

dbghelp: loaded successfully - version: 4.0.5 - missing functions: none
symbol engine: initialized successfully - sym options: 0x614 - pdb path: .;c:\Users\narendra\.vscode\extensions\redhat.java-1.44.0-win32-x64\jre\21.0.8-win32-x86_64\bin;C:\WINDOWS\SYSTEM32;C:\WINDOWS\WinSxS\amd64_microsoft.windows.common-controls_6595b64144ccf1df_6.0.22621.4387_none_27144a857381bf05;c:\Users\narendra\.vscode\extensions\redhat.java-1.44.0-win32-x64\jre\21.0.8-win32-x86_64\bin\server;C:\Users\narendra\AppData\Roaming\Code\User\globalStorage\redhat.java\1.44.0\config_win\org.eclipse.equinox.launcher\org.eclipse.equinox.launcher.win32.win32.x86_64_1.2.1400.v20250730-1736;C:\Users\narendra\AppData\Local\Temp\jna-1984495243

VM Arguments:
jvm_args: --add-modules=ALL-SYSTEM --add-opens=java.base/java.util=ALL-UNNAMED --add-opens=java.base/java.lang=ALL-UNNAMED --add-opens=java.base/sun.nio.fs=ALL-UNNAMED -Declipse.application=org.eclipse.jdt.ls.core.id1 -Dosgi.bundles.defaultStartLevel=4 -Declipse.product=org.eclipse.jdt.ls.core.product -Djava.import.generatesMetadataFilesAtProjectRoot=false -DDetectVMInstallationsJob.disabled=true -Dfile.encoding=utf8 -XX:+UseParallelGC -XX:GCTimeRatio=4 -XX:AdaptiveSizePolicyWeight=90 -Dsun.zip.disableMemoryMapping=true -Xmx2G -Xms100m -Xlog:disable -javaagent:c:\Users\narendra\.vscode\extensions\redhat.java-1.44.0-win32-x64\lombok\lombok-1.18.39-4050.jar -XX:+HeapDumpOnOutOfMemoryError -XX:HeapDumpPath=c:\Users\narendra\AppData\Roaming\Code\User\workspaceStorage\6feff0a632fff3dcab2f0f7fe0a67b9f\redhat.java -Daether.dependencyCollector.impl=bf 
java_command: c:\Users\narendra\.vscode\extensions\redhat.java-1.44.0-win32-x64\server\plugins\org.eclipse.equinox.launcher_1.7.0.v20250519-0528.jar -configuration c:\Users\narendra\AppData\Roaming\Code\User\globalStorage\redhat.java\1.44.0\config_win -data c:\Users\narendra\AppData\Roaming\Code\User\workspaceStorage\6feff0a632fff3dcab2f0f7fe0a67b9f\redhat.java\jdt_ws --pipe=\\.\pipe\lsp-bb55a2eda096a86620fdc0e131e3947d-sock
java_class_path (initial): c:\Users\narendra\.vscode\extensions\redhat.java-1.44.0-win32-x64\server\plugins\org.eclipse.equinox.launcher_1.7.0.v20250519-0528.jar
Launcher Type: SUN_STANDARD

[Global flags]
    uintx AdaptiveSizePolicyWeight                 = 90                                        {product} {command line}
     intx CICompilerCount                          = 4                                         {product} {ergonomic}
    uintx GCTimeRatio                              = 4                                         {product} {command line}
     bool HeapDumpOnOutOfMemoryError               = true                                   {manageable} {command line}
    ccstr HeapDumpPath                             = c:\Users\narendra\AppData\Roaming\Code\User\workspaceStorage\6feff0a632fff3dcab2f0f7fe0a67b9f\redhat.java         {manageable} {command line}
   size_t InitialHeapSize                          = 104857600                                 {product} {command line}
   size_t MaxHeapSize                              = 2147483648                                {product} {command line}
   size_t MaxNewSize                               = 715653120                                 {product} {ergonomic}
   size_t MinHeapDeltaBytes                        = 524288                                    {product} {ergonomic}
   size_t MinHeapSize                              = 104857600                                 {product} {command line}
   size_t NewSize                                  = 34603008                                  {product} {ergonomic}
    uintx NonNMethodCodeHeapSize                   = 5839372                                {pd product} {ergonomic}
    uintx NonProfiledCodeHeapSize                  = 122909434                              {pd product} {ergonomic}
   size_t OldSize                                  = 70254592                                  {product} {ergonomic}
    uintx ProfiledCodeHeapSize                     = 122909434                              {pd product} {ergonomic}
    uintx ReservedCodeCacheSize                    = 251658240                              {pd product} {ergonomic}
     bool SegmentedCodeCache                       = true                                      {product} {ergonomic}
   size_t SoftMaxHeapSize                          = 2147483648                             {manageable} {ergonomic}
     bool UseCompressedOops                        = true                           {product lp64_product} {ergonomic}
     bool UseLargePagesIndividualAllocation        = false                                  {pd product} {ergonomic}
     bool UseParallelGC                            = true                                      {product} {command line}

Logging:
Log output configuration:
 #0: stdout all=off uptime,level,tags foldmultilines=false
 #1: stderr all=off uptime,level,tags foldmultilines=false

Environment Variables:
JAVA_HOME=C:\Users\narendra\AppData\Local\Programs\Eclipse Adoptium\jdk-17.0.7.7-hotspot\
PATH=D:\src\flutter\bin;C:\Program Files\NVIDIA GPU Computing Toolkit\CUDA\v11.8\bin;C:\Program Files\NVIDIA GPU Computing Toolkit\CUDA\v11.8\libnvvp;C:\Program Files\NVIDIA GPU Computing Toolkit\CUDA\v12.4\bin;C:\Program Files\NVIDIA GPU Computing Toolkit\CUDA\v12.4\libnvvp;C:\Python312\Scripts\;C:\Python312\;C:\Windows\system32;C:\Windows;C:\Windows\System32\Wbem;C:\Windows\System32\WindowsPowerShell\v1.0\;C:\Windows\System32\OpenSSH\;C:\Program Files (x86)\NVIDIA Corporation\PhysX\Common;C:\Program Files\NVIDIA Corporation\NVIDIA NvDLISR;C:\WINDOWS\system32;C:\WINDOWS;C:\WINDOWS\System32\Wbem;C:\WINDOWS\System32\WindowsPowerShell\v1.0\;C:\WINDOWS\System32\OpenSSH\;C:\MinGW\bin;C:\Program Files\dotnet\;C:\Program Files\MySQL\MySQL Server 8.0\bin;C:\ProgramData\chocolatey\bin;C:\Program Files\Microsoft SQL Server\130\Tools\Binn\;C:\Program Files\Cloudflare\Cloudflare WARP\;C:\Program Files\Git\cmd;C:\Program Files\NVIDIA GPU Computing Toolkit\CUDA\v12.4\bin;C:\Program Files\NVIDIA GPU Computing Toolkit\CUDA\v12.4\libnvvp;C:\Program Files\NVIDIA GPU Computing Toolkit\CUDA\v12.4\extras\CUPTI\lib64;C:\Program Files\Google Protobuf\bin;C:\Program Files\NVIDIA Corporation\Nsight Compute 2022.3.0\;C:\xampp\php;C:\ProgramData\ComposerSetup\bin;C:\Program Files\nodejs\;C:\Users\narendra\AppData\Local\Android\Sdk\platform-tools;C:\Users\narendra\AppData\Local\Android\Sdk\emulator;C:\Program Files\MySQL\MySQL Shell 8.1\bin\;C:\Users\narendra\AppData\Local\Programs\Eclipse Adoptium\jdk-17.0.7.7-hotspot\bin;C:\Program Files\MySQL\MySQL Shell 8.0\bin\;C:\Users\narendra\AppData\Local\Microsoft\WindowsApps;C:\Users\narendra\AppData\Local\Programs\Microsoft VS Code\bin;C:\Program Files\MongoDB\Server\7.0\bin;C:\Program Files\MongoDB\mongosh\mongosh-2.0.1-win32-x64\bin;C:\Users\narendra\AppData\Roaming\Composer\vendor\bin;C:\Users\narendra\AppData\Local\GitHubDesktop\bin;C:\Users\narendra\AppData\Roaming\npm;C:\Users\narendra\AppData\Roaming\Python\Python312\Scripts;
USERNAME=narendra
OS=Windows_NT
PROCESSOR_IDENTIFIER=Intel64 Family 6 Model 158 Stepping 10, GenuineIntel
TMP=C:\Users\narendra\AppData\Local\Temp
TEMP=C:\Users\narendra\AppData\Local\Temp




Periodic native trim disabled

---------------  S Y S T E M  ---------------

OS:
 Windows 11 , 64 bit Build 22621 (10.0.22621.4387)
OS uptime: 0 days 3:50 hours
Hyper-V role detected

CPU: total 8 (initial active 8) (4 cores per cpu, 2 threads per core) family 6 model 158 stepping 10 microcode 0xde, cx8, cmov, fxsr, ht, mmx, 3dnowpref, sse, sse2, sse3, ssse3, sse4.1, sse4.2, popcnt, lzcnt, tsc, tscinvbit, avx, avx2, aes, erms, clmul, bmi1, bmi2, adx, fma, vzeroupper, clflush, clflushopt, hv, rdtscp, f16c
Processor Information for the first 8 processors :
  Max Mhz: 2400, Current Mhz: 2400, Mhz Limit: 2400

Memory: 4k page, system-wide physical 8043M (277M free)
TotalPageFile size 32619M (AvailPageFile size 5M)
current process WorkingSet (physical memory assigned to process): 272M, peak: 272M
current process commit charge ("private bytes"): 328M, peak: 1614M

vm_info: OpenJDK 64-Bit Server VM (21.0.8+9-LTS) for windows-amd64 JRE (21.0.8+9-LTS), built on 2025-07-15T00:00:00Z by "admin" with MS VC++ 17.7 (VS2022)

END.
