#
# There is insufficient memory for the Java Runtime Environment to continue.
# Native memory allocation (malloc) failed to allocate 1499696 bytes. Error detail: Chunk::new
# Possible reasons:
#   The system is out of physical RAM or swap space
#   This process is running with CompressedOops enabled, and the Java Heap may be blocking the growth of the native heap
# Possible solutions:
#   Reduce memory load on the system
#   Increase physical memory or swap space
#   Check if swap backing store is full
#   Decrease Java heap size (-Xmx/-Xms)
#   Decrease number of Java threads
#   Decrease Java thread stack sizes (-Xss)
#   Set larger code cache with -XX:ReservedCodeCacheSize=
#   JVM is running with Unscaled Compressed Oops mode in which the Java heap is
#     placed in the first 4GB address space. The Java Heap base address is the
#     maximum limit for the native heap growth. Please use -XX:HeapBaseMinAddress
#     to set the Java Heap base and to place the Java Heap above 4GB virtual address.
# This output file may be truncated or incomplete.
#
#  Out of Memory Error (arena.cpp:168), pid=14960, tid=14128
#
# JRE version: OpenJDK Runtime Environment Temurin-21.0.8+9 (21.0.8+9) (build 21.0.8+9-LTS)
# Java VM: OpenJDK 64-Bit Server VM Temurin-21.0.8+9 (21.0.8+9-LTS, mixed mode, sharing, tiered, compressed oops, compressed class ptrs, parallel gc, windows-amd64)
# No core dump will be written. Minidumps are not enabled by default on client versions of Windows
#

---------------  S U M M A R Y ------------

Command Line: --add-modules=ALL-SYSTEM --add-opens=java.base/java.util=ALL-UNNAMED --add-opens=java.base/java.lang=ALL-UNNAMED --add-opens=java.base/sun.nio.fs=ALL-UNNAMED -Declipse.application=org.eclipse.jdt.ls.core.id1 -Dosgi.bundles.defaultStartLevel=4 -Declipse.product=org.eclipse.jdt.ls.core.product -Djava.import.generatesMetadataFilesAtProjectRoot=false -DDetectVMInstallationsJob.disabled=true -Dfile.encoding=utf8 -XX:+UseParallelGC -XX:GCTimeRatio=4 -XX:AdaptiveSizePolicyWeight=90 -Dsun.zip.disableMemoryMapping=true -Xmx2G -Xms100m -Xlog:disable -javaagent:c:\Users\narendra\.vscode\extensions\redhat.java-1.44.0-win32-x64\lombok\lombok-1.18.39-4050.jar -XX:+HeapDumpOnOutOfMemoryError -XX:HeapDumpPath=c:\Users\narendra\AppData\Roaming\Code\User\workspaceStorage\6feff0a632fff3dcab2f0f7fe0a67b9f\redhat.java -Daether.dependencyCollector.impl=bf c:\Users\narendra\.vscode\extensions\redhat.java-1.44.0-win32-x64\server\plugins\org.eclipse.equinox.launcher_1.7.0.v20250519-0528.jar -configuration c:\Users\narendra\AppData\Roaming\Code\User\globalStorage\redhat.java\1.44.0\config_win -data c:\Users\narendra\AppData\Roaming\Code\User\workspaceStorage\6feff0a632fff3dcab2f0f7fe0a67b9f\redhat.java\jdt_ws --pipe=\\.\pipe\lsp-0bae24250e238bdff021640702077451-sock

Host: Intel(R) Core(TM) i5-9300H CPU @ 2.40GHz, 8 cores, 7G,  Windows 11 , 64 bit Build 22621 (10.0.22621.4387)
Time: Thu Aug 21 15:30:47 2025 India Standard Time elapsed time: 49.214057 seconds (0d 0h 0m 49s)

---------------  T H R E A D  ---------------

Current thread (0x000001d96ad8e450):  JavaThread "C2 CompilerThread0" daemon [_thread_in_native, id=14128, stack(0x0000006cfb200000,0x0000006cfb300000) (1024K)]


Current CompileTask:
C2:49214 12230       4       org.eclipse.core.internal.dtree.AbstractDataTreeNode::compareWithParent (133 bytes)

Stack: [0x0000006cfb200000,0x0000006cfb300000]
Native frames: (J=compiled Java code, j=interpreted, Vv=VM code, C=native code)
V  [jvm.dll+0x6d2449]
V  [jvm.dll+0x8ae341]
V  [jvm.dll+0x8b08be]
V  [jvm.dll+0x8b0fa3]
V  [jvm.dll+0x280c96]
V  [jvm.dll+0xc581d]
V  [jvm.dll+0xc5d53]
V  [jvm.dll+0x3b9162]
V  [jvm.dll+0x1e1409]
V  [jvm.dll+0x249022]
V  [jvm.dll+0x2484af]
V  [jvm.dll+0x1c89ee]
V  [jvm.dll+0x257d4d]
V  [jvm.dll+0x2562ea]
V  [jvm.dll+0x3f2d16]
V  [jvm.dll+0x857e6b]
V  [jvm.dll+0x6d0b0d]
C  [ucrtbase.dll+0x29333]
C  [KERNEL32.DLL+0x1259d]
C  [ntdll.dll+0x5af38]


---------------  P R O C E S S  ---------------

Threads class SMR info:
_java_thread_list=0x000001d973223880, length=60, elements={
0x000001d954323580, 0x000001d9543dd010, 0x000001d9543ddc00, 0x000001d96ad87ec0,
0x000001d96ad88b90, 0x000001d96ad897e0, 0x000001d96ad8cc30, 0x000001d96ad8e450,
0x000001d96c66f880, 0x000001d96c6c6b90, 0x000001d96c8698a0, 0x000001d97143cce0,
0x000001d971434610, 0x000001d971641e60, 0x000001d971642890, 0x000001d9719d7750,
0x000001d971d0d010, 0x000001d9719825f0, 0x000001d971984030, 0x000001d971984d50,
0x000001d9719846c0, 0x000001d971981f60, 0x000001d971983310, 0x000001d9719839a0,
0x000001d972475ee0, 0x000001d972476570, 0x000001d972479360, 0x000001d972476c00,
0x000001d972478cd0, 0x000001d972475850, 0x000001d9724751c0, 0x000001d97247a710,
0x000001d972477290, 0x000001d972478640, 0x000001d972477920, 0x000001d97247ada0,
0x000001d972473e10, 0x000001d972477fb0, 0x000001d97247b430, 0x000001d971d76a60,
0x000001d971d70e80, 0x000001d971d71510, 0x000001d971d74300, 0x000001d971d72f50,
0x000001d971d71ba0, 0x000001d971d756b0, 0x000001d971d74990, 0x000001d971d763d0,
0x000001d971d770f0, 0x000001d971d707f0, 0x000001d971d72230, 0x000001d971d70160,
0x000001d971d77780, 0x000001d971d75020, 0x000001d971d735e0, 0x000001d971d728c0,
0x000001d9724799f0, 0x000001d97247a080, 0x000001d971982c80, 0x000001d9733b1c20
}

Java Threads: ( => current thread )
  0x000001d954323580 JavaThread "main"                              [_thread_blocked, id=16528, stack(0x0000006cfa700000,0x0000006cfa800000) (1024K)]
  0x000001d9543dd010 JavaThread "Reference Handler"          daemon [_thread_blocked, id=20848, stack(0x0000006cfac00000,0x0000006cfad00000) (1024K)]
  0x000001d9543ddc00 JavaThread "Finalizer"                  daemon [_thread_blocked, id=16744, stack(0x0000006cfad00000,0x0000006cfae00000) (1024K)]
  0x000001d96ad87ec0 JavaThread "Signal Dispatcher"          daemon [_thread_blocked, id=21180, stack(0x0000006cfae00000,0x0000006cfaf00000) (1024K)]
  0x000001d96ad88b90 JavaThread "Attach Listener"            daemon [_thread_blocked, id=20952, stack(0x0000006cfaf00000,0x0000006cfb000000) (1024K)]
  0x000001d96ad897e0 JavaThread "Service Thread"             daemon [_thread_blocked, id=17876, stack(0x0000006cfb000000,0x0000006cfb100000) (1024K)]
  0x000001d96ad8cc30 JavaThread "Monitor Deflation Thread"   daemon [_thread_blocked, id=19616, stack(0x0000006cfb100000,0x0000006cfb200000) (1024K)]
=>0x000001d96ad8e450 JavaThread "C2 CompilerThread0"         daemon [_thread_in_native, id=14128, stack(0x0000006cfb200000,0x0000006cfb300000) (1024K)]
  0x000001d96c66f880 JavaThread "C1 CompilerThread0"         daemon [_thread_blocked, id=17768, stack(0x0000006cfb300000,0x0000006cfb400000) (1024K)]
  0x000001d96c6c6b90 JavaThread "Common-Cleaner"             daemon [_thread_blocked, id=13576, stack(0x0000006cfb400000,0x0000006cfb500000) (1024K)]
  0x000001d96c8698a0 JavaThread "Notification Thread"        daemon [_thread_blocked, id=18604, stack(0x0000006cfb500000,0x0000006cfb600000) (1024K)]
  0x000001d97143cce0 JavaThread "Active Thread: Equinox Container: e7b3bd21-c347-4f85-a7aa-aae5be35d050"        [_thread_blocked, id=20308, stack(0x0000006cfbc00000,0x0000006cfbd00000) (1024K)]
  0x000001d971434610 JavaThread "Refresh Thread: Equinox Container: e7b3bd21-c347-4f85-a7aa-aae5be35d050" daemon [_thread_blocked, id=11252, stack(0x0000006cfbe00000,0x0000006cfbf00000) (1024K)]
  0x000001d971641e60 JavaThread "Framework Event Dispatcher: Equinox Container: e7b3bd21-c347-4f85-a7aa-aae5be35d050" daemon [_thread_blocked, id=18912, stack(0x0000006cfbf00000,0x0000006cfc000000) (1024K)]
  0x000001d971642890 JavaThread "Start Level: Equinox Container: e7b3bd21-c347-4f85-a7aa-aae5be35d050" daemon [_thread_blocked, id=19828, stack(0x0000006cfc000000,0x0000006cfc100000) (1024K)]
  0x000001d9719d7750 JavaThread "Bundle File Closer"         daemon [_thread_blocked, id=13176, stack(0x0000006cfc100000,0x0000006cfc200000) (1024K)]
  0x000001d971d0d010 JavaThread "SCR Component Actor"        daemon [_thread_blocked, id=13468, stack(0x0000006cfc200000,0x0000006cfc300000) (1024K)]
  0x000001d9719825f0 JavaThread "Worker-JM"                         [_thread_blocked, id=4240, stack(0x0000006cfc400000,0x0000006cfc500000) (1024K)]
  0x000001d971984030 JavaThread "JNA Cleaner"                daemon [_thread_blocked, id=5952, stack(0x0000006cfc300000,0x0000006cfc400000) (1024K)]
  0x000001d971984d50 JavaThread "Worker-0: Java indexing... "        [_thread_blocked, id=18820, stack(0x0000006cfc500000,0x0000006cfc600000) (1024K)]
  0x000001d9719846c0 JavaThread "Worker-1"                          [_thread_blocked, id=10784, stack(0x0000006cfc600000,0x0000006cfc700000) (1024K)]
  0x000001d971981f60 JavaThread "Worker-2: Initialize Workspace"        [_thread_blocked, id=18400, stack(0x0000006cfc800000,0x0000006cfc900000) (1024K)]
  0x000001d971983310 JavaThread "Worker-3"                          [_thread_blocked, id=19312, stack(0x0000006cfc900000,0x0000006cfca00000) (1024K)]
  0x000001d9719839a0 JavaThread "Worker-4"                          [_thread_blocked, id=19620, stack(0x0000006cfca00000,0x0000006cfcb00000) (1024K)]
  0x000001d972475ee0 JavaThread "Worker-5"                          [_thread_blocked, id=6860, stack(0x0000006cfc700000,0x0000006cfc800000) (1024K)]
  0x000001d972476570 JavaThread "Java indexing"              daemon [_thread_blocked, id=10980, stack(0x0000006cfcb00000,0x0000006cfcc00000) (1024K)]
  0x000001d972479360 JavaThread "Worker-6"                          [_thread_blocked, id=10192, stack(0x0000006cfcc00000,0x0000006cfcd00000) (1024K)]
  0x000001d972476c00 JavaThread "Thread-3"                   daemon [_thread_in_native, id=13088, stack(0x0000006cfcd00000,0x0000006cfce00000) (1024K)]
  0x000001d972478cd0 JavaThread "Thread-4"                   daemon [_thread_in_native, id=4476, stack(0x0000006cfce00000,0x0000006cfcf00000) (1024K)]
  0x000001d972475850 JavaThread "Thread-5"                   daemon [_thread_in_native, id=19064, stack(0x0000006cfcf00000,0x0000006cfd000000) (1024K)]
  0x000001d9724751c0 JavaThread "Thread-6"                   daemon [_thread_in_native, id=4628, stack(0x0000006cfd000000,0x0000006cfd100000) (1024K)]
  0x000001d97247a710 JavaThread "Thread-7"                   daemon [_thread_in_native, id=4368, stack(0x0000006cfd100000,0x0000006cfd200000) (1024K)]
  0x000001d972477290 JavaThread "Thread-8"                   daemon [_thread_in_native, id=20856, stack(0x0000006cfd200000,0x0000006cfd300000) (1024K)]
  0x000001d972478640 JavaThread "Thread-9"                   daemon [_thread_in_native, id=17064, stack(0x0000006cfd300000,0x0000006cfd400000) (1024K)]
  0x000001d972477920 JavaThread "Thread-10"                  daemon [_thread_in_native, id=3496, stack(0x0000006cfd400000,0x0000006cfd500000) (1024K)]
  0x000001d97247ada0 JavaThread "Thread-11"                  daemon [_thread_in_native, id=17624, stack(0x0000006cfd500000,0x0000006cfd600000) (1024K)]
  0x000001d972473e10 JavaThread "pool-2-thread-1"                   [_thread_blocked, id=21460, stack(0x0000006cfd600000,0x0000006cfd700000) (1024K)]
  0x000001d972477fb0 JavaThread "WorkspaceEventsHandler"            [_thread_blocked, id=17644, stack(0x0000006cfd700000,0x0000006cfd800000) (1024K)]
  0x000001d97247b430 JavaThread "pool-1-thread-1"                   [_thread_blocked, id=7744, stack(0x0000006cfd800000,0x0000006cfd900000) (1024K)]
  0x000001d971d76a60 JavaThread "LocalFile Deleter"          daemon [_thread_blocked, id=20164, stack(0x0000006cfd900000,0x0000006cfda00000) (1024K)]
  0x000001d971d70e80 JavaThread "LocalFile Deleter"          daemon [_thread_blocked, id=4272, stack(0x0000006cfda00000,0x0000006cfdb00000) (1024K)]
  0x000001d971d71510 JavaThread "LocalFile Deleter"          daemon [_thread_blocked, id=10136, stack(0x0000006cfdb00000,0x0000006cfdc00000) (1024K)]
  0x000001d971d74300 JavaThread "LocalFile Deleter"          daemon [_thread_blocked, id=20796, stack(0x0000006cfdc00000,0x0000006cfdd00000) (1024K)]
  0x000001d971d72f50 JavaThread "LocalFile Deleter"          daemon [_thread_blocked, id=21496, stack(0x0000006cfdd00000,0x0000006cfde00000) (1024K)]
  0x000001d971d71ba0 JavaThread "LocalFile Deleter"          daemon [_thread_blocked, id=16176, stack(0x0000006cfde00000,0x0000006cfdf00000) (1024K)]
  0x000001d971d756b0 JavaThread "LocalFile Deleter"          daemon [_thread_blocked, id=1828, stack(0x0000006cfdf00000,0x0000006cfe000000) (1024K)]
  0x000001d971d74990 JavaThread "LocalFile Deleter"          daemon [_thread_blocked, id=2312, stack(0x0000006cfe000000,0x0000006cfe100000) (1024K)]
  0x000001d971d763d0 JavaThread "Compiler Source File Reader" daemon [_thread_blocked, id=17372, stack(0x0000006cfe100000,0x0000006cfe200000) (1024K)]
  0x000001d971d770f0 JavaThread "Compiler Source File Reader" daemon [_thread_blocked, id=13768, stack(0x0000006cfe200000,0x0000006cfe300000) (1024K)]
  0x000001d971d707f0 JavaThread "Compiler Source File Reader" daemon [_thread_blocked, id=14212, stack(0x0000006cfe300000,0x0000006cfe400000) (1024K)]
  0x000001d971d72230 JavaThread "Compiler Source File Reader" daemon [_thread_blocked, id=9464, stack(0x0000006cfe400000,0x0000006cfe500000) (1024K)]
  0x000001d971d70160 JavaThread "Compiler Source File Reader" daemon [_thread_blocked, id=13876, stack(0x0000006cfe500000,0x0000006cfe600000) (1024K)]
  0x000001d971d77780 JavaThread "Compiler Source File Reader" daemon [_thread_blocked, id=12416, stack(0x0000006cfe600000,0x0000006cfe700000) (1024K)]
  0x000001d971d75020 JavaThread "Compiler Processing Task"   daemon [_thread_blocked, id=11040, stack(0x0000006cfe700000,0x0000006cfe800000) (1024K)]
  0x000001d971d735e0 JavaThread "Compiler Class File Writer" daemon [_thread_blocked, id=19408, stack(0x0000006cfe800000,0x0000006cfe900000) (1024K)]
  0x000001d971d728c0 JavaThread "Compiler Class File Writer" daemon [_thread_blocked, id=5752, stack(0x0000006cfe900000,0x0000006cfea00000) (1024K)]
  0x000001d9724799f0 JavaThread "Compiler Class File Writer" daemon [_thread_blocked, id=20188, stack(0x0000006cfea00000,0x0000006cfeb00000) (1024K)]
  0x000001d97247a080 JavaThread "Compiler Class File Writer" daemon [_thread_blocked, id=20096, stack(0x0000006cfeb00000,0x0000006cfec00000) (1024K)]
  0x000001d971982c80 JavaThread "Compiler Class File Writer" daemon [_thread_blocked, id=888, stack(0x0000006cfec00000,0x0000006cfed00000) (1024K)]
  0x000001d9733b1c20 JavaThread "Compiler Class File Writer" daemon [_thread_blocked, id=18692, stack(0x0000006cfed00000,0x0000006cfee00000) (1024K)]
Total: 60

Other Threads:
  0x000001d96ad83a10 VMThread "VM Thread"                           [id=17576, stack(0x0000006cfaa00000,0x0000006cfab00000) (1024K)]
  0x000001d96ac9ca00 WatcherThread "VM Periodic Task Thread"        [id=17992, stack(0x0000006cfa900000,0x0000006cfaa00000) (1024K)]
  0x000001d954341460 WorkerThread "GC Thread#0"                     [id=11368, stack(0x0000006cfa800000,0x0000006cfa900000) (1024K)]
  0x000001d97137a8a0 WorkerThread "GC Thread#1"                     [id=14436, stack(0x0000006cfb600000,0x0000006cfb700000) (1024K)]
  0x000001d9712ca1a0 WorkerThread "GC Thread#2"                     [id=11088, stack(0x0000006cfb700000,0x0000006cfb800000) (1024K)]
  0x000001d9712ca540 WorkerThread "GC Thread#3"                     [id=18664, stack(0x0000006cfb800000,0x0000006cfb900000) (1024K)]
  0x000001d9712ca8e0 WorkerThread "GC Thread#4"                     [id=1336, stack(0x0000006cfb900000,0x0000006cfba00000) (1024K)]
  0x000001d9712cee50 WorkerThread "GC Thread#5"                     [id=6656, stack(0x0000006cfba00000,0x0000006cfbb00000) (1024K)]
  0x000001d9712cf1f0 WorkerThread "GC Thread#6"                     [id=18804, stack(0x0000006cfbb00000,0x0000006cfbc00000) (1024K)]
  0x000001d9714135f0 WorkerThread "GC Thread#7"                     [id=11884, stack(0x0000006cfbd00000,0x0000006cfbe00000) (1024K)]
Total: 10

Threads with active compile tasks:
C2 CompilerThread0  49268 12230       4       org.eclipse.core.internal.dtree.AbstractDataTreeNode::compareWithParent (133 bytes)
Total: 1

VM state: at safepoint (normal execution)

VM Mutex/Monitor currently owned by a thread:  ([mutex/lock_event])
[0x00007ffda1ab5458] Threads_lock - owner thread: 0x000001d96ad83a10
[0x00007ffda1ab5558] Heap_lock - owner thread: 0x000001d971981f60

Heap address: 0x0000000080000000, size: 2048 MB, Compressed Oops mode: 32-bit

CDS archive(s) mapped at: [0x000001d900000000-0x000001d900ba0000-0x000001d900ba0000), size 12189696, SharedBaseAddress: 0x000001d900000000, ArchiveRelocationMode: 1.
Compressed class space mapped at: 0x000001d901000000-0x000001d941000000, reserved size: 1073741824
Narrow klass base: 0x000001d900000000, Narrow klass shift: 0, Narrow klass range: 0x100000000

GC Precious Log:
 CardTable entry size: 512
 CPUs: 8 total, 8 available
 Memory: 8043M
 Large Page Support: Disabled
 NUMA Support: Disabled
 Compressed Oops: Enabled (32-bit)
 Alignments: Space 512K, Generation 512K, Heap 2M
 Heap Min Capacity: 100M
 Heap Initial Capacity: 100M
 Heap Max Capacity: 2G
 Pre-touch: Disabled
 Parallel Workers: 8

Heap:
 PSYoungGen      total 5632K, used 5602K [0x00000000d5580000, 0x00000000d5f00000, 0x0000000100000000)
  eden space 3072K, 100% used [0x00000000d5580000,0x00000000d5880000,0x00000000d5880000)
  from space 2560K, 98% used [0x00000000d5b80000,0x00000000d5df88a8,0x00000000d5e00000)
  to   space 3072K, 57% used [0x00000000d5880000,0x00000000d5a3a498,0x00000000d5b80000)
 ParOldGen       total 156672K, used 156606K [0x0000000080000000, 0x0000000089900000, 0x00000000d5580000)
  object space 156672K, 99% used [0x0000000080000000,0x00000000898efb38,0x0000000089900000)
 Metaspace       used 60331K, committed 61696K, reserved 1114112K
  class space    used 6180K, committed 6784K, reserved 1048576K

Card table byte_map: [0x000001d953cf0000,0x000001d954100000] _byte_map_base: 0x000001d9538f0000

Marking Bits: (ParMarkBitMap*) 0x00007ffda1aba340
 Begin Bits: [0x000001d9667c0000, 0x000001d9687c0000)
 End Bits:   [0x000001d9687c0000, 0x000001d96a7c0000)

Polling page: 0x000001d953ae0000

Metaspace:

Usage:
  Non-class:     52.88 MB used.
      Class:      6.04 MB used.
       Both:     58.92 MB used.

Virtual space:
  Non-class space:       64.00 MB reserved,      53.62 MB ( 84%) committed,  1 nodes.
      Class space:        1.00 GB reserved,       6.62 MB ( <1%) committed,  1 nodes.
             Both:        1.06 GB reserved,      60.25 MB (  6%) committed. 

Chunk freelists:
   Non-Class:  10.04 MB
       Class:  9.35 MB
        Both:  19.39 MB

MaxMetaspaceSize: unlimited
CompressedClassSpaceSize: 1.00 GB
Initial GC threshold: 21.00 MB
Current GC threshold: 97.81 MB
CDS: on
 - commit_granule_bytes: 65536.
 - commit_granule_words: 8192.
 - virtual_space_node_default_size: 8388608.
 - enlarge_chunks_in_place: 1.
 - use_allocation_guard: 0.


Internal statistics:

num_allocs_failed_limit: 6.
num_arena_births: 1106.
num_arena_deaths: 44.
num_vsnodes_births: 2.
num_vsnodes_deaths: 0.
num_space_committed: 964.
num_space_uncommitted: 0.
num_chunks_returned_to_freelist: 58.
num_chunks_taken_from_freelist: 3940.
num_chunk_merges: 12.
num_chunk_splits: 2400.
num_chunks_enlarged: 1351.
num_inconsistent_stats: 0.

CodeHeap 'non-profiled nmethods': size=120000Kb used=3794Kb max_used=4269Kb free=116205Kb
 bounds [0x000001d95efe0000, 0x000001d95f420000, 0x000001d966510000]
CodeHeap 'profiled nmethods': size=120000Kb used=21730Kb max_used=22910Kb free=98269Kb
 bounds [0x000001d957510000, 0x000001d958b70000, 0x000001d95ea40000]
CodeHeap 'non-nmethods': size=5760Kb used=1419Kb max_used=1502Kb free=4340Kb
 bounds [0x000001d95ea40000, 0x000001d95ecb0000, 0x000001d95efe0000]
CodeCache: size=245760Kb, used=26943Kb, max_used=28681Kb, free=218814Kb
 total_blobs=10589, nmethods=9859, adapters=634, full_count=0
Compilation: enabled, stopped_count=0, restarted_count=0

Compilation events (20 events):
Event: 48.932 Thread 0x000001d96c66f880 12348       2       sun.nio.fs.WindowsFileAttributes::fromFileInformation (146 bytes)
Event: 48.932 Thread 0x000001d96c66f880 nmethod 12348 0x000001d958b59f10 code [0x000001d958b5a0c0, 0x000001d958b5a388]
Event: 48.941 Thread 0x000001d96c66f880 12349 %     3       sun.nio.fs.Globs::toRegexPattern @ 15 (745 bytes)
Event: 48.952 Thread 0x000001d96c66f880 nmethod 12349% 0x000001d958b5a510 code [0x000001d958b5af80, 0x000001d958b61388]
Event: 48.957 Thread 0x000001d96c66f880 12350       2       java.util.ArrayDeque::nonNullElementAt (18 bytes)
Event: 48.958 Thread 0x000001d96c66f880 nmethod 12350 0x000001d958b63910 code [0x000001d958b63ac0, 0x000001d958b63ca0]
Event: 48.966 Thread 0x000001d96c66f880 12351       2       java.util.ArrayDeque$DeqIterator::next (62 bytes)
Event: 48.969 Thread 0x000001d96c66f880 nmethod 12351 0x000001d958b63e10 code [0x000001d958b63fe0, 0x000001d958b642e0]
Event: 48.969 Thread 0x000001d96c66f880 12352       2       java.nio.file.Files::isSameFile (10 bytes)
Event: 48.970 Thread 0x000001d96c66f880 nmethod 12352 0x000001d958b64490 code [0x000001d958b64660, 0x000001d958b647e8]
Event: 48.970 Thread 0x000001d96c66f880 12353       2       sun.nio.fs.WindowsFileAttributes::isSameFile (39 bytes)
Event: 48.970 Thread 0x000001d96c66f880 nmethod 12353 0x000001d958b64910 code [0x000001d958b64aa0, 0x000001d958b64bd0]
Event: 49.005 Thread 0x000001d96c66f880 12354       2       java.nio.file.SimpleFileVisitor::visitFile (14 bytes)
Event: 49.005 Thread 0x000001d96c66f880 nmethod 12354 0x000001d958b64c90 code [0x000001d958b64e60, 0x000001d958b650e0]
Event: 49.036 Thread 0x000001d96c66f880 12355       3       java.nio.file.FileTreeWalker$Event::<init> (9 bytes)
Event: 49.036 Thread 0x000001d96c66f880 nmethod 12355 0x000001d958b65210 code [0x000001d958b653c0, 0x000001d958b655d8]
Event: 49.085 Thread 0x000001d96c66f880 12356   !   2       sun.nio.fs.WindowsFileSystemProvider::isSameFile (180 bytes)
Event: 49.087 Thread 0x000001d96c66f880 nmethod 12356 0x000001d958b65710 code [0x000001d958b659e0, 0x000001d958b66338]
Event: 49.118 Thread 0x000001d96c66f880 12357       3       sun.nio.fs.Globs::toRegexPattern (745 bytes)
Event: 49.130 Thread 0x000001d96c66f880 nmethod 12357 0x000001d958b66a90 code [0x000001d958b674e0, 0x000001d958b6d628]

GC Heap History (20 events):
Event: 48.492 GC heap after
{Heap after GC invocations=254 (full 4):
 PSYoungGen      total 7168K, used 1860K [0x00000000d5580000, 0x00000000d5f00000, 0x0000000100000000)
  eden space 5120K, 0% used [0x00000000d5580000,0x00000000d5580000,0x00000000d5a80000)
  from space 2048K, 90% used [0x00000000d5d00000,0x00000000d5ed1178,0x00000000d5f00000)
  to   space 2048K, 0% used [0x00000000d5b00000,0x00000000d5b00000,0x00000000d5d00000)
 ParOldGen       total 151040K, used 150543K [0x0000000080000000, 0x0000000089380000, 0x00000000d5580000)
  object space 151040K, 99% used [0x0000000080000000,0x0000000089303e20,0x0000000089380000)
 Metaspace       used 59724K, committed 60992K, reserved 1114112K
  class space    used 6126K, committed 6720K, reserved 1048576K
}
Event: 48.557 GC heap before
{Heap before GC invocations=255 (full 4):
 PSYoungGen      total 7168K, used 6980K [0x00000000d5580000, 0x00000000d5f00000, 0x0000000100000000)
  eden space 5120K, 100% used [0x00000000d5580000,0x00000000d5a80000,0x00000000d5a80000)
  from space 2048K, 90% used [0x00000000d5d00000,0x00000000d5ed1178,0x00000000d5f00000)
  to   space 2048K, 0% used [0x00000000d5b00000,0x00000000d5b00000,0x00000000d5d00000)
 ParOldGen       total 151040K, used 150543K [0x0000000080000000, 0x0000000089380000, 0x00000000d5580000)
  object space 151040K, 99% used [0x0000000080000000,0x0000000089303e20,0x0000000089380000)
 Metaspace       used 59737K, committed 60992K, reserved 1114112K
  class space    used 6127K, committed 6720K, reserved 1048576K
}
Event: 48.559 GC heap after
{Heap after GC invocations=255 (full 4):
 PSYoungGen      total 7168K, used 2040K [0x00000000d5580000, 0x00000000d5f80000, 0x0000000100000000)
  eden space 5120K, 0% used [0x00000000d5580000,0x00000000d5580000,0x00000000d5a80000)
  from space 2048K, 99% used [0x00000000d5b00000,0x00000000d5cfe3d8,0x00000000d5d00000)
  to   space 2560K, 0% used [0x00000000d5d00000,0x00000000d5d00000,0x00000000d5f80000)
 ParOldGen       total 151040K, used 150867K [0x0000000080000000, 0x0000000089380000, 0x00000000d5580000)
  object space 151040K, 99% used [0x0000000080000000,0x0000000089354cd0,0x0000000089380000)
 Metaspace       used 59737K, committed 60992K, reserved 1114112K
  class space    used 6127K, committed 6720K, reserved 1048576K
}
Event: 48.648 GC heap before
{Heap before GC invocations=256 (full 4):
 PSYoungGen      total 7168K, used 7160K [0x00000000d5580000, 0x00000000d5f80000, 0x0000000100000000)
  eden space 5120K, 100% used [0x00000000d5580000,0x00000000d5a80000,0x00000000d5a80000)
  from space 2048K, 99% used [0x00000000d5b00000,0x00000000d5cfe3d8,0x00000000d5d00000)
  to   space 2560K, 0% used [0x00000000d5d00000,0x00000000d5d00000,0x00000000d5f80000)
 ParOldGen       total 151040K, used 150867K [0x0000000080000000, 0x0000000089380000, 0x00000000d5580000)
  object space 151040K, 99% used [0x0000000080000000,0x0000000089354cd0,0x0000000089380000)
 Metaspace       used 59804K, committed 61056K, reserved 1114112K
  class space    used 6136K, committed 6720K, reserved 1048576K
}
Event: 48.652 GC heap after
{Heap after GC invocations=256 (full 4):
 PSYoungGen      total 6656K, used 1404K [0x00000000d5580000, 0x00000000d5e80000, 0x0000000100000000)
  eden space 5120K, 0% used [0x00000000d5580000,0x00000000d5580000,0x00000000d5a80000)
  from space 1536K, 91% used [0x00000000d5d00000,0x00000000d5e5f1d8,0x00000000d5e80000)
  to   space 2048K, 0% used [0x00000000d5a80000,0x00000000d5a80000,0x00000000d5c80000)
 ParOldGen       total 152576K, used 152426K [0x0000000080000000, 0x0000000089500000, 0x00000000d5580000)
  object space 152576K, 99% used [0x0000000080000000,0x00000000894da998,0x0000000089500000)
 Metaspace       used 59804K, committed 61056K, reserved 1114112K
  class space    used 6136K, committed 6720K, reserved 1048576K
}
Event: 48.747 GC heap before
{Heap before GC invocations=257 (full 4):
 PSYoungGen      total 6656K, used 6524K [0x00000000d5580000, 0x00000000d5e80000, 0x0000000100000000)
  eden space 5120K, 100% used [0x00000000d5580000,0x00000000d5a80000,0x00000000d5a80000)
  from space 1536K, 91% used [0x00000000d5d00000,0x00000000d5e5f1d8,0x00000000d5e80000)
  to   space 2048K, 0% used [0x00000000d5a80000,0x00000000d5a80000,0x00000000d5c80000)
 ParOldGen       total 152576K, used 152426K [0x0000000080000000, 0x0000000089500000, 0x00000000d5580000)
  object space 152576K, 99% used [0x0000000080000000,0x00000000894da998,0x0000000089500000)
 Metaspace       used 60051K, committed 61376K, reserved 1114112K
  class space    used 6157K, committed 6784K, reserved 1048576K
}
Event: 48.749 GC heap after
{Heap after GC invocations=257 (full 4):
 PSYoungGen      total 7168K, used 1932K [0x00000000d5580000, 0x00000000d5e80000, 0x0000000100000000)
  eden space 5120K, 0% used [0x00000000d5580000,0x00000000d5580000,0x00000000d5a80000)
  from space 2048K, 94% used [0x00000000d5a80000,0x00000000d5c633f8,0x00000000d5c80000)
  to   space 2048K, 0% used [0x00000000d5c80000,0x00000000d5c80000,0x00000000d5e80000)
 ParOldGen       total 152576K, used 152434K [0x0000000080000000, 0x0000000089500000, 0x00000000d5580000)
  object space 152576K, 99% used [0x0000000080000000,0x00000000894dc998,0x0000000089500000)
 Metaspace       used 60051K, committed 61376K, reserved 1114112K
  class space    used 6157K, committed 6784K, reserved 1048576K
}
Event: 48.804 GC heap before
{Heap before GC invocations=258 (full 4):
 PSYoungGen      total 7168K, used 7052K [0x00000000d5580000, 0x00000000d5e80000, 0x0000000100000000)
  eden space 5120K, 100% used [0x00000000d5580000,0x00000000d5a80000,0x00000000d5a80000)
  from space 2048K, 94% used [0x00000000d5a80000,0x00000000d5c633f8,0x00000000d5c80000)
  to   space 2048K, 0% used [0x00000000d5c80000,0x00000000d5c80000,0x00000000d5e80000)
 ParOldGen       total 152576K, used 152434K [0x0000000080000000, 0x0000000089500000, 0x00000000d5580000)
  object space 152576K, 99% used [0x0000000080000000,0x00000000894dc998,0x0000000089500000)
 Metaspace       used 60315K, committed 61696K, reserved 1114112K
  class space    used 6180K, committed 6784K, reserved 1048576K
}
Event: 48.807 GC heap after
{Heap after GC invocations=258 (full 4):
 PSYoungGen      total 6144K, used 2022K [0x00000000d5580000, 0x00000000d6080000, 0x0000000100000000)
  eden space 4096K, 0% used [0x00000000d5580000,0x00000000d5580000,0x00000000d5980000)
  from space 2048K, 98% used [0x00000000d5c80000,0x00000000d5e798c8,0x00000000d5e80000)
  to   space 3072K, 0% used [0x00000000d5980000,0x00000000d5980000,0x00000000d5c80000)
 ParOldGen       total 153600K, used 153100K [0x0000000080000000, 0x0000000089600000, 0x00000000d5580000)
  object space 153600K, 99% used [0x0000000080000000,0x00000000895830a8,0x0000000089600000)
 Metaspace       used 60315K, committed 61696K, reserved 1114112K
  class space    used 6180K, committed 6784K, reserved 1048576K
}
Event: 48.865 GC heap before
{Heap before GC invocations=259 (full 4):
 PSYoungGen      total 6144K, used 6118K [0x00000000d5580000, 0x00000000d6080000, 0x0000000100000000)
  eden space 4096K, 100% used [0x00000000d5580000,0x00000000d5980000,0x00000000d5980000)
  from space 2048K, 98% used [0x00000000d5c80000,0x00000000d5e798c8,0x00000000d5e80000)
  to   space 3072K, 0% used [0x00000000d5980000,0x00000000d5980000,0x00000000d5c80000)
 ParOldGen       total 153600K, used 153100K [0x0000000080000000, 0x0000000089600000, 0x00000000d5580000)
  object space 153600K, 99% used [0x0000000080000000,0x00000000895830a8,0x0000000089600000)
 Metaspace       used 60324K, committed 61696K, reserved 1114112K
  class space    used 6180K, committed 6784K, reserved 1048576K
}
Event: 48.868 GC heap after
{Heap after GC invocations=259 (full 4):
 PSYoungGen      total 6144K, used 1976K [0x00000000d5580000, 0x00000000d5e80000, 0x0000000100000000)
  eden space 4096K, 0% used [0x00000000d5580000,0x00000000d5580000,0x00000000d5980000)
  from space 2048K, 96% used [0x00000000d5980000,0x00000000d5b6e158,0x00000000d5b80000)
  to   space 2560K, 0% used [0x00000000d5c00000,0x00000000d5c00000,0x00000000d5e80000)
 ParOldGen       total 154112K, used 154004K [0x0000000080000000, 0x0000000089680000, 0x00000000d5580000)
  object space 154112K, 99% used [0x0000000080000000,0x0000000089665020,0x0000000089680000)
 Metaspace       used 60324K, committed 61696K, reserved 1114112K
  class space    used 6180K, committed 6784K, reserved 1048576K
}
Event: 48.918 GC heap before
{Heap before GC invocations=260 (full 4):
 PSYoungGen      total 6144K, used 6072K [0x00000000d5580000, 0x00000000d5e80000, 0x0000000100000000)
  eden space 4096K, 100% used [0x00000000d5580000,0x00000000d5980000,0x00000000d5980000)
  from space 2048K, 96% used [0x00000000d5980000,0x00000000d5b6e158,0x00000000d5b80000)
  to   space 2560K, 0% used [0x00000000d5c00000,0x00000000d5c00000,0x00000000d5e80000)
 ParOldGen       total 154112K, used 154004K [0x0000000080000000, 0x0000000089680000, 0x00000000d5580000)
  object space 154112K, 99% used [0x0000000080000000,0x0000000089665020,0x0000000089680000)
 Metaspace       used 60326K, committed 61696K, reserved 1114112K
  class space    used 6180K, committed 6784K, reserved 1048576K
}
Event: 48.920 GC heap after
{Heap after GC invocations=260 (full 4):
 PSYoungGen      total 6144K, used 2536K [0x00000000d5580000, 0x00000000d5f80000, 0x0000000100000000)
  eden space 3584K, 0% used [0x00000000d5580000,0x00000000d5580000,0x00000000d5900000)
  from space 2560K, 99% used [0x00000000d5c00000,0x00000000d5e7a060,0x00000000d5e80000)
  to   space 3072K, 0% used [0x00000000d5900000,0x00000000d5900000,0x00000000d5c00000)
 ParOldGen       total 154624K, used 154189K [0x0000000080000000, 0x0000000089700000, 0x00000000d5580000)
  object space 154624K, 99% used [0x0000000080000000,0x00000000896936d8,0x0000000089700000)
 Metaspace       used 60326K, committed 61696K, reserved 1114112K
  class space    used 6180K, committed 6784K, reserved 1048576K
}
Event: 48.966 GC heap before
{Heap before GC invocations=261 (full 4):
 PSYoungGen      total 6144K, used 6120K [0x00000000d5580000, 0x00000000d5f80000, 0x0000000100000000)
  eden space 3584K, 100% used [0x00000000d5580000,0x00000000d5900000,0x00000000d5900000)
  from space 2560K, 99% used [0x00000000d5c00000,0x00000000d5e7a060,0x00000000d5e80000)
  to   space 3072K, 0% used [0x00000000d5900000,0x00000000d5900000,0x00000000d5c00000)
 ParOldGen       total 154624K, used 154189K [0x0000000080000000, 0x0000000089700000, 0x00000000d5580000)
  object space 154624K, 99% used [0x0000000080000000,0x00000000896936d8,0x0000000089700000)
 Metaspace       used 60329K, committed 61696K, reserved 1114112K
  class space    used 6180K, committed 6784K, reserved 1048576K
}
Event: 48.969 GC heap after
{Heap after GC invocations=261 (full 4):
 PSYoungGen      total 6144K, used 2160K [0x00000000d5580000, 0x00000000d5e00000, 0x0000000100000000)
  eden space 3584K, 0% used [0x00000000d5580000,0x00000000d5580000,0x00000000d5900000)
  from space 2560K, 84% used [0x00000000d5900000,0x00000000d5b1c230,0x00000000d5b80000)
  to   space 2560K, 0% used [0x00000000d5b80000,0x00000000d5b80000,0x00000000d5e00000)
 ParOldGen       total 155648K, used 155265K [0x0000000080000000, 0x0000000089800000, 0x00000000d5580000)
  object space 155648K, 99% used [0x0000000080000000,0x00000000897a0720,0x0000000089800000)
 Metaspace       used 60329K, committed 61696K, reserved 1114112K
  class space    used 6180K, committed 6784K, reserved 1048576K
}
Event: 49.088 GC heap before
{Heap before GC invocations=262 (full 4):
 PSYoungGen      total 6144K, used 5744K [0x00000000d5580000, 0x00000000d5e00000, 0x0000000100000000)
  eden space 3584K, 100% used [0x00000000d5580000,0x00000000d5900000,0x00000000d5900000)
  from space 2560K, 84% used [0x00000000d5900000,0x00000000d5b1c230,0x00000000d5b80000)
  to   space 2560K, 0% used [0x00000000d5b80000,0x00000000d5b80000,0x00000000d5e00000)
 ParOldGen       total 155648K, used 155265K [0x0000000080000000, 0x0000000089800000, 0x00000000d5580000)
  object space 155648K, 99% used [0x0000000080000000,0x00000000897a0720,0x0000000089800000)
 Metaspace       used 60331K, committed 61696K, reserved 1114112K
  class space    used 6180K, committed 6784K, reserved 1048576K
}
Event: 49.090 GC heap after
{Heap after GC invocations=262 (full 4):
 PSYoungGen      total 5632K, used 2530K [0x00000000d5580000, 0x00000000d5f00000, 0x0000000100000000)
  eden space 3072K, 0% used [0x00000000d5580000,0x00000000d5580000,0x00000000d5880000)
  from space 2560K, 98% used [0x00000000d5b80000,0x00000000d5df88a8,0x00000000d5e00000)
  to   space 3072K, 0% used [0x00000000d5880000,0x00000000d5880000,0x00000000d5b80000)
 ParOldGen       total 155648K, used 155365K [0x0000000080000000, 0x0000000089800000, 0x00000000d5580000)
  object space 155648K, 99% used [0x0000000080000000,0x00000000897b94e8,0x0000000089800000)
 Metaspace       used 60331K, committed 61696K, reserved 1114112K
  class space    used 6180K, committed 6784K, reserved 1048576K
}
Event: 49.186 GC heap before
{Heap before GC invocations=263 (full 4):
 PSYoungGen      total 5632K, used 5602K [0x00000000d5580000, 0x00000000d5f00000, 0x0000000100000000)
  eden space 3072K, 100% used [0x00000000d5580000,0x00000000d5880000,0x00000000d5880000)
  from space 2560K, 98% used [0x00000000d5b80000,0x00000000d5df88a8,0x00000000d5e00000)
  to   space 3072K, 0% used [0x00000000d5880000,0x00000000d5880000,0x00000000d5b80000)
 ParOldGen       total 155648K, used 155365K [0x0000000080000000, 0x0000000089800000, 0x00000000d5580000)
  object space 155648K, 99% used [0x0000000080000000,0x00000000897b94e8,0x0000000089800000)
 Metaspace       used 60331K, committed 61696K, reserved 1114112K
  class space    used 6180K, committed 6784K, reserved 1048576K
}
Event: 49.189 GC heap after
{Heap after GC invocations=263 (full 4):
 PSYoungGen      total 5632K, used 5602K [0x00000000d5580000, 0x00000000d5f00000, 0x0000000100000000)
  eden space 3072K, 100% used [0x00000000d5580000,0x00000000d5880000,0x00000000d5880000)
  from space 2560K, 98% used [0x00000000d5b80000,0x00000000d5df88a8,0x00000000d5e00000)
  to   space 3072K, 57% used [0x00000000d5880000,0x00000000d5a3a498,0x00000000d5b80000)
 ParOldGen       total 156672K, used 156606K [0x0000000080000000, 0x0000000089900000, 0x00000000d5580000)
  object space 156672K, 99% used [0x0000000080000000,0x00000000898efb38,0x0000000089900000)
 Metaspace       used 60331K, committed 61696K, reserved 1114112K
  class space    used 6180K, committed 6784K, reserved 1048576K
}
Event: 49.189 GC heap before
{Heap before GC invocations=264 (full 5):
 PSYoungGen      total 5632K, used 5602K [0x00000000d5580000, 0x00000000d5f00000, 0x0000000100000000)
  eden space 3072K, 100% used [0x00000000d5580000,0x00000000d5880000,0x00000000d5880000)
  from space 2560K, 98% used [0x00000000d5b80000,0x00000000d5df88a8,0x00000000d5e00000)
  to   space 3072K, 57% used [0x00000000d5880000,0x00000000d5a3a498,0x00000000d5b80000)
 ParOldGen       total 156672K, used 156606K [0x0000000080000000, 0x0000000089900000, 0x00000000d5580000)
  object space 156672K, 99% used [0x0000000080000000,0x00000000898efb38,0x0000000089900000)
 Metaspace       used 60331K, committed 61696K, reserved 1114112K
  class space    used 6180K, committed 6784K, reserved 1048576K
}

Dll operation events (10 events):
Event: 0.016 Loaded shared library c:\Users\narendra\.vscode\extensions\redhat.java-1.44.0-win32-x64\jre\21.0.8-win32-x86_64\bin\java.dll
Event: 0.292 Loaded shared library c:\Users\narendra\.vscode\extensions\redhat.java-1.44.0-win32-x64\jre\21.0.8-win32-x86_64\bin\zip.dll
Event: 0.378 Loaded shared library C:\Users\narendra\.vscode\extensions\redhat.java-1.44.0-win32-x64\jre\21.0.8-win32-x86_64\bin\instrument.dll
Event: 0.390 Loaded shared library C:\Users\narendra\.vscode\extensions\redhat.java-1.44.0-win32-x64\jre\21.0.8-win32-x86_64\bin\net.dll
Event: 0.393 Loaded shared library C:\Users\narendra\.vscode\extensions\redhat.java-1.44.0-win32-x64\jre\21.0.8-win32-x86_64\bin\nio.dll
Event: 0.420 Loaded shared library C:\Users\narendra\.vscode\extensions\redhat.java-1.44.0-win32-x64\jre\21.0.8-win32-x86_64\bin\zip.dll
Event: 0.509 Loaded shared library C:\Users\narendra\.vscode\extensions\redhat.java-1.44.0-win32-x64\jre\21.0.8-win32-x86_64\bin\jimage.dll
Event: 0.745 Loaded shared library c:\Users\narendra\.vscode\extensions\redhat.java-1.44.0-win32-x64\jre\21.0.8-win32-x86_64\bin\verify.dll
Event: 5.053 Loaded shared library C:\Users\narendra\AppData\Roaming\Code\User\globalStorage\redhat.java\1.44.0\config_win\org.eclipse.equinox.launcher\org.eclipse.equinox.launcher.win32.win32.x86_64_1.2.1400.v20250730-1736\eclipse_11913.dll
Event: 17.695 Loaded shared library C:\Users\narendra\AppData\Local\Temp\jna-1984495243\jna4303061680439321534.dll

Deoptimization events (20 events):
Event: 48.915 Thread 0x000001d972476570 DEOPT PACKING pc=0x000001d958b4a230 sp=0x0000006cfcbfe7b0
Event: 48.915 Thread 0x000001d972476570 DEOPT UNPACKING pc=0x000001d95ea94242 sp=0x0000006cfcbfdc98 mode 0
Event: 48.939 Thread 0x000001d971981f60 DEOPT PACKING pc=0x000001d9581f05c6 sp=0x0000006cfc8fe920
Event: 48.939 Thread 0x000001d971981f60 DEOPT UNPACKING pc=0x000001d95ea94242 sp=0x0000006cfc8fdea0 mode 0
Event: 48.941 Thread 0x000001d972476570 DEOPT PACKING pc=0x000001d95883f022 sp=0x0000006cfcbfe630
Event: 48.941 Thread 0x000001d972476570 DEOPT UNPACKING pc=0x000001d95ea94242 sp=0x0000006cfcbfdba8 mode 0
Event: 48.971 Thread 0x000001d971981f60 DEOPT PACKING pc=0x000001d95767f681 sp=0x0000006cfc8fea90
Event: 48.971 Thread 0x000001d971981f60 DEOPT UNPACKING pc=0x000001d95ea94242 sp=0x0000006cfc8fdfb0 mode 0
Event: 49.012 Thread 0x000001d972476570 DEOPT PACKING pc=0x000001d95883f022 sp=0x0000006cfcbfe630
Event: 49.012 Thread 0x000001d972476570 DEOPT UNPACKING pc=0x000001d95ea94242 sp=0x0000006cfcbfdba8 mode 0
Event: 49.062 Thread 0x000001d971981f60 DEOPT PACKING pc=0x000001d958b4a230 sp=0x0000006cfc8fe9e0
Event: 49.062 Thread 0x000001d971981f60 DEOPT UNPACKING pc=0x000001d95ea94242 sp=0x0000006cfc8fdec8 mode 0
Event: 49.064 Thread 0x000001d971981f60 DEOPT PACKING pc=0x000001d95767f681 sp=0x0000006cfc8fea90
Event: 49.064 Thread 0x000001d971981f60 DEOPT UNPACKING pc=0x000001d95ea94242 sp=0x0000006cfc8fdfb0 mode 0
Event: 49.118 Thread 0x000001d971981f60 DEOPT PACKING pc=0x000001d958b4d4a5 sp=0x0000006cfc8fead0
Event: 49.118 Thread 0x000001d971981f60 DEOPT UNPACKING pc=0x000001d95ea94242 sp=0x0000006cfc8fe050 mode 0
Event: 49.120 Thread 0x000001d971981f60 DEOPT PACKING pc=0x000001d95767f681 sp=0x0000006cfc8fea90
Event: 49.120 Thread 0x000001d971981f60 DEOPT UNPACKING pc=0x000001d95ea94242 sp=0x0000006cfc8fdfb0 mode 0
Event: 49.186 Thread 0x000001d972476570 DEOPT PACKING pc=0x000001d95883f022 sp=0x0000006cfcbfe630
Event: 49.186 Thread 0x000001d972476570 DEOPT UNPACKING pc=0x000001d95ea94242 sp=0x0000006cfcbfdba8 mode 0

Classes loaded (20 events):
Event: 45.170 Loading class sun/nio/ch/ChannelOutputStream
Event: 45.170 Loading class sun/nio/ch/ChannelOutputStream done
Event: 47.416 Loading class jdk/internal/math/FDBigInteger
Event: 47.417 Loading class jdk/internal/math/FDBigInteger done
Event: 48.756 Loading class java/util/TreeMap$ValueSpliterator
Event: 48.756 Loading class java/util/TreeMap$TreeMapSpliterator
Event: 48.756 Loading class java/util/TreeMap$TreeMapSpliterator done
Event: 48.756 Loading class java/util/TreeMap$ValueSpliterator done
Event: 48.784 Loading class java/util/concurrent/CompletionException
Event: 48.784 Loading class java/util/concurrent/CompletionException done
Event: 48.798 Loading class java/nio/file/FileTreeWalker$1
Event: 48.798 Loading class java/nio/file/FileTreeWalker$1 done
Event: 48.799 Loading class sun/nio/fs/Globs
Event: 48.800 Loading class sun/nio/fs/Globs done
Event: 48.800 Loading class java/util/regex/Pattern$SliceU
Event: 48.800 Loading class java/util/regex/Pattern$SliceU done
Event: 48.800 Loading class sun/nio/fs/WindowsFileSystem$2
Event: 48.801 Loading class java/nio/file/PathMatcher
Event: 48.801 Loading class java/nio/file/PathMatcher done
Event: 48.801 Loading class sun/nio/fs/WindowsFileSystem$2 done

Classes unloaded (20 events):
Event: 22.047 Thread 0x000001d96ad83a10 Unloading class 0x000001d9011ab800 'java/lang/invoke/LambdaForm$MH+0x000001d9011ab800'
Event: 22.047 Thread 0x000001d96ad83a10 Unloading class 0x000001d9011ab400 'java/lang/invoke/LambdaForm$MH+0x000001d9011ab400'
Event: 22.047 Thread 0x000001d96ad83a10 Unloading class 0x000001d9011ab000 'java/lang/invoke/LambdaForm$BMH+0x000001d9011ab000'
Event: 22.047 Thread 0x000001d96ad83a10 Unloading class 0x000001d9011aac00 'java/lang/invoke/LambdaForm$DMH+0x000001d9011aac00'
Event: 22.047 Thread 0x000001d96ad83a10 Unloading class 0x000001d9011a9800 'java/lang/invoke/LambdaForm$DMH+0x000001d9011a9800'
Event: 35.569 Thread 0x000001d96ad83a10 Unloading class 0x000001d90127a000 'java/lang/invoke/LambdaForm$MH+0x000001d90127a000'
Event: 35.569 Thread 0x000001d96ad83a10 Unloading class 0x000001d901279400 'java/lang/invoke/LambdaForm$MH+0x000001d901279400'
Event: 35.569 Thread 0x000001d96ad83a10 Unloading class 0x000001d901278c00 'java/lang/invoke/LambdaForm$MH+0x000001d901278c00'
Event: 35.569 Thread 0x000001d96ad83a10 Unloading class 0x000001d901278400 'java/lang/invoke/LambdaForm$MH+0x000001d901278400'
Event: 35.569 Thread 0x000001d96ad83a10 Unloading class 0x000001d901278000 'java/lang/invoke/LambdaForm$DMH+0x000001d901278000'
Event: 35.569 Thread 0x000001d96ad83a10 Unloading class 0x000001d901277400 'java/lang/invoke/LambdaForm$MH+0x000001d901277400'
Event: 35.569 Thread 0x000001d96ad83a10 Unloading class 0x000001d901273c00 'java/lang/invoke/LambdaForm$MH+0x000001d901273c00'
Event: 35.569 Thread 0x000001d96ad83a10 Unloading class 0x000001d901273400 'java/lang/invoke/LambdaForm$MH+0x000001d901273400'
Event: 35.569 Thread 0x000001d96ad83a10 Unloading class 0x000001d901272c00 'java/lang/invoke/LambdaForm$MH+0x000001d901272c00'
Event: 35.569 Thread 0x000001d96ad83a10 Unloading class 0x000001d901272400 'java/lang/invoke/LambdaForm$MH+0x000001d901272400'
Event: 35.569 Thread 0x000001d96ad83a10 Unloading class 0x000001d901271c00 'java/lang/invoke/LambdaForm$MH+0x000001d901271c00'
Event: 35.569 Thread 0x000001d96ad83a10 Unloading class 0x000001d901271400 'java/lang/invoke/LambdaForm$MH+0x000001d901271400'
Event: 35.569 Thread 0x000001d96ad83a10 Unloading class 0x000001d901270c00 'java/lang/invoke/LambdaForm$MH+0x000001d901270c00'
Event: 35.569 Thread 0x000001d96ad83a10 Unloading class 0x000001d901270800 'java/lang/invoke/LambdaForm$MH+0x000001d901270800'
Event: 35.569 Thread 0x000001d96ad83a10 Unloading class 0x000001d901270000 'java/lang/invoke/LambdaForm$DMH+0x000001d901270000'

Classes redefined (0 events):
No events

Internal exceptions (20 events):
Event: 49.177 Thread 0x000001d971981f60 Exception <a 'sun/nio/fs/WindowsException'{0x00000000d578cde8}> (0x00000000d578cde8) 
thrown [s\src\hotspot\share\prims\jni.cpp, line 520]
Event: 49.178 Thread 0x000001d971981f60 Exception <a 'sun/nio/fs/WindowsException'{0x00000000d579d3d8}> (0x00000000d579d3d8) 
thrown [s\src\hotspot\share\prims\jni.cpp, line 520]
Event: 49.178 Thread 0x000001d971981f60 Exception <a 'sun/nio/fs/WindowsException'{0x00000000d579d9f8}> (0x00000000d579d9f8) 
thrown [s\src\hotspot\share\prims\jni.cpp, line 520]
Event: 49.178 Thread 0x000001d971981f60 Exception <a 'sun/nio/fs/WindowsException'{0x00000000d579e018}> (0x00000000d579e018) 
thrown [s\src\hotspot\share\prims\jni.cpp, line 520]
Event: 49.178 Thread 0x000001d971981f60 Exception <a 'sun/nio/fs/WindowsException'{0x00000000d579e8d8}> (0x00000000d579e8d8) 
thrown [s\src\hotspot\share\prims\jni.cpp, line 520]
Event: 49.180 Thread 0x000001d971981f60 Exception <a 'sun/nio/fs/WindowsException'{0x00000000d57e7810}> (0x00000000d57e7810) 
thrown [s\src\hotspot\share\prims\jni.cpp, line 520]
Event: 49.180 Thread 0x000001d971981f60 Exception <a 'sun/nio/fs/WindowsException'{0x00000000d57e7e30}> (0x00000000d57e7e30) 
thrown [s\src\hotspot\share\prims\jni.cpp, line 520]
Event: 49.180 Thread 0x000001d971981f60 Exception <a 'sun/nio/fs/WindowsException'{0x00000000d57e8450}> (0x00000000d57e8450) 
thrown [s\src\hotspot\share\prims\jni.cpp, line 520]
Event: 49.180 Thread 0x000001d971981f60 Exception <a 'sun/nio/fs/WindowsException'{0x00000000d57e8a88}> (0x00000000d57e8a88) 
thrown [s\src\hotspot\share\prims\jni.cpp, line 520]
Event: 49.184 Thread 0x000001d971981f60 Exception <a 'sun/nio/fs/WindowsException'{0x00000000d5831250}> (0x00000000d5831250) 
thrown [s\src\hotspot\share\prims\jni.cpp, line 520]
Event: 49.184 Thread 0x000001d971981f60 Exception <a 'sun/nio/fs/WindowsException'{0x00000000d5831870}> (0x00000000d5831870) 
thrown [s\src\hotspot\share\prims\jni.cpp, line 520]
Event: 49.184 Thread 0x000001d971981f60 Exception <a 'sun/nio/fs/WindowsException'{0x00000000d5832130}> (0x00000000d5832130) 
thrown [s\src\hotspot\share\prims\jni.cpp, line 520]
Event: 49.184 Thread 0x000001d971981f60 Exception <a 'sun/nio/fs/WindowsException'{0x00000000d5832768}> (0x00000000d5832768) 
thrown [s\src\hotspot\share\prims\jni.cpp, line 520]
Event: 49.185 Thread 0x000001d971981f60 Exception <a 'sun/nio/fs/WindowsException'{0x00000000d584dc20}> (0x00000000d584dc20) 
thrown [s\src\hotspot\share\prims\jni.cpp, line 520]
Event: 49.185 Thread 0x000001d971981f60 Exception <a 'sun/nio/fs/WindowsException'{0x00000000d584e240}> (0x00000000d584e240) 
thrown [s\src\hotspot\share\prims\jni.cpp, line 520]
Event: 49.185 Thread 0x000001d971981f60 Exception <a 'sun/nio/fs/WindowsException'{0x00000000d584e860}> (0x00000000d584e860) 
thrown [s\src\hotspot\share\prims\jni.cpp, line 520]
Event: 49.185 Thread 0x000001d971981f60 Exception <a 'sun/nio/fs/WindowsException'{0x00000000d584ee98}> (0x00000000d584ee98) 
thrown [s\src\hotspot\share\prims\jni.cpp, line 520]
Event: 49.186 Thread 0x000001d971981f60 Exception <a 'sun/nio/fs/WindowsException'{0x00000000d587eb98}> (0x00000000d587eb98) 
thrown [s\src\hotspot\share\prims\jni.cpp, line 520]
Event: 49.186 Thread 0x000001d971981f60 Exception <a 'sun/nio/fs/WindowsException'{0x00000000d587f1b8}> (0x00000000d587f1b8) 
thrown [s\src\hotspot\share\prims\jni.cpp, line 520]
Event: 49.186 Thread 0x000001d971981f60 Exception <a 'sun/nio/fs/WindowsException'{0x00000000d587f7d8}> (0x00000000d587f7d8) 
thrown [s\src\hotspot\share\prims\jni.cpp, line 520]

ZGC Phase Switch (0 events):
No events

VM Operations (20 events):
Event: 48.652 Executing VM operation: ParallelGCFailedAllocation (Allocation Failure) done
Event: 48.658 Executing VM operation: HandshakeAllThreads (Deoptimize)
Event: 48.664 Executing VM operation: HandshakeAllThreads (Deoptimize) done
Event: 48.696 Executing VM operation: HandshakeAllThreads (Deoptimize)
Event: 48.696 Executing VM operation: HandshakeAllThreads (Deoptimize) done
Event: 48.747 Executing VM operation: ParallelGCFailedAllocation (Allocation Failure)
Event: 48.749 Executing VM operation: ParallelGCFailedAllocation (Allocation Failure) done
Event: 48.798 Executing VM operation: HandshakeAllThreads (Deoptimize)
Event: 48.798 Executing VM operation: HandshakeAllThreads (Deoptimize) done
Event: 48.804 Executing VM operation: ParallelGCFailedAllocation (Allocation Failure)
Event: 48.807 Executing VM operation: ParallelGCFailedAllocation (Allocation Failure) done
Event: 48.865 Executing VM operation: ParallelGCFailedAllocation (Allocation Failure)
Event: 48.868 Executing VM operation: ParallelGCFailedAllocation (Allocation Failure) done
Event: 48.918 Executing VM operation: ParallelGCFailedAllocation (Allocation Failure)
Event: 48.920 Executing VM operation: ParallelGCFailedAllocation (Allocation Failure) done
Event: 48.966 Executing VM operation: ParallelGCFailedAllocation (Allocation Failure)
Event: 48.969 Executing VM operation: ParallelGCFailedAllocation (Allocation Failure) done
Event: 49.088 Executing VM operation: ParallelGCFailedAllocation (Allocation Failure)
Event: 49.090 Executing VM operation: ParallelGCFailedAllocation (Allocation Failure) done
Event: 49.186 Executing VM operation: ParallelGCFailedAllocation (Allocation Failure)

Memory protections (0 events):
No events

Nmethod flushes (20 events):
Event: 46.228 Thread 0x000001d96ad83a10 flushing  nmethod 0x000001d958610190
Event: 46.228 Thread 0x000001d96ad83a10 flushing osr nmethod 0x000001d958610810
Event: 46.228 Thread 0x000001d96ad83a10 flushing  nmethod 0x000001d958615390
Event: 46.228 Thread 0x000001d96ad83a10 flushing  nmethod 0x000001d958618d90
Event: 46.228 Thread 0x000001d96ad83a10 flushing  nmethod 0x000001d958630f90
Event: 46.228 Thread 0x000001d96ad83a10 flushing  nmethod 0x000001d95863ad90
Event: 46.228 Thread 0x000001d96ad83a10 flushing  nmethod 0x000001d95863b510
Event: 46.228 Thread 0x000001d96ad83a10 flushing  nmethod 0x000001d95865ec90
Event: 46.228 Thread 0x000001d96ad83a10 flushing  nmethod 0x000001d9586c8190
Event: 46.228 Thread 0x000001d96ad83a10 flushing  nmethod 0x000001d9586c8590
Event: 46.228 Thread 0x000001d96ad83a10 flushing  nmethod 0x000001d9586c8a10
Event: 46.228 Thread 0x000001d96ad83a10 flushing  nmethod 0x000001d9586ca810
Event: 46.228 Thread 0x000001d96ad83a10 flushing  nmethod 0x000001d9586cb490
Event: 46.228 Thread 0x000001d96ad83a10 flushing  nmethod 0x000001d9586ced90
Event: 46.228 Thread 0x000001d96ad83a10 flushing  nmethod 0x000001d9586cf190
Event: 46.228 Thread 0x000001d96ad83a10 flushing  nmethod 0x000001d9586cfa10
Event: 46.228 Thread 0x000001d96ad83a10 flushing  nmethod 0x000001d958707110
Event: 46.228 Thread 0x000001d96ad83a10 flushing  nmethod 0x000001d958709410
Event: 46.228 Thread 0x000001d96ad83a10 flushing  nmethod 0x000001d958743090
Event: 46.228 Thread 0x000001d96ad83a10 flushing  nmethod 0x000001d958743590

Events (20 events):
Event: 41.767 Thread 0x000001d971d76a60 Thread added: 0x000001d971d70e80
Event: 41.768 Thread 0x000001d971d70e80 Thread added: 0x000001d971d71510
Event: 41.768 Thread 0x000001d971d76a60 Thread added: 0x000001d971d74300
Event: 41.769 Thread 0x000001d971d70e80 Thread added: 0x000001d971d72f50
Event: 41.769 Thread 0x000001d971d76a60 Thread added: 0x000001d971d71ba0
Event: 41.769 Thread 0x000001d971d76a60 Thread added: 0x000001d971d756b0
Event: 41.771 Thread 0x000001d971d71510 Thread added: 0x000001d971d74990
Event: 42.062 Thread 0x000001d971981f60 Thread added: 0x000001d971d763d0
Event: 42.062 Thread 0x000001d971981f60 Thread added: 0x000001d971d770f0
Event: 42.063 Thread 0x000001d971981f60 Thread added: 0x000001d971d707f0
Event: 42.063 Thread 0x000001d971981f60 Thread added: 0x000001d971d72230
Event: 42.063 Thread 0x000001d971d770f0 Thread added: 0x000001d971d70160
Event: 42.063 Thread 0x000001d971d763d0 Thread added: 0x000001d971d77780
Event: 45.067 Thread 0x000001d971981f60 Thread added: 0x000001d971d75020
Event: 45.163 Thread 0x000001d971981f60 Thread added: 0x000001d971d735e0
Event: 45.314 Thread 0x000001d971981f60 Thread added: 0x000001d971d728c0
Event: 45.345 Thread 0x000001d971981f60 Thread added: 0x000001d9724799f0
Event: 45.407 Thread 0x000001d971981f60 Thread added: 0x000001d97247a080
Event: 45.434 Thread 0x000001d971981f60 Thread added: 0x000001d971982c80
Event: 45.437 Thread 0x000001d971981f60 Thread added: 0x000001d9733b1c20


Dynamic libraries:
0x00007ff736970000 - 0x00007ff73697e000 	c:\Users\narendra\.vscode\extensions\redhat.java-1.44.0-win32-x64\jre\21.0.8-win32-x86_64\bin\java.exe
0x00007ffe19410000 - 0x00007ffe19627000 	C:\WINDOWS\SYSTEM32\ntdll.dll
0x00007ffe17c40000 - 0x00007ffe17d04000 	C:\WINDOWS\System32\KERNEL32.DLL
0x00007ffe16a00000 - 0x00007ffe16db9000 	C:\WINDOWS\System32\KERNELBASE.dll
0x00007ffe16fa0000 - 0x00007ffe170b1000 	C:\WINDOWS\System32\ucrtbase.dll
0x00007ffe04050000 - 0x00007ffe0406e000 	c:\Users\narendra\.vscode\extensions\redhat.java-1.44.0-win32-x64\jre\21.0.8-win32-x86_64\bin\VCRUNTIME140.dll
0x00007ffe04030000 - 0x00007ffe04048000 	c:\Users\narendra\.vscode\extensions\redhat.java-1.44.0-win32-x64\jre\21.0.8-win32-x86_64\bin\jli.dll
0x00007ffe19220000 - 0x00007ffe193cf000 	C:\WINDOWS\System32\USER32.dll
0x00007ffe169d0000 - 0x00007ffe169f6000 	C:\WINDOWS\System32\win32u.dll
0x00007ffe17920000 - 0x00007ffe17949000 	C:\WINDOWS\System32\GDI32.dll
0x00007ffe16880000 - 0x00007ffe1699b000 	C:\WINDOWS\System32\gdi32full.dll
0x00007ffe16e80000 - 0x00007ffe16f1a000 	C:\WINDOWS\System32\msvcp_win.dll
0x00007ffe00330000 - 0x00007ffe005c2000 	C:\WINDOWS\WinSxS\amd64_microsoft.windows.common-controls_6595b64144ccf1df_6.0.22621.4387_none_27144a857381bf05\COMCTL32.dll
0x00007ffe17b90000 - 0x00007ffe17c37000 	C:\WINDOWS\System32\msvcrt.dll
0x00007ffe171b0000 - 0x00007ffe171e1000 	C:\WINDOWS\System32\IMM32.DLL
0x00007ffe04490000 - 0x00007ffe0449c000 	c:\Users\narendra\.vscode\extensions\redhat.java-1.44.0-win32-x64\jre\21.0.8-win32-x86_64\bin\vcruntime140_1.dll
0x00007ffe03fa0000 - 0x00007ffe0402d000 	c:\Users\narendra\.vscode\extensions\redhat.java-1.44.0-win32-x64\jre\21.0.8-win32-x86_64\bin\msvcp140.dll
0x00007ffda0e00000 - 0x00007ffda1b97000 	c:\Users\narendra\.vscode\extensions\redhat.java-1.44.0-win32-x64\jre\21.0.8-win32-x86_64\bin\server\jvm.dll
0x00007ffe171f0000 - 0x00007ffe172a2000 	C:\WINDOWS\System32\ADVAPI32.dll
0x00007ffe18c50000 - 0x00007ffe18cf7000 	C:\WINDOWS\System32\sechost.dll
0x00007ffe169a0000 - 0x00007ffe169c8000 	C:\WINDOWS\System32\bcrypt.dll
0x00007ffe19100000 - 0x00007ffe19214000 	C:\WINDOWS\System32\RPCRT4.dll
0x00007ffe17130000 - 0x00007ffe171a1000 	C:\WINDOWS\System32\WS2_32.dll
0x00007ffe15f50000 - 0x00007ffe15f9d000 	C:\WINDOWS\SYSTEM32\POWRPROF.dll
0x00007ffe0f7a0000 - 0x00007ffe0f7d4000 	C:\WINDOWS\SYSTEM32\WINMM.dll
0x00007ffe0fe20000 - 0x00007ffe0fe2a000 	C:\WINDOWS\SYSTEM32\VERSION.dll
0x00007ffe15f00000 - 0x00007ffe15f13000 	C:\WINDOWS\SYSTEM32\UMPDC.dll
0x00007ffe15710000 - 0x00007ffe15728000 	C:\WINDOWS\SYSTEM32\kernel.appcore.dll
0x00007ffe03f90000 - 0x00007ffe03f9a000 	c:\Users\narendra\.vscode\extensions\redhat.java-1.44.0-win32-x64\jre\21.0.8-win32-x86_64\bin\jimage.dll
0x00007ffe14020000 - 0x00007ffe14252000 	C:\WINDOWS\SYSTEM32\DBGHELP.DLL
0x00007ffe18020000 - 0x00007ffe183af000 	C:\WINDOWS\System32\combase.dll
0x00007ffe17d20000 - 0x00007ffe17df7000 	C:\WINDOWS\System32\OLEAUT32.dll
0x00007ffdfb170000 - 0x00007ffdfb1a2000 	C:\WINDOWS\SYSTEM32\dbgcore.DLL
0x00007ffe16f20000 - 0x00007ffe16f9b000 	C:\WINDOWS\System32\bcryptPrimitives.dll
0x00007ffe03eb0000 - 0x00007ffe03ebf000 	c:\Users\narendra\.vscode\extensions\redhat.java-1.44.0-win32-x64\jre\21.0.8-win32-x86_64\bin\instrument.dll
0x00007ffe03f70000 - 0x00007ffe03f8f000 	c:\Users\narendra\.vscode\extensions\redhat.java-1.44.0-win32-x64\jre\21.0.8-win32-x86_64\bin\java.dll
0x00007ffe183b0000 - 0x00007ffe18c26000 	C:\WINDOWS\System32\SHELL32.dll
0x00007ffe14600000 - 0x00007ffe14f03000 	C:\WINDOWS\SYSTEM32\windows.storage.dll
0x00007ffe144c0000 - 0x00007ffe145ff000 	C:\WINDOWS\SYSTEM32\wintypes.dll
0x00007ffe18f20000 - 0x00007ffe19019000 	C:\WINDOWS\System32\SHCORE.dll
0x00007ffe17440000 - 0x00007ffe1749e000 	C:\WINDOWS\System32\shlwapi.dll
0x00007ffe16640000 - 0x00007ffe1666b000 	C:\WINDOWS\SYSTEM32\profapi.dll
0x00007ffe03f50000 - 0x00007ffe03f68000 	c:\Users\narendra\.vscode\extensions\redhat.java-1.44.0-win32-x64\jre\21.0.8-win32-x86_64\bin\zip.dll
0x00007ffe03f40000 - 0x00007ffe03f50000 	C:\Users\narendra\.vscode\extensions\redhat.java-1.44.0-win32-x64\jre\21.0.8-win32-x86_64\bin\net.dll
0x00007ffe0fb30000 - 0x00007ffe0fc66000 	C:\WINDOWS\SYSTEM32\WINHTTP.dll
0x00007ffe15c00000 - 0x00007ffe15c69000 	C:\WINDOWS\system32\mswsock.dll
0x00007ffe03f20000 - 0x00007ffe03f36000 	C:\Users\narendra\.vscode\extensions\redhat.java-1.44.0-win32-x64\jre\21.0.8-win32-x86_64\bin\nio.dll
0x00007ffe12360000 - 0x00007ffe12370000 	c:\Users\narendra\.vscode\extensions\redhat.java-1.44.0-win32-x64\jre\21.0.8-win32-x86_64\bin\verify.dll
0x00007ffe03d90000 - 0x00007ffe03dd5000 	C:\Users\narendra\AppData\Roaming\Code\User\globalStorage\redhat.java\1.44.0\config_win\org.eclipse.equinox.launcher\org.eclipse.equinox.launcher.win32.win32.x86_64_1.2.1400.v20250730-1736\eclipse_11913.dll
0x00007ffe17e70000 - 0x00007ffe18015000 	C:\WINDOWS\System32\ole32.dll
0x00007ffe15e20000 - 0x00007ffe15e3b000 	C:\WINDOWS\SYSTEM32\CRYPTSP.dll
0x00007ffe15670000 - 0x00007ffe156a5000 	C:\WINDOWS\system32\rsaenh.dll
0x00007ffe15cc0000 - 0x00007ffe15ce8000 	C:\WINDOWS\SYSTEM32\USERENV.dll
0x00007ffe15e40000 - 0x00007ffe15e4c000 	C:\WINDOWS\SYSTEM32\CRYPTBASE.dll
0x00007ffe15170000 - 0x00007ffe1519d000 	C:\WINDOWS\SYSTEM32\IPHLPAPI.DLL
0x00007ffe17e60000 - 0x00007ffe17e69000 	C:\WINDOWS\System32\NSI.dll
0x00007ffe03240000 - 0x00007ffe03289000 	C:\Users\narendra\AppData\Local\Temp\jna-1984495243\jna4303061680439321534.dll
0x00007ffe18d00000 - 0x00007ffe18d08000 	C:\WINDOWS\System32\PSAPI.DLL
0x00007ffe0fe30000 - 0x00007ffe0fe49000 	C:\WINDOWS\SYSTEM32\dhcpcsvc6.DLL
0x00007ffe0fad0000 - 0x00007ffe0faef000 	C:\WINDOWS\SYSTEM32\dhcpcsvc.DLL

JVMTI agents:
c:\Users\narendra\.vscode\extensions\redhat.java-1.44.0-win32-x64\lombok\lombok-1.18.39-4050.jar path:c:\Users\narendra\.vscode\extensions\redhat.java-1.44.0-win32-x64\jre\21.0.8-win32-x86_64\bin\instrument.dll, loaded, initialized, instrumentlib options:none

dbghelp: loaded successfully - version: 4.0.5 - missing functions: none
symbol engine: initialized successfully - sym options: 0x614 - pdb path: .;c:\Users\narendra\.vscode\extensions\redhat.java-1.44.0-win32-x64\jre\21.0.8-win32-x86_64\bin;C:\WINDOWS\SYSTEM32;C:\WINDOWS\WinSxS\amd64_microsoft.windows.common-controls_6595b64144ccf1df_6.0.22621.4387_none_27144a857381bf05;c:\Users\narendra\.vscode\extensions\redhat.java-1.44.0-win32-x64\jre\21.0.8-win32-x86_64\bin\server;C:\Users\narendra\AppData\Roaming\Code\User\globalStorage\redhat.java\1.44.0\config_win\org.eclipse.equinox.launcher\org.eclipse.equinox.launcher.win32.win32.x86_64_1.2.1400.v20250730-1736;C:\Users\narendra\AppData\Local\Temp\jna-1984495243

VM Arguments:
jvm_args: --add-modules=ALL-SYSTEM --add-opens=java.base/java.util=ALL-UNNAMED --add-opens=java.base/java.lang=ALL-UNNAMED --add-opens=java.base/sun.nio.fs=ALL-UNNAMED -Declipse.application=org.eclipse.jdt.ls.core.id1 -Dosgi.bundles.defaultStartLevel=4 -Declipse.product=org.eclipse.jdt.ls.core.product -Djava.import.generatesMetadataFilesAtProjectRoot=false -DDetectVMInstallationsJob.disabled=true -Dfile.encoding=utf8 -XX:+UseParallelGC -XX:GCTimeRatio=4 -XX:AdaptiveSizePolicyWeight=90 -Dsun.zip.disableMemoryMapping=true -Xmx2G -Xms100m -Xlog:disable -javaagent:c:\Users\narendra\.vscode\extensions\redhat.java-1.44.0-win32-x64\lombok\lombok-1.18.39-4050.jar -XX:+HeapDumpOnOutOfMemoryError -XX:HeapDumpPath=c:\Users\narendra\AppData\Roaming\Code\User\workspaceStorage\6feff0a632fff3dcab2f0f7fe0a67b9f\redhat.java -Daether.dependencyCollector.impl=bf 
java_command: c:\Users\narendra\.vscode\extensions\redhat.java-1.44.0-win32-x64\server\plugins\org.eclipse.equinox.launcher_1.7.0.v20250519-0528.jar -configuration c:\Users\narendra\AppData\Roaming\Code\User\globalStorage\redhat.java\1.44.0\config_win -data c:\Users\narendra\AppData\Roaming\Code\User\workspaceStorage\6feff0a632fff3dcab2f0f7fe0a67b9f\redhat.java\jdt_ws --pipe=\\.\pipe\lsp-0bae24250e238bdff021640702077451-sock
java_class_path (initial): c:\Users\narendra\.vscode\extensions\redhat.java-1.44.0-win32-x64\server\plugins\org.eclipse.equinox.launcher_1.7.0.v20250519-0528.jar
Launcher Type: SUN_STANDARD

[Global flags]
    uintx AdaptiveSizePolicyWeight                 = 90                                        {product} {command line}
     intx CICompilerCount                          = 4                                         {product} {ergonomic}
    uintx GCTimeRatio                              = 4                                         {product} {command line}
     bool HeapDumpOnOutOfMemoryError               = true                                   {manageable} {command line}
    ccstr HeapDumpPath                             = c:\Users\narendra\AppData\Roaming\Code\User\workspaceStorage\6feff0a632fff3dcab2f0f7fe0a67b9f\redhat.java         {manageable} {command line}
   size_t InitialHeapSize                          = 104857600                                 {product} {command line}
   size_t MaxHeapSize                              = 2147483648                                {product} {command line}
   size_t MaxNewSize                               = 715653120                                 {product} {ergonomic}
   size_t MinHeapDeltaBytes                        = 524288                                    {product} {ergonomic}
   size_t MinHeapSize                              = 104857600                                 {product} {command line}
   size_t NewSize                                  = 34603008                                  {product} {ergonomic}
    uintx NonNMethodCodeHeapSize                   = 5839372                                {pd product} {ergonomic}
    uintx NonProfiledCodeHeapSize                  = 122909434                              {pd product} {ergonomic}
   size_t OldSize                                  = 70254592                                  {product} {ergonomic}
    uintx ProfiledCodeHeapSize                     = 122909434                              {pd product} {ergonomic}
    uintx ReservedCodeCacheSize                    = 251658240                              {pd product} {ergonomic}
     bool SegmentedCodeCache                       = true                                      {product} {ergonomic}
   size_t SoftMaxHeapSize                          = 2147483648                             {manageable} {ergonomic}
     bool UseCompressedOops                        = true                           {product lp64_product} {ergonomic}
     bool UseLargePagesIndividualAllocation        = false                                  {pd product} {ergonomic}
     bool UseParallelGC                            = true                                      {product} {command line}

Logging:
Log output configuration:
 #0: stdout all=off uptime,level,tags foldmultilines=false
 #1: stderr all=off uptime,level,tags foldmultilines=false

Environment Variables:
JAVA_HOME=C:\Users\narendra\AppData\Local\Programs\Eclipse Adoptium\jdk-17.0.7.7-hotspot\
PATH=D:\src\flutter\bin;C:\Program Files\NVIDIA GPU Computing Toolkit\CUDA\v11.8\bin;C:\Program Files\NVIDIA GPU Computing Toolkit\CUDA\v11.8\libnvvp;C:\Program Files\NVIDIA GPU Computing Toolkit\CUDA\v12.4\bin;C:\Program Files\NVIDIA GPU Computing Toolkit\CUDA\v12.4\libnvvp;C:\Python312\Scripts\;C:\Python312\;C:\Windows\system32;C:\Windows;C:\Windows\System32\Wbem;C:\Windows\System32\WindowsPowerShell\v1.0\;C:\Windows\System32\OpenSSH\;C:\Program Files (x86)\NVIDIA Corporation\PhysX\Common;C:\Program Files\NVIDIA Corporation\NVIDIA NvDLISR;C:\WINDOWS\system32;C:\WINDOWS;C:\WINDOWS\System32\Wbem;C:\WINDOWS\System32\WindowsPowerShell\v1.0\;C:\WINDOWS\System32\OpenSSH\;C:\MinGW\bin;C:\Program Files\dotnet\;C:\Program Files\MySQL\MySQL Server 8.0\bin;C:\ProgramData\chocolatey\bin;C:\Program Files\Microsoft SQL Server\130\Tools\Binn\;C:\Program Files\Cloudflare\Cloudflare WARP\;C:\Program Files\Git\cmd;C:\Program Files\NVIDIA GPU Computing Toolkit\CUDA\v12.4\bin;C:\Program Files\NVIDIA GPU Computing Toolkit\CUDA\v12.4\libnvvp;C:\Program Files\NVIDIA GPU Computing Toolkit\CUDA\v12.4\extras\CUPTI\lib64;C:\Program Files\Google Protobuf\bin;C:\Program Files\NVIDIA Corporation\Nsight Compute 2022.3.0\;C:\xampp\php;C:\ProgramData\ComposerSetup\bin;C:\Program Files\nodejs\;C:\Users\narendra\AppData\Local\Android\Sdk\platform-tools;C:\Users\narendra\AppData\Local\Android\Sdk\emulator;C:\Program Files\MySQL\MySQL Shell 8.1\bin\;C:\Users\narendra\AppData\Local\Programs\Eclipse Adoptium\jdk-17.0.7.7-hotspot\bin;C:\Program Files\MySQL\MySQL Shell 8.0\bin\;C:\Users\narendra\AppData\Local\Microsoft\WindowsApps;C:\Users\narendra\AppData\Local\Programs\Microsoft VS Code\bin;C:\Program Files\MongoDB\Server\7.0\bin;C:\Program Files\MongoDB\mongosh\mongosh-2.0.1-win32-x64\bin;C:\Users\narendra\AppData\Roaming\Composer\vendor\bin;C:\Users\narendra\AppData\Local\GitHubDesktop\bin;C:\Users\narendra\AppData\Roaming\npm;C:\Users\narendra\AppData\Roaming\Python\Python312\Scripts;
USERNAME=narendra
OS=Windows_NT
PROCESSOR_IDENTIFIER=Intel64 Family 6 Model 158 Stepping 10, GenuineIntel
TMP=C:\Users\narendra\AppData\Local\Temp
TEMP=C:\Users\narendra\AppData\Local\Temp




Periodic native trim disabled

---------------  S Y S T E M  ---------------

OS:
 Windows 11 , 64 bit Build 22621 (10.0.22621.4387)
OS uptime: 0 days 3:50 hours
Hyper-V role detected

CPU: total 8 (initial active 8) (4 cores per cpu, 2 threads per core) family 6 model 158 stepping 10 microcode 0xde, cx8, cmov, fxsr, ht, mmx, 3dnowpref, sse, sse2, sse3, ssse3, sse4.1, sse4.2, popcnt, lzcnt, tsc, tscinvbit, avx, avx2, aes, erms, clmul, bmi1, bmi2, adx, fma, vzeroupper, clflush, clflushopt, hv, rdtscp, f16c
Processor Information for the first 8 processors :
  Max Mhz: 2400, Current Mhz: 2400, Mhz Limit: 2400

Memory: 4k page, system-wide physical 8043M (265M free)
TotalPageFile size 32619M (AvailPageFile size 41M)
current process WorkingSet (physical memory assigned to process): 404M, peak: 407M
current process commit charge ("private bytes"): 434M, peak: 1649M

vm_info: OpenJDK 64-Bit Server VM (21.0.8+9-LTS) for windows-amd64 JRE (21.0.8+9-LTS), built on 2025-07-15T00:00:00Z by "admin" with MS VC++ 17.7 (VS2022)

END.
